"C:/Users/Kacper Misiek/Desktop/ProjektCplusplus/HereTheyCome/Content/PuzzleBP/PuzzleOverview.uasset" 0
"../../../Engine/Content/EditorBlueprintResources/StandardMacros.uasset" 1
"C:/Users/Kacper Misiek/Desktop/ProjektCplusplus/HereTheyCome/Content/PuzzleBP/Blueprints/PuzzleBlockGrid.uasset" 2
"C:/Users/Kacper Misiek/Desktop/ProjektCplusplus/HereTheyCome/Content/Puzzle/Meshes/BaseMaterial.uasset" 3
"C:/Users/Kacper Misiek/Desktop/ProjektCplusplus/HereTheyCome/Content/Puzzle/Meshes/BlueMaterial.uasset" 4
"C:/Users/Kacper Misiek/Desktop/ProjektCplusplus/HereTheyCome/Content/Puzzle/Meshes/OrangeMaterial.uasset" 5
"../../../Engine/Content/Functions/Engine_MaterialFunctions01/Opacity/CameraDepthFade.uasset" 6
"../../../Engine/Content/EngineMaterials/T_Default_Material_Grid_M.uasset" 7
"../../../Engine/Content/EngineMaterials/T_Default_Material_Grid_N.uasset" 8
"../../../Engine/Content/EngineMaterials/WorldGridMaterial.uasset" 9
"C:/Users/Kacper Misiek/Desktop/ProjektCplusplus/HereTheyCome/Content/Puzzle/Meshes/PuzzleCube.uasset" 10
"C:/Users/Kacper Misiek/Desktop/ProjektCplusplus/HereTheyCome/Content/PuzzleBP/Blueprints/PuzzleBlock.uasset" 11
"C:/Users/Kacper Misiek/Desktop/ProjektCplusplus/HereTheyCome/Content/PuzzleBP/Blueprints/PuzzlePlayerCharacter.uasset" 12
"C:/Users/Kacper Misiek/Desktop/ProjektCplusplus/HereTheyCome/Content/PuzzleBP/Blueprints/PuzzlePlayerController.uasset" 13
"C:/Users/Kacper Misiek/Desktop/ProjektCplusplus/HereTheyCome/Content/PuzzleBP/Blueprints/PuzzleGameMode.uasset" 14
"../../../Engine/Content/Animation/DefaultAnimBoneCompressionSettings.uasset" 15
"../../../Engine/Content/Animation/DefaultAnimCurveCompressionSettings.uasset" 16
"../../../Engine/Content/ArtTools/RenderToTexture/Meshes/S_1_Unit_Plane.uasset" 17
"../../../Engine/Content/EngineMaterials/DefaultMaterial.uasset" 18
"../../../Engine/Content/BasicShapes/Cone.uasset" 19
"../../../Engine/Content/BasicShapes/Cylinder.uasset" 20
"../../../Engine/Content/BasicShapes/Plane.uasset" 21
"../../../Engine/Content/BasicShapes/Sphere.uasset" 22
"../../../Engine/Content/EditorLandscapeResources/DataLayer.uasset" 23
"../../../Engine/Content/EditorMaterials/MAT_Groups_Toggle.uasset" 24
"../../../Engine/Content/EditorMaterials/MAT_Groups_Visibility.uasset" 25
"../../../Engine/Content/EditorMaterials/PreviewShadowIndicator.uasset" 26
"../../../Engine/Content/EditorMaterials/PreviewShadowIndicatorMaterial.uasset" 27
"../../../Engine/Content/EditorMaterials/MatineeGroups/MAT_ColorTrack.uasset" 28
"../../../Engine/Content/EditorMaterials/MatineeGroups/MAT_Groups_Anim.uasset" 29
"../../../Engine/Content/EditorMaterials/MatineeGroups/MAT_Groups_AudioMaster.uasset" 30
"../../../Engine/Content/EditorMaterials/MatineeGroups/MAT_Groups_Director.uasset" 31
"../../../Engine/Content/EditorMaterials/MatineeGroups/MAT_Groups_Event.uasset" 32
"../../../Engine/Content/EditorMaterials/MatineeGroups/MAT_Groups_Fade.uasset" 33
"../../../Engine/Content/EditorMaterials/MatineeGroups/MAT_Groups_Float.uasset" 34
"../../../Engine/Content/EditorMaterials/MatineeGroups/MAT_Groups_Move.uasset" 35
"../../../Engine/Content/EditorMaterials/MatineeGroups/MAT_Groups_Slomo.uasset" 36
"../../../Engine/Content/EditorMaterials/MatineeGroups/MAT_Groups_Sound.uasset" 37
"../../../Engine/Content/EditorMaterials/MatineeGroups/MAT_Groups_Vector.uasset" 38
"../../../Engine/Content/EditorMaterials/ParticleSystems/PSysThumbnail_NoImage.uasset" 39
"../../../Engine/Content/EditorMaterials/ParticleSystems/PSysThumbnail_OOD.uasset" 40
"../../../Engine/Content/EditorMaterials/Camera/CineMat.uasset" 41
"../../../Engine/Content/EditorMaterials/Camera/MI_CineMat_Rig.uasset" 42
"../../../Engine/Content/EditorMeshes/Camera/SM_CraneRig_Arm.uasset" 43
"../../../Engine/Content/EditorMeshes/Camera/SM_CraneRig_Base.uasset" 44
"../../../Engine/Content/EditorMeshes/Camera/SM_CraneRig_Body.uasset" 45
"../../../Engine/Content/EditorMeshes/Camera/SM_CraneRig_Mount.uasset" 46
"../../../Engine/Content/EditorMeshes/Camera/SM_RailRig_Mount.uasset" 47
"../../../Engine/Content/EditorMeshes/Camera/SM_RailRig_Track.uasset" 48
"../../../Engine/Content/EditorResources/BSPVertex.uasset" 49
"../../../Engine/Content/EditorResources/EmptyActor.uasset" 50
"../../../Engine/Content/EditorResources/S_Actor.uasset" 51
"../../../Engine/Content/EditorResources/S_Note.uasset" 52
"../../../Engine/Content/EditorResources/S_Solver.uasset" 53
"../../../Engine/Content/EditorResources/S_Trigger.uasset" 54
"../../../Engine/Content/EditorResources/AudioIcons/S_AudioComponent_AutoActivate.uasset" 55
"../../../Engine/Content/EditorResources/LightIcons/S_LightError.uasset" 56
"../../../Engine/Content/EditorResources/SequenceRecorder/Countdown.uasset" 57
"../../../Engine/Content/EditorResources/SequenceRecorder/RecordingIndicator.uasset" 58
"../../../Engine/Content/EditorSounds/Notifications/CompileFailed.uasset" 59
"../../../Engine/Content/EditorSounds/Notifications/CompileFailed_Cue.uasset" 60
"../../../Engine/Content/EditorSounds/Notifications/CompileSuccess.uasset" 61
"../../../Engine/Content/EditorSounds/Notifications/CompileStart_Cue.uasset" 62
"../../../Engine/Content/EditorSounds/Notifications/CompileSuccess_Cue.uasset" 63
"../../../Engine/Content/EngineDamageTypes/DmgTypeBP_Environmental.uasset" 64
"../../../Engine/Content/EngineDebugMaterials/DebugEditorMaterial.uasset" 65
"../../../Engine/Content/EngineDebugMaterials/DebugMeshMaterial.uasset" 66
"../../../Engine/Content/EngineDebugMaterials/M_SimpleUnlitTranslucent.uasset" 67
"../../../Engine/Content/Functions/Engine_MaterialFunctions02/Utility/CameraDirectionVector.uasset" 68
"../../../Engine/Content/EngineDebugMaterials/VolumeToRender.uasset" 69
"../../../Engine/Content/EngineDebugMaterials/M_VolumeRenderSphereTracePP.uasset" 70
"../../../Engine/Content/EngineDebugMaterials/WireframeMaterial.uasset" 71
"../../../Engine/Content/EngineFonts/Faces/DroidSansFallback.uasset" 72
"../../../Engine/Content/EngineFonts/Faces/RobotoBold.uasset" 73
"../../../Engine/Content/EngineFonts/Faces/RobotoBoldItalic.uasset" 74
"../../../Engine/Content/EngineFonts/Faces/RobotoItalic.uasset" 75
"../../../Engine/Content/EngineFonts/Faces/RobotoLight.uasset" 76
"../../../Engine/Content/EngineFonts/Faces/RobotoRegular.uasset" 77
"../../../Engine/Content/EngineFonts/Roboto.uasset" 78
"../../../Engine/Content/EngineMaterials/BaseFlattenDiffuseMap.uasset" 79
"../../../Engine/Content/EngineMaterials/BaseFlattenEmissiveMap.uasset" 80
"../../../Engine/Content/EngineMaterials/BaseFlattenGrayscaleMap.uasset" 81
"../../../Engine/Content/EngineMaterials/BaseFlattenNormalMap.uasset" 82
"../../../Engine/Content/EngineMaterials/BaseFlattenMaterial.uasset" 83
"../../../Engine/Content/EngineMaterials/BlueNoise.uasset" 84
"../../../Engine/Content/EngineMaterials/DefaultBloomKernel.uasset" 85
"../../../Engine/Content/EngineMaterials/DefaultBokeh.uasset" 86
"../../../Engine/Content/EngineMaterials/DefaultDiffuse.uasset" 87
"../../../Engine/Content/EngineMaterials/DefaultDeferredDecalMaterial.uasset" 88
"../../../Engine/Content/EngineMaterials/DefaultLightFunctionMaterial.uasset" 89
"../../../Engine/Content/Functions/Engine_MaterialFunctions02/Utility/BreakOutFloat2Components.uasset" 90
"../../../Engine/Content/EngineMaterials/DefaultPostProcessMaterial.uasset" 91
"../../../Engine/Content/EngineFonts/RobotoDistanceField.uasset" 92
"../../../Engine/Content/EngineMaterials/DefaultTextMaterialOpaque.uasset" 93
"../../../Engine/Content/EngineMaterials/DefaultWhiteGrid.uasset" 94
"../../../Engine/Content/EngineMaterials/DefaultWhiteGrid_Low.uasset" 95
"../../../Engine/Content/EngineMaterials/EmissiveMeshMaterial.uasset" 96
"../../../Engine/Content/EngineMaterials/GizmoMaterial.uasset" 97
"../../../Engine/Content/EngineMaterials/Good64x64TilingNoiseHighFreq.uasset" 98
"../../../Engine/Content/EngineMaterials/MiniFont.uasset" 99
"../../../Engine/Content/EngineMaterials/InvalidLightmapSettings.uasset" 100
"../../../Engine/Content/EngineMaterials/M_InvalidLightmapSettings.uasset" 101
"../../../Engine/Content/Functions/Engine_MaterialFunctions02/WorldPositionOffset/CameraOffset.uasset" 102
"../../../Engine/Content/EngineMaterials/PhAT_JointLimitMaterial.uasset" 103
"../../../Engine/Content/EngineMaterials/PreintegratedSkinBRDF.uasset" 104
"../../../Engine/Content/EngineMaterials/RemoveSurfaceMaterial.uasset" 105
"../../../Engine/Content/EngineResources/WhiteSquareTexture.uasset" 106
"../../../Engine/Content/EngineMaterials/Widget3DPassThrough.uasset" 107
"../../../Engine/Content/EngineMaterials/Widget3DPassThrough_Masked.uasset" 108
"../../../Engine/Content/EngineMaterials/Widget3DPassThrough_Opaque.uasset" 109
"../../../Engine/Content/EngineMaterials/Widget3DPassThrough_Masked_OneSided.uasset" 110
"../../../Engine/Content/EngineMaterials/Widget3DPassThrough_Opaque_OneSided.uasset" 111
"../../../Engine/Content/EngineMaterials/Widget3DPassThrough_Translucent.uasset" 112
"../../../Engine/Content/EngineMaterials/Widget3DPassThrough_Translucent_OneSided.uasset" 113
"../../../Engine/Content/EngineMeshes/Cube.uasset" 114
"../../../Engine/Content/EngineMeshes/Cylinder.uasset" 115
"../../../Engine/Content/EngineMeshes/Sphere.uasset" 116
"../../../Engine/Content/EngineResources/Black.uasset" 117
"../../../Engine/Content/EngineResources/DefaultTextureCube.uasset" 118
"../../../Engine/Content/EngineResources/DefaultVolumeTexture2D.uasset" 119
"../../../Engine/Content/EngineResources/DefaultVolumeTexture.uasset" 120
"../../../Engine/Content/EngineResources/GradientTexture0.uasset" 121
"../../../Engine/Content/EngineSounds/Master.uasset" 122
"../../../Engine/Content/Functions/Engine_MaterialFunctions01/Shading/PowerToRoughness.uasset" 123
"../../../Engine/Content/Maps/Templates/Thumbnails/Default.uasset" 124
"../../../Engine/Content/Maps/Templates/Thumbnails/TimeOfDay.uasset" 125
"../../../Engine/Content/Maps/Templates/Thumbnails/VR-Basic.uasset" 126
"../../../Engine/Content/MobileResources/T_MobileControls_texture.uasset" 127
"../../../Engine/Content/MobileResources/T_MobileMenu2.uasset" 128
"../../../Engine/Content/MobileResources/HUD/AnalogHat.uasset" 129
"../../../Engine/Content/MobileResources/HUD/VirtualJoystick_Background.uasset" 130
"../../../Engine/Content/MobileResources/HUD/VirtualJoystick_Thumb.uasset" 131
"../../../Engine/Content/MobileResources/HUD/DefaultVirtualJoysticks.uasset" 132
"../../../Engine/Content/MobileResources/HUD/LeftVirtualJoystickOnly.uasset" 133
"../../../Engine/Content/MobileResources/HUD/MobileHUDButton1_off.uasset" 134
"../../../Engine/Content/MobileResources/HUD/MobileHUDButton1_on.uasset" 135
"../../../Engine/Content/MobileResources/HUD/MobileHUDButton2_off.uasset" 136
"../../../Engine/Content/MobileResources/HUD/MobileHUDButton2_on.uasset" 137
"../../../Engine/Content/MobileResources/HUD/MobileHUDButton3.uasset" 138
"../../../Engine/Content/MobileResources/HUD/MobileHUDButtonFire.uasset" 139
"../../../Engine/Content/MobileResources/HUD/MobileHUDDirectionPad.uasset" 140
"../../../Engine/Content/MobileResources/HUD/MobileHUDDirectionPad2.uasset" 141
"../../../Engine/Content/MobileResources/HUD/MobileHUDDirectionPad3.uasset" 142
"../../../Engine/Content/MobileResources/HUD/MobileHUDDirectionStick.uasset" 143
"../../../Engine/Content/MobileResources/HUD/T_Castle_ThumbstickInner.uasset" 144
"../../../Engine/Content/MobileResources/HUD/T_Castle_ThumbstickOutter.uasset" 145
"../../../Engine/Content/Tutorial/ContentIntroCurve.uasset" 146
"../../../Engine/Content/Tutorial/Basics/LevelEditorAttract.uasset" 147
"../../../Engine/Content/Tutorial/Basics/TutorialAssets/icon_tab_Levels_40x.uasset" 148
"../../../Engine/Content/Tutorial/Basics/LevelEditorOverview.uasset" 149
"../../../Engine/Content/Tutorial/BlueprintTutorials/TutorialAssets/Blueprint_64x.uasset" 150
"../../../Engine/Content/Tutorial/BlueprintTutorials/BlueprintEditorTutorial.uasset" 151
"../../../Engine/Content/Tutorial/BlueprintTutorials/LevelBlueprintEditorOverview.uasset" 152
"../../../Engine/Content/Tutorial/Code/AddingCode.uasset" 153
"../../../Engine/Content/Tutorial/Landscape/TutorialAssets/Landscape.uasset" 154
"../../../Engine/Content/Tutorial/Landscape/LandscapeWalkThrough.uasset" 155
"../../../Engine/Content/Tutorial/Landscape/Landscape_Manage_Mode.uasset" 156
"../../../Engine/Content/Tutorial/Landscape/Landscape_Painting_Mode.uasset" 157
"../../../Engine/Content/Tutorial/Landscape/Landscape_Sculpt_Mode.uasset" 158
"../../../Engine/Content/Tutorial/SubEditors/StaticMeshEditorTutorial.uasset" 159
"../../../Engine/Content/VREditor/LaserPointer/VR_LaserPower_01.uasset" 160
"../../../Engine/Content/VREditor/TransformGizmo/TransformGizmoMaterial.uasset" 161
"../../../Engine/Content/VREditor/TransformGizmo/TranslucentTransformGizmoMaterial.uasset" 162
"../../../Engine/Content/VREditor/TransformGizmo/BoundingBoxCorner.uasset" 163
"../../../Engine/Content/VREditor/TransformGizmo/BoundingBoxEdge.uasset" 164
"../../../Engine/Content/VREditor/TransformGizmo/PlaneTranslationHandle.uasset" 165
"../../../Engine/Content/VREditor/TransformGizmo/Main.uasset" 166
"../../../Engine/Content/VREditor/TransformGizmo/Xray.uasset" 167
"../../../Engine/Content/VREditor/TransformGizmo/SM_Sequencer_Key.uasset" 168
"../../../Engine/Content/VREditor/TransformGizmo/SM_Sequencer_Node.uasset" 169
"../../Plugins/2D/Paper2D/Content/PlaceholderTextures/DummySpriteTexture.uasset" 170
"../../Plugins/2D/Paper2D/Content/DummySprite.uasset" 171
"../../Plugins/2D/Paper2D/Content/DefaultPaperTerrainMaterial.uasset" 172
"../../Plugins/2D/Paper2D/Content/DefaultSpriteMaterial.uasset" 173
"../../Plugins/2D/Paper2D/Content/MaskedUnlitSpriteMaterial.uasset" 174
"../../Plugins/2D/Paper2D/Content/OpaqueUnlitSpriteMaterial.uasset" 175
"../../Plugins/FX/Niagara/Content/Enums/ENiagaraBooleanLogicOps.uasset" 176
"../../Plugins/FX/Niagara/Content/Enums/ENiagaraCoordinateSpace.uasset" 177
"../../Plugins/FX/Niagara/Content/Enums/ENiagaraExpansionMode.uasset" 178
"../../Plugins/FX/Niagara/Content/Enums/ENiagaraOrientationAxis.uasset" 179
"../../Plugins/FX/Niagara/Content/Enums/ENiagaraRandomnessMode.uasset" 180
"../../../Engine/Content/Functions/Engine_MaterialFunctions02/Utility/BreakOutFloat4Components.uasset" 181
"../../../Engine/Content/Functions/Engine_MaterialFunctions02/Utility/MakeFloat2.uasset" 182
"../../../Engine/Content/Functions/Engine_MaterialFunctions02/Utility/MakeFloat3.uasset" 183
"../../Plugins/Runtime/Oculus/OculusVR/Content/Materials/OculusMR_ChromaKey.uasset" 184
"../../Plugins/Runtime/Oculus/OculusVR/Content/Materials/OculusMR_ChromaKey_Lit.uasset" 185
"../../Plugins/Runtime/Oculus/OculusVR/Content/Materials/OculusMR_OpaqueColoredMaterial.uasset" 186
"../../Plugins/Runtime/Oculus/OculusVR/Content/Materials/OculusMR_WhiteMaterial.uasset" 187
"C:/Users/Kacper Misiek/Desktop/ProjektCplusplus/HereTheyCome/Content/images/instructions_background.uasset" 188
"C:/Users/Kacper Misiek/Desktop/ProjektCplusplus/HereTheyCome/Content/VillageDefense/UI/Instructions_widget.uasset" 189
"C:/Users/Kacper Misiek/Desktop/ProjektCplusplus/HereTheyCome/Content/PuzzleBP/Maps/InstructionLevel.umap" 190
"C:/Users/Kacper Misiek/Desktop/ProjektCplusplus/HereTheyCome/Content/images/Main_menu.uasset" 191
"C:/Users/Kacper Misiek/Desktop/ProjektCplusplus/HereTheyCome/Content/VillageDefense/UI/MainMenu_Widget.uasset" 192
"C:/Users/Kacper Misiek/Desktop/ProjektCplusplus/HereTheyCome/Content/PuzzleBP/Maps/MainLevel.umap" 193
"C:/Users/Kacper Misiek/Desktop/ProjektCplusplus/HereTheyCome/Content/InfinityBladeAdversaries/Enemy/Enemy_Master_Grunt/SK_Master_Grunt_Skeleton.uasset" 194
"C:/Users/Kacper Misiek/Desktop/ProjektCplusplus/HereTheyCome/Content/InfinityBladeAdversaries/Enemy/Enemy_Master_Grunt/Enemy_Master_Grunt_Animation/ExoGame_MasterGrunt_Walk_Fwd.uasset" 195
"C:/Users/Kacper Misiek/Desktop/ProjektCplusplus/HereTheyCome/Content/VillageDefense/Enemy/HeavilyArmoredEnemy_AnimationBP.uasset" 196
"C:/Users/Kacper Misiek/Desktop/ProjektCplusplus/HereTheyCome/Content/AdvancedVillagePack/Textures/T_Pack_11_Leafs_DO.uasset" 197
"C:/Users/Kacper Misiek/Desktop/ProjektCplusplus/HereTheyCome/Content/AdvancedVillagePack/Materials/M_Pfx_TranslucentLit.uasset" 198
"C:/Users/Kacper Misiek/Desktop/ProjektCplusplus/HereTheyCome/Content/AdvancedVillagePack/Textures/Effects/T_Pfx_Smoke.uasset" 199
"C:/Users/Kacper Misiek/Desktop/ProjektCplusplus/HereTheyCome/Content/AdvancedVillagePack/Materials/M_Inst_Pfx_SmokeChimney.uasset" 200
"C:/Users/Kacper Misiek/Desktop/ProjektCplusplus/HereTheyCome/Content/AdvancedVillagePack/Effects/Pfx_SmokeChimney.uasset" 201
"C:/Users/Kacper Misiek/Desktop/ProjektCplusplus/HereTheyCome/Content/InfinityBladeAdversaries/Enemy/Enemy_Master_Grunt/Textures/T_Master_Grunt_N.uasset" 202
"C:/Users/Kacper Misiek/Desktop/ProjektCplusplus/HereTheyCome/Content/InfinityBladeAdversaries/Enemy/Enemy_Master_Grunt/Textures/T_Master_Grunt_D.uasset" 203
"C:/Users/Kacper Misiek/Desktop/ProjektCplusplus/HereTheyCome/Content/InfinityBladeAdversaries/Enemy/Enemy_Master_Grunt/Textures/T_Master_Grunt_M.uasset" 204
"C:/Users/Kacper Misiek/Desktop/ProjektCplusplus/HereTheyCome/Content/InfinityBladeAdversaries/Enemy/Enemy_Master_Grunt/Materials/CharM_Master_Grunt.uasset" 205
"C:/Users/Kacper Misiek/Desktop/ProjektCplusplus/HereTheyCome/Content/InfinityBladeAdversaries/Enemy/Enemy_Master_Grunt/SK_Master_Grunt.uasset" 206
"C:/Users/Kacper Misiek/Desktop/ProjektCplusplus/HereTheyCome/Content/VillageDefense/Enemy/HeavilyArmoredEnemy.uasset" 207
"C:/Users/Kacper Misiek/Desktop/ProjektCplusplus/HereTheyCome/Content/InfinityBladeAdversaries/Enemy/Enemy_Gruntling_Avalanche/SK_Gruntling_Avalanche_Skeleton.uasset" 208
"C:/Users/Kacper Misiek/Desktop/ProjektCplusplus/HereTheyCome/Content/InfinityBladeAdversaries/Enemy/Enemy_Gruntling_Avalanche/Enemy_Gruntling_Avalanche_Animation/ExoGame_Gruntling_Walk.uasset" 209
"C:/Users/Kacper Misiek/Desktop/ProjektCplusplus/HereTheyCome/Content/VillageDefense/Enemy/LightlyArmoredEnemy_AnimationBP.uasset" 210
"C:/Users/Kacper Misiek/Desktop/ProjektCplusplus/HereTheyCome/Content/InfinityBladeAdversaries/Enemy/Enemy_Gruntling_Avalanche/Textures/T_Gruntling_Avalanche_D.uasset" 211
"C:/Users/Kacper Misiek/Desktop/ProjektCplusplus/HereTheyCome/Content/InfinityBladeAdversaries/Enemy/Enemy_Gruntling_Avalanche/Textures/T_Gruntling_Avalanche_E.uasset" 212
"C:/Users/Kacper Misiek/Desktop/ProjektCplusplus/HereTheyCome/Content/InfinityBladeAdversaries/Enemy/Enemy_Gruntling_Avalanche/Textures/T_Gruntling_Avalanche_M.uasset" 213
"C:/Users/Kacper Misiek/Desktop/ProjektCplusplus/HereTheyCome/Content/InfinityBladeAdversaries/Enemy/Enemy_Gruntling_Avalanche/Textures/T_Gruntling_Avalanche_N.uasset" 214
"C:/Users/Kacper Misiek/Desktop/ProjektCplusplus/HereTheyCome/Content/InfinityBladeAdversaries/Enemy/Enemy_Gruntling_Avalanche/Textures/T_Gruntling_Emissive.uasset" 215
"C:/Users/Kacper Misiek/Desktop/ProjektCplusplus/HereTheyCome/Content/InfinityBladeAdversaries/Enemy/Enemy_Gruntling_Avalanche/Materials/CharM_Gruntling_Avalanche.uasset" 216
"C:/Users/Kacper Misiek/Desktop/ProjektCplusplus/HereTheyCome/Content/InfinityBladeAdversaries/Enemy/Enemy_Gruntling_Avalanche/SK_Gruntling_Avalanche.uasset" 217
"C:/Users/Kacper Misiek/Desktop/ProjektCplusplus/HereTheyCome/Content/VillageDefense/Enemy/LightlyArmoredEnemy.uasset" 218
"../../../Engine/Content/Functions/Engine_MaterialFunctions01/Density/ExponentialDensity.uasset" 219
"../../../Engine/Content/Functions/Engine_MaterialFunctions01/Gradient/RadialGradientExponential.uasset" 220
"C:/Users/Kacper Misiek/Desktop/ProjektCplusplus/HereTheyCome/Content/FXVarietyPack/Textures/T_ky_noise6.uasset" 221
"C:/Users/Kacper Misiek/Desktop/ProjektCplusplus/HereTheyCome/Content/FXVarietyPack/Textures/T_ky_smoke1.uasset" 222
"C:/Users/Kacper Misiek/Desktop/ProjektCplusplus/HereTheyCome/Content/FXVarietyPack/Materials/M_ky_smoke01.uasset" 223
"C:/Users/Kacper Misiek/Desktop/ProjektCplusplus/HereTheyCome/Content/FXVarietyPack/Textures/T_ky_flare_a.uasset" 224
"C:/Users/Kacper Misiek/Desktop/ProjektCplusplus/HereTheyCome/Content/FXVarietyPack/Materials/M_ky_flare_flash.uasset" 225
"C:/Users/Kacper Misiek/Desktop/ProjektCplusplus/HereTheyCome/Content/FXVarietyPack/Materials/MI_ky_flare_flash_trs.uasset" 226
"C:/Users/Kacper Misiek/Desktop/ProjektCplusplus/HereTheyCome/Content/FXVarietyPack/Materials/Mfunction/MF_ky_VectorToRadialValue.uasset" 227
"C:/Users/Kacper Misiek/Desktop/ProjektCplusplus/HereTheyCome/Content/FXVarietyPack/Textures/T_ky_decoLines.uasset" 228
"C:/Users/Kacper Misiek/Desktop/ProjektCplusplus/HereTheyCome/Content/FXVarietyPack/Textures/T_ky_decoLinesB.uasset" 229
"C:/Users/Kacper Misiek/Desktop/ProjektCplusplus/HereTheyCome/Content/FXVarietyPack/Materials/M_ky_polar.uasset" 230
"C:/Users/Kacper Misiek/Desktop/ProjektCplusplus/HereTheyCome/Content/FXVarietyPack/Materials/MI_ky_polar_two.uasset" 231
"../../../Engine/Content/Functions/Engine_MaterialFunctions02/Fresnel_Function.uasset" 232
"C:/Users/Kacper Misiek/Desktop/ProjektCplusplus/HereTheyCome/Content/FXVarietyPack/Materials/M_ky_primitive.uasset" 233
"C:/Users/Kacper Misiek/Desktop/ProjektCplusplus/HereTheyCome/Content/FXVarietyPack/Materials/MI_ky_primitive2b_trs.uasset" 234
"C:/Users/Kacper Misiek/Desktop/ProjektCplusplus/HereTheyCome/Content/FXVarietyPack/Materials/M_ky_primitive_dyn2.uasset" 235
"C:/Users/Kacper Misiek/Desktop/ProjektCplusplus/HereTheyCome/Content/FXVarietyPack/Materials/MI_ky_primitive_dynB_two.uasset" 236
"C:/Users/Kacper Misiek/Desktop/ProjektCplusplus/HereTheyCome/Content/FXVarietyPack/Textures/T_ky_dist_noise.uasset" 237
"C:/Users/Kacper Misiek/Desktop/ProjektCplusplus/HereTheyCome/Content/FXVarietyPack/Textures/T_ky_smoke_kai.uasset" 238
"C:/Users/Kacper Misiek/Desktop/ProjektCplusplus/HereTheyCome/Content/FXVarietyPack/Materials/M_ky_base_turbulence.uasset" 239
"C:/Users/Kacper Misiek/Desktop/ProjektCplusplus/HereTheyCome/Content/FXVarietyPack/Materials/MI_ky_turbulence_smoke2d_trs.uasset" 240
"C:/Users/Kacper Misiek/Desktop/ProjektCplusplus/HereTheyCome/Content/FXVarietyPack/Meshes/SM_ky_quad_centerRot.uasset" 241
"C:/Users/Kacper Misiek/Desktop/ProjektCplusplus/HereTheyCome/Content/FXVarietyPack/Particles/P_ky_explosion.uasset" 242
"C:/Users/Kacper Misiek/Desktop/ProjektCplusplus/HereTheyCome/Content/FXVarietyPack/Particles/P_ky_fireBall.uasset" 243
"C:/Users/Kacper Misiek/Desktop/ProjektCplusplus/HereTheyCome/Content/FXVarietyPack/Materials/M_ky_empty.uasset" 244
"C:/Users/Kacper Misiek/Desktop/ProjektCplusplus/HereTheyCome/Content/FXVarietyPack/Textures/T_ky_flare3.uasset" 245
"C:/Users/Kacper Misiek/Desktop/ProjektCplusplus/HereTheyCome/Content/FXVarietyPack/Textures/T_ky_maskRGB5.uasset" 246
"C:/Users/Kacper Misiek/Desktop/ProjektCplusplus/HereTheyCome/Content/FXVarietyPack/Materials/M_ky_flarePillar.uasset" 247
"C:/Users/Kacper Misiek/Desktop/ProjektCplusplus/HereTheyCome/Content/FXVarietyPack/Textures/T_ky_flareVert.uasset" 248
"C:/Users/Kacper Misiek/Desktop/ProjektCplusplus/HereTheyCome/Content/FXVarietyPack/Materials/M_ky_flareVert.uasset" 249
"../../../Engine/Content/Functions/Engine_MaterialFunctions01/Gradient/LinearGradient.uasset" 250
"../../../Engine/Content/EngineResources/DefaultTexture.uasset" 251
"C:/Users/Kacper Misiek/Desktop/ProjektCplusplus/HereTheyCome/Content/FXVarietyPack/Textures/T_ky_noise5.uasset" 252
"C:/Users/Kacper Misiek/Desktop/ProjektCplusplus/HereTheyCome/Content/FXVarietyPack/Materials/Mfunction/MF_ky_TexController.uasset" 253
"C:/Users/Kacper Misiek/Desktop/ProjektCplusplus/HereTheyCome/Content/FXVarietyPack/Materials/Mfunction/MF_ky_TexController_primitive.uasset" 254
"C:/Users/Kacper Misiek/Desktop/ProjektCplusplus/HereTheyCome/Content/FXVarietyPack/Textures/T_ky_deco_doom.uasset" 255
"C:/Users/Kacper Misiek/Desktop/ProjektCplusplus/HereTheyCome/Content/FXVarietyPack/Materials/M_ky_aura9.uasset" 256
"C:/Users/Kacper Misiek/Desktop/ProjektCplusplus/HereTheyCome/Content/FXVarietyPack/Materials/MI_ky_aura9.uasset" 257
"C:/Users/Kacper Misiek/Desktop/ProjektCplusplus/HereTheyCome/Content/FXVarietyPack/Materials/MI_ky_polarC_two.uasset" 258
"C:/Users/Kacper Misiek/Desktop/ProjektCplusplus/HereTheyCome/Content/FXVarietyPack/Meshes/SM_ky_planeBend.uasset" 259
"C:/Users/Kacper Misiek/Desktop/ProjektCplusplus/HereTheyCome/Content/FXVarietyPack/Meshes/SM_ky_quads.uasset" 260
"C:/Users/Kacper Misiek/Desktop/ProjektCplusplus/HereTheyCome/Content/FXVarietyPack/Meshes/SM_ky_windSmokeVertRot.uasset" 261
"C:/Users/Kacper Misiek/Desktop/ProjektCplusplus/HereTheyCome/Content/FXVarietyPack/Particles/P_ky_shotShockwave.uasset" 262
"C:/Users/Kacper Misiek/Desktop/ProjektCplusplus/HereTheyCome/Content/FXVarietyPack/Blueprints/BP_ky_fireBall.uasset" 263
"C:/Users/Kacper Misiek/Desktop/ProjektCplusplus/HereTheyCome/Content/FXVarietyPack/Blueprints/BP_ky_shotSpawn.uasset" 264
"C:/Users/Kacper Misiek/Desktop/ProjektCplusplus/HereTheyCome/Content/VillageDefense/Player/Player/PlayerHUD_Widget.uasset" 265
"C:/Users/Kacper Misiek/Desktop/ProjektCplusplus/HereTheyCome/Content/VillageDefense/UI/GameOver_Widget.uasset" 266
"C:/Users/Kacper Misiek/Desktop/ProjektCplusplus/HereTheyCome/Content/VillageDefense/UI/GameStart_Widget.uasset" 267
"C:/Users/Kacper Misiek/Desktop/ProjektCplusplus/HereTheyCome/Content/VillageDefense/Player/Player/Controller.uasset" 268
"C:/Users/Kacper Misiek/Desktop/ProjektCplusplus/HereTheyCome/Content/VillageDefense/Player/Turrets/Generator/black_screen.uasset" 269
"C:/Users/Kacper Misiek/Desktop/ProjektCplusplus/HereTheyCome/Content/VillageDefense/Player/Turrets/Generator/blue_emission.uasset" 270
"C:/Users/Kacper Misiek/Desktop/ProjektCplusplus/HereTheyCome/Content/VillageDefense/Player/Turrets/Generator/solar_panel_texture_001.uasset" 271
"C:/Users/Kacper Misiek/Desktop/ProjektCplusplus/HereTheyCome/Content/VillageDefense/Player/Turrets/Generator/blue_solar_panels.uasset" 272
"C:/Users/Kacper Misiek/Desktop/ProjektCplusplus/HereTheyCome/Content/VillageDefense/Player/Turrets/Generator/Chrome.uasset" 273
"C:/Users/Kacper Misiek/Desktop/ProjektCplusplus/HereTheyCome/Content/VillageDefense/Player/Turrets/Generator/gray_metal.uasset" 274
"C:/Users/Kacper Misiek/Desktop/ProjektCplusplus/HereTheyCome/Content/VillageDefense/Player/Turrets/Generator/photovoltaic_sunshade.uasset" 275
"C:/Users/Kacper Misiek/Desktop/ProjektCplusplus/HereTheyCome/Content/VillageDefense/Player/Turrets/GeneratorTurret.uasset" 276
"C:/Users/Kacper Misiek/Desktop/ProjektCplusplus/HereTheyCome/Content/FXVarietyPack/Materials/MI_ky_smoke01c.uasset" 277
"C:/Users/Kacper Misiek/Desktop/ProjektCplusplus/HereTheyCome/Content/FXVarietyPack/Particles/P_ky_waterBall.uasset" 278
"C:/Users/Kacper Misiek/Desktop/ProjektCplusplus/HereTheyCome/Content/FXVarietyPack/Materials/M_ky_waterDust02.uasset" 279
"C:/Users/Kacper Misiek/Desktop/ProjektCplusplus/HereTheyCome/Content/FXVarietyPack/Particles/P_ky_waterBallHit.uasset" 280
"C:/Users/Kacper Misiek/Desktop/ProjektCplusplus/HereTheyCome/Content/FXVarietyPack/Blueprints/BP_ky_waterBall.uasset" 281
"C:/Users/Kacper Misiek/Desktop/ProjektCplusplus/HereTheyCome/Content/StarterContent/Textures/T_MacroVariation.uasset" 282
"C:/Users/Kacper Misiek/Desktop/ProjektCplusplus/HereTheyCome/Content/StarterContent/Materials/M_Metal_Chrome.uasset" 283
"C:/Users/Kacper Misiek/Desktop/ProjektCplusplus/HereTheyCome/Content/VillageDefense/Player/Turrets/HighRangedTurret/Main_color_01.uasset" 284
"C:/Users/Kacper Misiek/Desktop/ProjektCplusplus/HereTheyCome/Content/VillageDefense/Player/Turrets/HighRangedTurret/Main_color_02.uasset" 285
"C:/Users/Kacper Misiek/Desktop/ProjektCplusplus/HereTheyCome/Content/VillageDefense/Player/Turrets/HighRangedTurret/gun_TBS_001C.uasset" 286
"C:/Users/Kacper Misiek/Desktop/ProjektCplusplus/HereTheyCome/Content/VillageDefense/Player/Turrets/HighRangedTurret.uasset" 287
"C:/Users/Kacper Misiek/Desktop/ProjektCplusplus/HereTheyCome/Content/StarterContent/Textures/T_Metal_Steel_D.uasset" 288
"C:/Users/Kacper Misiek/Desktop/ProjektCplusplus/HereTheyCome/Content/StarterContent/Textures/T_Metal_Steel_N.uasset" 289
"C:/Users/Kacper Misiek/Desktop/ProjektCplusplus/HereTheyCome/Content/StarterContent/Materials/M_Metal_Steel.uasset" 290
"C:/Users/Kacper Misiek/Desktop/ProjektCplusplus/HereTheyCome/Content/StarterContent/Textures/T_Wood_Walnut_D.uasset" 291
"C:/Users/Kacper Misiek/Desktop/ProjektCplusplus/HereTheyCome/Content/StarterContent/Textures/T_Wood_Walnut_N.uasset" 292
"C:/Users/Kacper Misiek/Desktop/ProjektCplusplus/HereTheyCome/Content/StarterContent/Materials/M_Wood_Walnut.uasset" 293
"C:/Users/Kacper Misiek/Desktop/ProjektCplusplus/HereTheyCome/Content/VillageDefense/Player/Turrets/LowRangedTurret/default2.uasset" 294
"C:/Users/Kacper Misiek/Desktop/ProjektCplusplus/HereTheyCome/Content/VillageDefense/Player/Turrets/LowRangedTurret/default3.uasset" 295
"C:/Users/Kacper Misiek/Desktop/ProjektCplusplus/HereTheyCome/Content/VillageDefense/Player/Turrets/LowRangedTurret/default5.uasset" 296
"C:/Users/Kacper Misiek/Desktop/ProjektCplusplus/HereTheyCome/Content/VillageDefense/Player/Turrets/LowRangedTurret/Machine_gun.uasset" 297
"C:/Users/Kacper Misiek/Desktop/ProjektCplusplus/HereTheyCome/Content/VillageDefense/Player/Turrets/LowRangedTurret.uasset" 298
"../../../Engine/Content/Functions/Engine_MaterialFunctions01/Shading/ConvertFromDiffSpec.uasset" 299
"../../../Engine/Content/EditorShellMaterials/T_Base.uasset" 300
"../../../Engine/Content/EditorShellMaterials/T_BaseOverlay.uasset" 301
"../../../Engine/Content/EditorShellMaterials/M_ShellMaster.uasset" 302
"../../../Engine/Content/EditorShellMaterials/ManualUVs/MI_Shell_64_MUV.uasset" 303
"../../../Engine/Content/BasicShapes/Cube.uasset" 304
"C:/Users/Kacper Misiek/Desktop/ProjektCplusplus/HereTheyCome/Content/VillageDefense/Player/Turrets/TurretType.uasset" 305
"C:/Users/Kacper Misiek/Desktop/ProjektCplusplus/HereTheyCome/Content/VillageDefense/Player/Turrets/TurretSelectionWidget.uasset" 306
"C:/Users/Kacper Misiek/Desktop/ProjektCplusplus/HereTheyCome/Content/VillageDefense/Player/Turrets/BaseTurret.uasset" 307
"C:/Users/Kacper Misiek/Desktop/ProjektCplusplus/HereTheyCome/Content/VillageDefense/GameMode/VillageDefense_GameState.uasset" 308
"C:/Users/Kacper Misiek/Desktop/ProjektCplusplus/HereTheyCome/Content/VillageDefense/FunctionLibraries/GameMode_FunctionLibrary.uasset" 309
"C:/Users/Kacper Misiek/Desktop/ProjektCplusplus/HereTheyCome/Content/VillageDefense/Enemy/BaseEnemy_Controller.uasset" 310
"C:/Users/Kacper Misiek/Desktop/ProjektCplusplus/HereTheyCome/Content/VillageDefense/Enemy/HealthBar_Widget.uasset" 311
"C:/Users/Kacper Misiek/Desktop/ProjektCplusplus/HereTheyCome/Content/VillageDefense/Enemy/BaseEnemy.uasset" 312
"C:/Users/Kacper Misiek/Desktop/ProjektCplusplus/HereTheyCome/Content/VillageDefense/Enemy/Spawner/EnemyWave.uasset" 313
"C:/Users/Kacper Misiek/Desktop/ProjektCplusplus/HereTheyCome/Content/VillageDefense/Enemy/Spawner/EnemySpawner.uasset" 314
"../../../Engine/Content/EngineSky/C_Sky_Cloud_Color.uasset" 315
"../../../Engine/Content/EngineSky/C_Sky_Horizon_Color.uasset" 316
"../../../Engine/Content/EngineSky/C_Sky_Zenith_Color.uasset" 317
"../../../Engine/Content/EngineSky/T_Sky_Blue.uasset" 318
"../../../Engine/Content/EngineSky/T_Sky_Clouds_M.uasset" 319
"../../../Engine/Content/EngineSky/T_Sky_Stars.uasset" 320
"../../../Engine/Content/EngineSky/M_Sky_Panning_Clouds2.uasset" 321
"../../../Engine/Content/EngineSky/SM_SkySphere.uasset" 322
"../../../Engine/Content/EngineSky/BP_Sky_Sphere.uasset" 323
"C:/Users/Kacper Misiek/Desktop/ProjektCplusplus/HereTheyCome/Content/VillageDefense/GameMode/VillageDefense_GameMode.uasset" 324
"../../../Engine/Content/BasicShapes/BasicShapeMaterial.uasset" 325
"C:/Users/Kacper Misiek/Desktop/ProjektCplusplus/HereTheyCome/Content/AdvancedVillagePack/Textures/T_Detail_N.uasset" 326
"C:/Users/Kacper Misiek/Desktop/ProjektCplusplus/HereTheyCome/Content/AdvancedVillagePack/Textures/T_Pack_01_D.uasset" 327
"C:/Users/Kacper Misiek/Desktop/ProjektCplusplus/HereTheyCome/Content/AdvancedVillagePack/Textures/T_Pack_01_N.uasset" 328
"C:/Users/Kacper Misiek/Desktop/ProjektCplusplus/HereTheyCome/Content/AdvancedVillagePack/Textures/T_Pack_01_RM.uasset" 329
"C:/Users/Kacper Misiek/Desktop/ProjektCplusplus/HereTheyCome/Content/AdvancedVillagePack/Textures/T_Pack_03_E.uasset" 330
"C:/Users/Kacper Misiek/Desktop/ProjektCplusplus/HereTheyCome/Content/AdvancedVillagePack/Materials/M_Uber.uasset" 331
"C:/Users/Kacper Misiek/Desktop/ProjektCplusplus/HereTheyCome/Content/AdvancedVillagePack/Textures/T_Pack_03_D.uasset" 332
"C:/Users/Kacper Misiek/Desktop/ProjektCplusplus/HereTheyCome/Content/AdvancedVillagePack/Textures/T_Pack_03_N.uasset" 333
"C:/Users/Kacper Misiek/Desktop/ProjektCplusplus/HereTheyCome/Content/AdvancedVillagePack/Textures/T_Pack_03_RM.uasset" 334
"C:/Users/Kacper Misiek/Desktop/ProjektCplusplus/HereTheyCome/Content/AdvancedVillagePack/Materials/M_Inst_Pack_03_LightsOn.uasset" 335
"C:/Users/Kacper Misiek/Desktop/ProjektCplusplus/HereTheyCome/Content/AdvancedVillagePack/Meshes/SM_StreetLight_LightsOn.uasset" 336
"C:/Users/Kacper Misiek/Desktop/ProjektCplusplus/HereTheyCome/Content/VillageDefense/Player/PlayerBase/PlayerBase.uasset" 337
"C:/Users/Kacper Misiek/Desktop/ProjektCplusplus/HereTheyCome/Content/AdvancedVillagePack/Maps/AdvancedVillagePack_DemoScene_sharedassets/Layer01_LayerInfo.uasset" 338
"C:/Users/Kacper Misiek/Desktop/ProjektCplusplus/HereTheyCome/Content/AdvancedVillagePack/Maps/AdvancedVillagePack_DemoScene_sharedassets/Layer02_LayerInfo.uasset" 339
"C:/Users/Kacper Misiek/Desktop/ProjektCplusplus/HereTheyCome/Content/AdvancedVillagePack/Maps/AdvancedVillagePack_DemoScene_sharedassets/Layer03_LayerInfo.uasset" 340
"C:/Users/Kacper Misiek/Desktop/ProjektCplusplus/HereTheyCome/Content/PuzzleBP/Maps/PuzzleExampleMap_BuiltData.uasset" 341
"C:/Users/Kacper Misiek/Desktop/ProjektCplusplus/HereTheyCome/Content/AdvancedVillagePack/Textures/Landscape/T_Landscape_Grass_DH.uasset" 342
"C:/Users/Kacper Misiek/Desktop/ProjektCplusplus/HereTheyCome/Content/AdvancedVillagePack/Textures/Landscape/T_Landscape_Grass_N.uasset" 343
"C:/Users/Kacper Misiek/Desktop/ProjektCplusplus/HereTheyCome/Content/AdvancedVillagePack/Textures/Landscape/T_Landscape_Pebbles_DH.uasset" 344
"C:/Users/Kacper Misiek/Desktop/ProjektCplusplus/HereTheyCome/Content/AdvancedVillagePack/Textures/Landscape/T_Landscape_Pebbles_N.uasset" 345
"C:/Users/Kacper Misiek/Desktop/ProjektCplusplus/HereTheyCome/Content/AdvancedVillagePack/Textures/Landscape/T_Landscape_Soil_DH.uasset" 346
"C:/Users/Kacper Misiek/Desktop/ProjektCplusplus/HereTheyCome/Content/AdvancedVillagePack/Textures/Landscape/T_Landscape_Soil_N.uasset" 347
"C:/Users/Kacper Misiek/Desktop/ProjektCplusplus/HereTheyCome/Content/AdvancedVillagePack/Materials/M_Landscape.uasset" 348
"C:/Users/Kacper Misiek/Desktop/ProjektCplusplus/HereTheyCome/Content/AdvancedVillagePack/Materials/M_Inst_Landscape.uasset" 349
"../../../Engine/Content/EngineMaterials/DefaultPhysicalMaterial.uasset" 350
"../../../Engine/Content/EngineMaterials/WeightMapPlaceholderTexture.uasset" 351
"C:/Users/Kacper Misiek/Desktop/ProjektCplusplus/HereTheyCome/Content/AdvancedVillagePack/Materials/M_Inst_Pack_01.uasset" 352
"C:/Users/Kacper Misiek/Desktop/ProjektCplusplus/HereTheyCome/Content/AdvancedVillagePack/Meshes/SM_Barrel.uasset" 353
"C:/Users/Kacper Misiek/Desktop/ProjektCplusplus/HereTheyCome/Content/AdvancedVillagePack/Textures/T_Pack_02_D.uasset" 354
"C:/Users/Kacper Misiek/Desktop/ProjektCplusplus/HereTheyCome/Content/AdvancedVillagePack/Textures/T_Pack_02_N.uasset" 355
"C:/Users/Kacper Misiek/Desktop/ProjektCplusplus/HereTheyCome/Content/AdvancedVillagePack/Textures/T_Pack_02_RM.uasset" 356
"C:/Users/Kacper Misiek/Desktop/ProjektCplusplus/HereTheyCome/Content/AdvancedVillagePack/Materials/M_Inst_Pack_02.uasset" 357
"C:/Users/Kacper Misiek/Desktop/ProjektCplusplus/HereTheyCome/Content/AdvancedVillagePack/Meshes/SM_Bucket.uasset" 358
"C:/Users/Kacper Misiek/Desktop/ProjektCplusplus/HereTheyCome/Content/AdvancedVillagePack/Textures/T_Pack_04_D.uasset" 359
"C:/Users/Kacper Misiek/Desktop/ProjektCplusplus/HereTheyCome/Content/AdvancedVillagePack/Textures/T_Pack_04_E.uasset" 360
"C:/Users/Kacper Misiek/Desktop/ProjektCplusplus/HereTheyCome/Content/AdvancedVillagePack/Textures/T_Pack_04_N.uasset" 361
"C:/Users/Kacper Misiek/Desktop/ProjektCplusplus/HereTheyCome/Content/AdvancedVillagePack/Textures/T_Pack_04_RM.uasset" 362
"C:/Users/Kacper Misiek/Desktop/ProjektCplusplus/HereTheyCome/Content/AdvancedVillagePack/Materials/M_Inst_Pack_04.uasset" 363
"C:/Users/Kacper Misiek/Desktop/ProjektCplusplus/HereTheyCome/Content/AdvancedVillagePack/Meshes/SM_House_Var01.uasset" 364
"C:/Users/Kacper Misiek/Desktop/ProjektCplusplus/HereTheyCome/Content/AdvancedVillagePack/Textures/T_Pack_06_D.uasset" 365
"C:/Users/Kacper Misiek/Desktop/ProjektCplusplus/HereTheyCome/Content/AdvancedVillagePack/Textures/T_Pack_06_N.uasset" 366
"C:/Users/Kacper Misiek/Desktop/ProjektCplusplus/HereTheyCome/Content/AdvancedVillagePack/Textures/T_Pack_06_RM.uasset" 367
"C:/Users/Kacper Misiek/Desktop/ProjektCplusplus/HereTheyCome/Content/AdvancedVillagePack/Materials/M_Inst_Pack_06.uasset" 368
"C:/Users/Kacper Misiek/Desktop/ProjektCplusplus/HereTheyCome/Content/AdvancedVillagePack/Meshes/SM_Logs_Var01.uasset" 369
"C:/Users/Kacper Misiek/Desktop/ProjektCplusplus/HereTheyCome/Content/AdvancedVillagePack/Meshes/SM_Logs_Var02.uasset" 370
"C:/Users/Kacper Misiek/Desktop/ProjektCplusplus/HereTheyCome/Content/AdvancedVillagePack/Meshes/SM_Stonepath_Var01.uasset" 371
"C:/Users/Kacper Misiek/Desktop/ProjektCplusplus/HereTheyCome/Content/AdvancedVillagePack/Meshes/SM_Stonepath_Var02.uasset" 372
"C:/Users/Kacper Misiek/Desktop/ProjektCplusplus/HereTheyCome/Content/AdvancedVillagePack/Meshes/SM_Stonepath_Var03.uasset" 373
"C:/Users/Kacper Misiek/Desktop/ProjektCplusplus/HereTheyCome/Content/AdvancedVillagePack/Textures/T_Pack_TreeLeafs_D.uasset" 374
"C:/Users/Kacper Misiek/Desktop/ProjektCplusplus/HereTheyCome/Content/AdvancedVillagePack/Textures/T_Pack_TreeLeafs_Mask.uasset" 375
"C:/Users/Kacper Misiek/Desktop/ProjektCplusplus/HereTheyCome/Content/AdvancedVillagePack/Textures/T_Pack_TreeLeafs_N.uasset" 376
"C:/Users/Kacper Misiek/Desktop/ProjektCplusplus/HereTheyCome/Content/AdvancedVillagePack/Textures/T_Pack_TreeLeafs_O.uasset" 377
"C:/Users/Kacper Misiek/Desktop/ProjektCplusplus/HereTheyCome/Content/AdvancedVillagePack/Textures/T_Pack_TreeLeafs_RM.uasset" 378
"C:/Users/Kacper Misiek/Desktop/ProjektCplusplus/HereTheyCome/Content/AdvancedVillagePack/Materials/M_Uber_Cutout_Wind.uasset" 379
"C:/Users/Kacper Misiek/Desktop/ProjektCplusplus/HereTheyCome/Content/AdvancedVillagePack/Materials/M_Inst_TreeLeafs.uasset" 380
"C:/Users/Kacper Misiek/Desktop/ProjektCplusplus/HereTheyCome/Content/AdvancedVillagePack/Textures/T_Pack_TreeTrunks_D.uasset" 381
"C:/Users/Kacper Misiek/Desktop/ProjektCplusplus/HereTheyCome/Content/AdvancedVillagePack/Textures/T_Pack_TreeTrunks_N.uasset" 382
"C:/Users/Kacper Misiek/Desktop/ProjektCplusplus/HereTheyCome/Content/AdvancedVillagePack/Textures/T_Pack_TreeTrunks_RM.uasset" 383
"C:/Users/Kacper Misiek/Desktop/ProjektCplusplus/HereTheyCome/Content/AdvancedVillagePack/Materials/M_Inst_TreeTrunks.uasset" 384
"C:/Users/Kacper Misiek/Desktop/ProjektCplusplus/HereTheyCome/Content/AdvancedVillagePack/Meshes/SM_Tree_Var01.uasset" 385
"C:/Users/Kacper Misiek/Desktop/ProjektCplusplus/HereTheyCome/Content/AdvancedVillagePack/Meshes/SM_Tree_Var02.uasset" 386
"C:/Users/Kacper Misiek/Desktop/ProjektCplusplus/HereTheyCome/Content/AdvancedVillagePack/Meshes/SM_Tree_Var03.uasset" 387
"C:/Users/Kacper Misiek/Desktop/ProjektCplusplus/HereTheyCome/Content/AdvancedVillagePack/Meshes/SM_Tree_Var04.uasset" 388
"C:/Users/Kacper Misiek/Desktop/ProjektCplusplus/HereTheyCome/Content/AdvancedVillagePack/Meshes/SM_Tree_Var05.uasset" 389
"C:/Users/Kacper Misiek/Desktop/ProjektCplusplus/HereTheyCome/Content/AdvancedVillagePack/Meshes/SM_Treestump_Var01.uasset" 390
"C:/Users/Kacper Misiek/Desktop/ProjektCplusplus/HereTheyCome/Content/AdvancedVillagePack/Meshes/SM_Treestump_Var02.uasset" 391
"C:/Users/Kacper Misiek/Desktop/ProjektCplusplus/HereTheyCome/Content/AdvancedVillagePack/Materials/M_Inst_Pack_03.uasset" 392
"C:/Users/Kacper Misiek/Desktop/ProjektCplusplus/HereTheyCome/Content/AdvancedVillagePack/Meshes/SM_Well.uasset" 393
"C:/Users/Kacper Misiek/Desktop/ProjektCplusplus/HereTheyCome/Content/sounds/soundtrack.uasset" 394
"C:/Users/Kacper Misiek/Desktop/ProjektCplusplus/HereTheyCome/Content/sounds/soundtrack_Cue.uasset" 395
"C:/Users/Kacper Misiek/Desktop/ProjektCplusplus/HereTheyCome/Content/PuzzleBP/Maps/PuzzleExampleMap.umap" 396
"C:/Users/Kacper Misiek/Desktop/ProjektCplusplus/HereTheyCome/Content/PuzzleBP/Maps/PuzzleExampleMap_2_BuiltData.uasset" 397
"C:/Users/Kacper Misiek/Desktop/ProjektCplusplus/HereTheyCome/Content/PuzzleBP/Maps/PuzzleExampleMap_2.umap" 398
"../../../Engine/Content/Maps/Entry_BuiltData.uasset" 399
"../../../Engine/Content/Maps/Entry.umap" 400
