Log file open, 11/01/20 12:29:40
LogInit: Display: Running engine for game: HereTheyCome
LogPlatformFile: Not using cached read wrapper
LogTaskGraph: Started task graph with 5 named threads and 14 total threads with 3 sets of task threads.
LogStats: Stats thread started at 0.261403
LogD3D11RHI: Loaded GFSDK_Aftermath_Lib.x64.dll
LogICUInternationalization: ICU TimeZone Detection - Raw Offset: +1:00, Platform Override: ''
LogPluginManager: Mounting plugin Paper2D
LogPluginManager: Mounting plugin AISupport
LogPluginManager: Mounting plugin LightPropagationVolume
LogPluginManager: Mounting plugin CameraShakePreviewer
LogPluginManager: Mounting plugin ActorLayerUtilities
LogPluginManager: Mounting plugin AnimationSharing
LogPluginManager: Mounting plugin CLionSourceCodeAccess
LogPluginManager: Mounting plugin CodeLiteSourceCodeAccess
LogPluginManager: Mounting plugin GitSourceControl
LogPluginManager: Mounting plugin KDevelopSourceCodeAccess
LogPluginManager: Mounting plugin NullSourceCodeAccess
LogPluginManager: Mounting plugin PerforceSourceControl
LogPluginManager: Mounting plugin PlasticSourceControl
LogPluginManager: Mounting plugin RiderSourceCodeAccess
LogPluginManager: Mounting plugin SubversionSourceControl
LogPluginManager: Mounting plugin UObjectPlugin
LogPluginManager: Mounting plugin VisualStudioCodeSourceCodeAccess
LogPluginManager: Mounting plugin VisualStudioSourceCodeAccess
LogPluginManager: Mounting plugin XCodeSourceCodeAccess
LogPluginManager: Mounting plugin AssetManagerEditor
LogPluginManager: Mounting plugin CryptoKeys
LogPluginManager: Mounting plugin CurveEditorTools
LogPluginManager: Mounting plugin DataValidation
LogPluginManager: Mounting plugin EditorScriptingUtilities
LogPluginManager: Mounting plugin FacialAnimation
LogPluginManager: Mounting plugin GameplayTagsEditor
LogPluginManager: Mounting plugin GeometryMode
LogPluginManager: Mounting plugin MacGraphicsSwitching
LogPluginManager: Mounting plugin MaterialAnalyzer
LogPluginManager: Mounting plugin MobileLauncherProfileWizard
LogPluginManager: Mounting plugin PluginBrowser
LogPluginManager: Mounting plugin SpeedTreeImporter
LogPluginManager: Mounting plugin DatasmithContent
LogPluginManager: Mounting plugin VariantManagerContent
LogPluginManager: Mounting plugin AlembicImporter
LogPluginManager: Mounting plugin AutomationUtils
LogPluginManager: Mounting plugin BackChannel
LogPluginManager: Mounting plugin ChaosCloth
LogPluginManager: Mounting plugin ChaosClothEditor
LogPluginManager: Mounting plugin ChaosEditor
LogPluginManager: Mounting plugin ChaosNiagara
LogPluginManager: Mounting plugin ChaosSolverPlugin
LogPluginManager: Mounting plugin CharacterAI
LogPluginManager: Mounting plugin GeometryCache
LogPluginManager: Mounting plugin GeometryCollectionPlugin
LogPluginManager: Mounting plugin GeometryProcessing
LogPluginManager: Mounting plugin PlanarCut
LogPluginManager: Mounting plugin PlatformCrypto
LogPluginManager: Mounting plugin ProxyLODPlugin
LogPluginManager: Mounting plugin SkeletalReduction
LogPluginManager: Mounting plugin Niagara
LogPluginManager: Mounting plugin MagicLeap
LogPluginManager: Mounting plugin MagicLeapLightEstimation
LogPluginManager: Mounting plugin MagicLeapMedia
LogPluginManager: Mounting plugin MagicLeapPassableWorld
LogPluginManager: Mounting plugin MLSDK
LogPluginManager: Mounting plugin AndroidMedia
LogPluginManager: Mounting plugin AvfMedia
LogPluginManager: Mounting plugin ImgMedia
LogPluginManager: Mounting plugin MediaCompositing
LogPluginManager: Mounting plugin MediaPlayerEditor
LogPluginManager: Mounting plugin WebMMedia
LogPluginManager: Mounting plugin WmfMedia
LogPluginManager: Mounting plugin MeshPainting
LogPluginManager: Mounting plugin TcpMessaging
LogPluginManager: Mounting plugin UdpMessaging
LogPluginManager: Mounting plugin ActorSequence
LogPluginManager: Mounting plugin LevelSequenceEditor
LogPluginManager: Mounting plugin MatineeToLevelSequence
LogPluginManager: Mounting plugin MovieRenderPipeline
LogPluginManager: Mounting plugin TemplateSequence
LogPluginManager: Mounting plugin NetcodeUnitTest
LogPluginManager: Mounting plugin NUTUnrealEngine4
LogPluginManager: Mounting plugin OnlineSubsystemGooglePlay
LogPluginManager: Mounting plugin OnlineSubsystemIOS
LogPluginManager: Mounting plugin OnlineSubsystem
LogPluginManager: Mounting plugin OnlineSubsystemNull
LogPluginManager: Mounting plugin OnlineSubsystemUtils
LogPluginManager: Mounting plugin LauncherChunkInstaller
LogPluginManager: Mounting plugin AndroidDeviceProfileSelector
LogPluginManager: Mounting plugin AndroidMoviePlayer
LogPluginManager: Mounting plugin AndroidPermission
LogPluginManager: Mounting plugin AppleImageUtils
LogPluginManager: Mounting plugin AppleMoviePlayer
LogPluginManager: Mounting plugin ArchVisCharacter
LogPluginManager: Mounting plugin AssetTags
LogPluginManager: Mounting plugin AudioCapture
LogPluginManager: Mounting plugin CableComponent
LogPluginManager: Mounting plugin CustomMeshComponent
LogPluginManager: Mounting plugin EditableMesh
LogPluginManager: Mounting plugin ExampleDeviceProfileSelector
LogPluginManager: Mounting plugin GoogleCloudMessaging
LogPluginManager: Mounting plugin GooglePAD
LogPluginManager: Mounting plugin IOSDeviceProfileSelector
LogPluginManager: Mounting plugin LinuxDeviceProfileSelector
LogPluginManager: Mounting plugin LocationServicesBPLibrary
LogPluginManager: Mounting plugin MobilePatchingUtils
LogPluginManager: Mounting plugin OculusVR
LogPluginManager: Mounting plugin PhysXVehicles
LogPluginManager: Mounting plugin PostSplashScreen
LogPluginManager: Mounting plugin ProceduralMeshComponent
LogPluginManager: Mounting plugin RuntimePhysXCooking
LogPluginManager: Mounting plugin SignificanceManager
LogPluginManager: Mounting plugin SoundFields
LogPluginManager: Mounting plugin SteamVR
LogPluginManager: Mounting plugin Synthesis
LogPluginManager: Mounting plugin WebMMoviePlayer
LogPluginManager: Mounting plugin WindowsMoviePlayer
LogPluginManager: Mounting plugin ScreenshotTools
LogInit: Using libcurl 7.55.1-DEV
LogInit:  - built for x86_64-pc-win32
LogInit:  - supports SSL with OpenSSL/1.1.1
LogInit:  - supports HTTP deflate (compression) using libz 1.2.8
LogInit:  - other features:
LogInit:      CURL_VERSION_SSL
LogInit:      CURL_VERSION_LIBZ
LogInit:      CURL_VERSION_IPV6
LogInit:      CURL_VERSION_ASYNCHDNS
LogInit:      CURL_VERSION_LARGEFILE
LogInit:      CURL_VERSION_IDN
LogInit:  CurlRequestOptions (configurable via config and command line):
LogInit:  - bVerifyPeer = true  - Libcurl will verify peer certificate
LogInit:  - bUseHttpProxy = false  - Libcurl will NOT use HTTP proxy
LogInit:  - bDontReuseConnections = false  - Libcurl will reuse connections
LogInit:  - MaxHostConnections = 16  - Libcurl will limit the number of connections to a host
LogInit:  - LocalHostAddr = Default
LogInit:  - BufferSize = 65536
LogOnline: OSS: Creating online subsystem instance for: NULL
LogInit: WinSock: version 1.1 (2.2), MaxSocks=32767, MaxUdp=65467
LogOnline: OSS: TryLoadSubsystemAndSetDefault: Loaded subsystem for module [NULL]
LogInit: Build: ++UE4+Release-4.25-CL-13942748
LogInit: Engine Version: 4.25.3-13942748+++UE4+Release-4.25
LogInit: Compatible Engine Version: 4.25.0-13144385+++UE4+Release-4.25
LogInit: Net CL: 13144385
LogInit: OS: Windows 10 (Release 1909) (), CPU: Intel(R) Core(TM) i5-6500 CPU @ 3.20GHz, GPU: NVIDIA GeForce GTX 1060 6GB
LogInit: Compiled (64-bit): Jul 25 2020 02:07:48
LogInit: Compiled with Visual C++: 19.24.28315.00
LogInit: Build Configuration: Development
LogInit: Branch Name: ++UE4+Release-4.25
LogInit: Command Line: 
LogInit: Base Directory: E:/Unreal Engine/UE_4.25/Engine/Binaries/Win64/
LogInit: Allocator: TBB
LogInit: Installed Engine Build: 1
LogDevObjectVersion: Number of dev versions registered: 26
LogDevObjectVersion:   Dev-Blueprints (B0D832E4-1F89-4F0D-ACCF-7EB736FD4AA2): 10
LogDevObjectVersion:   Dev-Build (E1C64328-A22C-4D53-A36C-8E866417BD8C): 0
LogDevObjectVersion:   Dev-Core (375EC13C-06E4-48FB-B500-84F0262A717E): 4
LogDevObjectVersion:   Dev-Editor (E4B068ED-F494-42E9-A231-DA0B2E46BB41): 38
LogDevObjectVersion:   Dev-Framework (CFFC743F-43B0-4480-9391-14DF171D2073): 37
LogDevObjectVersion:   Dev-Mobile (B02B49B5-BB20-44E9-A304-32B752E40360): 2
LogDevObjectVersion:   Dev-Networking (A4E4105C-59A1-49B5-A7C5-40C4547EDFEE): 0
LogDevObjectVersion:   Dev-Online (39C831C9-5AE6-47DC-9A44-9C173E1C8E7C): 0
LogDevObjectVersion:   Dev-Physics (78F01B33-EBEA-4F98-B9B4-84EACCB95AA2): 4
LogDevObjectVersion:   Dev-Platform (6631380F-2D4D-43E0-8009-CF276956A95A): 0
LogDevObjectVersion:   Dev-Rendering (12F88B9F-8875-4AFC-A67C-D90C383ABD29): 43
LogDevObjectVersion:   Dev-Sequencer (7B5AE74C-D270-4C10-A958-57980B212A5A): 12
LogDevObjectVersion:   Dev-VR (D7296918-1DD6-4BDD-9DE2-64A83CC13884): 3
LogDevObjectVersion:   Dev-LoadTimes (C2A15278-BFE7-4AFE-6C17-90FF531DF755): 1
LogDevObjectVersion:   Private-Geometry (6EACA3D4-40EC-4CC1-B786-8BED09428FC5): 3
LogDevObjectVersion:   Dev-AnimPhys (29E575DD-E0A3-4627-9D10-D276232CDCEA): 17
LogDevObjectVersion:   Dev-Anim (AF43A65D-7FD3-4947-9873-3E8ED9C1BB05): 7
LogDevObjectVersion:   Dev-ReflectionCapture (6B266CEC-1EC7-4B8F-A30B-E4D90942FC07): 1
LogDevObjectVersion:   Dev-Automation (0DF73D61-A23F-47EA-B727-89E90C41499A): 1
LogDevObjectVersion:   FortniteMain (601D1886-AC64-4F84-AA16-D3DE0DEAC7D6): 31
LogDevObjectVersion:   Dev-Enterprise (9DFFBCD6-494F-0158-E221-12823C92A888): 10
LogDevObjectVersion:   Dev-Niagara (F2AED0AC-9AFE-416F-8664-AA7FFA26D6FC): 1
LogDevObjectVersion:   Dev-Destruction (174F1F0B-B4C6-45A5-B13F-2EE8D0FB917D): 10
LogDevObjectVersion:   Dev-Physics-Ext (35F94A83-E258-406C-A318-09F59610247C): 37
LogDevObjectVersion:   Dev-PhysicsMaterial-Chaos (B68FC16E-8B1B-42E2-B453-215C058844FE): 1
LogDevObjectVersion:   Dev-CineCamera (B2E18506-4273-CFC2-A54E-F4BB758BBA07): 1
LogInit: Presizing for max 25165824 objects, including 0 objects not considered by GC, pre-allocating 0 bytes for permanent pool.
LogConfig: Applying CVar settings from Section [/Script/Engine.StreamingSettings] File [C:/Users/Kacper Misiek/Desktop/ProjektCplusplus/HereTheyCome/Saved/Config/Windows/Engine.ini]
LogConfig: Setting CVar [[s.MinBulkDataSizeForAsyncLoading:131072]]
LogConfig: Setting CVar [[s.AsyncLoadingThreadEnabled:0]]
LogConfig: Setting CVar [[s.EventDrivenLoaderEnabled:1]]
LogConfig: Setting CVar [[s.WarnIfTimeLimitExceeded:0]]
LogConfig: Setting CVar [[s.TimeLimitExceededMultiplier:1.5]]
LogConfig: Setting CVar [[s.TimeLimitExceededMinTime:0.005]]
LogConfig: Setting CVar [[s.UseBackgroundLevelStreaming:1]]
LogConfig: Setting CVar [[s.PriorityAsyncLoadingExtraTime:15.0]]
LogConfig: Setting CVar [[s.LevelStreamingActorsUpdateTimeLimit:5.0]]
LogConfig: Setting CVar [[s.PriorityLevelStreamingActorsUpdateExtraTime:5.0]]
LogConfig: Setting CVar [[s.LevelStreamingComponentsRegistrationGranularity:10]]
LogConfig: Setting CVar [[s.UnregisterComponentsTimeLimit:1.0]]
LogConfig: Setting CVar [[s.LevelStreamingComponentsUnregistrationGranularity:5]]
LogConfig: Setting CVar [[s.FlushStreamingOnExit:1]]
LogInit: Object subsystem initialized
LogConfig: Setting CVar [[con.DebugEarlyDefault:1]]
LogConfig: Setting CVar [[r.setres:1280x720]]
[2020.11.01-11.29.41:222][  0]LogConfig: Setting CVar [[r.VSync:0]]
[2020.11.01-11.29.41:222][  0]LogConfig: Setting CVar [[r.RHICmdBypass:0]]
[2020.11.01-11.29.41:222][  0]LogConfig: Applying CVar settings from Section [/Script/Engine.RendererSettings] File [C:/Users/Kacper Misiek/Desktop/ProjektCplusplus/HereTheyCome/Saved/Config/Windows/Engine.ini]
[2020.11.01-11.29.41:222][  0]LogConfig: Setting CVar [[r.GPUCrashDebugging:0]]
[2020.11.01-11.29.41:222][  0]LogConfig: Applying CVar settings from Section [/Script/Engine.RendererOverrideSettings] File [C:/Users/Kacper Misiek/Desktop/ProjektCplusplus/HereTheyCome/Saved/Config/Windows/Engine.ini]
[2020.11.01-11.29.41:222][  0]LogConfig: Applying CVar settings from Section [/Script/Engine.StreamingSettings] File [C:/Users/Kacper Misiek/Desktop/ProjektCplusplus/HereTheyCome/Saved/Config/Windows/Engine.ini]
[2020.11.01-11.29.41:222][  0]LogConfig: Setting CVar [[s.MinBulkDataSizeForAsyncLoading:131072]]
[2020.11.01-11.29.41:222][  0]LogConfig: Setting CVar [[s.AsyncLoadingThreadEnabled:0]]
[2020.11.01-11.29.41:222][  0]LogConfig: Setting CVar [[s.EventDrivenLoaderEnabled:1]]
[2020.11.01-11.29.41:222][  0]LogConfig: Setting CVar [[s.WarnIfTimeLimitExceeded:0]]
[2020.11.01-11.29.41:222][  0]LogConfig: Setting CVar [[s.TimeLimitExceededMultiplier:1.5]]
[2020.11.01-11.29.41:222][  0]LogConfig: Setting CVar [[s.TimeLimitExceededMinTime:0.005]]
[2020.11.01-11.29.41:222][  0]LogConfig: Setting CVar [[s.UseBackgroundLevelStreaming:1]]
[2020.11.01-11.29.41:222][  0]LogConfig: Setting CVar [[s.PriorityAsyncLoadingExtraTime:15.0]]
[2020.11.01-11.29.41:222][  0]LogConfig: Setting CVar [[s.LevelStreamingActorsUpdateTimeLimit:5.0]]
[2020.11.01-11.29.41:222][  0]LogConfig: Setting CVar [[s.PriorityLevelStreamingActorsUpdateExtraTime:5.0]]
[2020.11.01-11.29.41:222][  0]LogConfig: Setting CVar [[s.LevelStreamingComponentsRegistrationGranularity:10]]
[2020.11.01-11.29.41:222][  0]LogConfig: Setting CVar [[s.UnregisterComponentsTimeLimit:1.0]]
[2020.11.01-11.29.41:222][  0]LogConfig: Setting CVar [[s.LevelStreamingComponentsUnregistrationGranularity:5]]
[2020.11.01-11.29.41:223][  0]LogConfig: Setting CVar [[s.FlushStreamingOnExit:1]]
[2020.11.01-11.29.41:223][  0]LogConfig: Applying CVar settings from Section [/Script/Engine.GarbageCollectionSettings] File [C:/Users/Kacper Misiek/Desktop/ProjektCplusplus/HereTheyCome/Saved/Config/Windows/Engine.ini]
[2020.11.01-11.29.41:223][  0]LogConfig: Setting CVar [[gc.MaxObjectsNotConsideredByGC:1]]
[2020.11.01-11.29.41:223][  0]LogConfig: Setting CVar [[gc.SizeOfPermanentObjectPool:0]]
[2020.11.01-11.29.41:223][  0]LogConfig: Setting CVar [[gc.FlushStreamingOnGC:0]]
[2020.11.01-11.29.41:223][  0]LogConfig: Setting CVar [[gc.NumRetriesBeforeForcingGC:10]]
[2020.11.01-11.29.41:223][  0]LogConfig: Setting CVar [[gc.AllowParallelGC:1]]
[2020.11.01-11.29.41:223][  0]LogConfig: Setting CVar [[gc.TimeBetweenPurgingPendingKillObjects:61.1]]
[2020.11.01-11.29.41:223][  0]LogConfig: Setting CVar [[gc.MaxObjectsInEditor:25165824]]
[2020.11.01-11.29.41:223][  0]LogConfig: Setting CVar [[gc.IncrementalBeginDestroyEnabled:1]]
[2020.11.01-11.29.41:223][  0]LogConfig: Setting CVar [[gc.CreateGCClusters:1]]
[2020.11.01-11.29.41:223][  0]LogConfig: Setting CVar [[gc.MinGCClusterSize:5]]
[2020.11.01-11.29.41:223][  0]LogConfig: Setting CVar [[gc.ActorClusteringEnabled:0]]
[2020.11.01-11.29.41:223][  0]LogConfig: Setting CVar [[gc.BlueprintClusteringEnabled:0]]
[2020.11.01-11.29.41:223][  0]LogConfig: Setting CVar [[gc.UseDisregardForGCOnDedicatedServers:0]]
[2020.11.01-11.29.41:223][  0]LogConfig: Applying CVar settings from Section [/Script/Engine.NetworkSettings] File [C:/Users/Kacper Misiek/Desktop/ProjektCplusplus/HereTheyCome/Saved/Config/Windows/Engine.ini]
[2020.11.01-11.29.41:223][  0]LogConfig: Applying CVar settings from Section [/Script/UnrealEd.CookerSettings] File [C:/Users/Kacper Misiek/Desktop/ProjektCplusplus/HereTheyCome/Saved/Config/Windows/Engine.ini]
[2020.11.01-11.29.41:226][  0]LogConfig: Applying CVar settings from Section [ViewDistanceQuality@3] File [C:/Users/Kacper Misiek/Desktop/ProjektCplusplus/HereTheyCome/Saved/Config/Windows/Scalability.ini]
[2020.11.01-11.29.41:226][  0]LogConfig: Setting CVar [[r.SkeletalMeshLODBias:0]]
[2020.11.01-11.29.41:226][  0]LogConfig: Setting CVar [[r.ViewDistanceScale:1.0]]
[2020.11.01-11.29.41:226][  0]LogConfig: Applying CVar settings from Section [AntiAliasingQuality@3] File [C:/Users/Kacper Misiek/Desktop/ProjektCplusplus/HereTheyCome/Saved/Config/Windows/Scalability.ini]
[2020.11.01-11.29.41:226][  0]LogConfig: Setting CVar [[r.PostProcessAAQuality:4]]
[2020.11.01-11.29.41:226][  0]LogConfig: Applying CVar settings from Section [ShadowQuality@3] File [C:/Users/Kacper Misiek/Desktop/ProjektCplusplus/HereTheyCome/Saved/Config/Windows/Scalability.ini]
[2020.11.01-11.29.41:226][  0]LogConfig: Setting CVar [[r.LightFunctionQuality:1]]
[2020.11.01-11.29.41:226][  0]LogConfig: Setting CVar [[r.ShadowQuality:5]]
[2020.11.01-11.29.41:226][  0]LogConfig: Setting CVar [[r.Shadow.CSM.MaxCascades:10]]
[2020.11.01-11.29.41:226][  0]LogConfig: Setting CVar [[r.Shadow.MaxResolution:2048]]
[2020.11.01-11.29.41:226][  0]LogConfig: Setting CVar [[r.Shadow.MaxCSMResolution:2048]]
[2020.11.01-11.29.41:226][  0]LogConfig: Setting CVar [[r.Shadow.RadiusThreshold:0.01]]
[2020.11.01-11.29.41:226][  0]LogConfig: Setting CVar [[r.Shadow.DistanceScale:1.0]]
[2020.11.01-11.29.41:226][  0]LogConfig: Setting CVar [[r.Shadow.CSM.TransitionScale:1.0]]
[2020.11.01-11.29.41:226][  0]LogConfig: Setting CVar [[r.Shadow.PreShadowResolutionFactor:1.0]]
[2020.11.01-11.29.41:226][  0]LogConfig: Setting CVar [[r.DistanceFieldShadowing:1]]
[2020.11.01-11.29.41:226][  0]LogConfig: Setting CVar [[r.DistanceFieldAO:1]]
[2020.11.01-11.29.41:226][  0]LogConfig: Setting CVar [[r.AOQuality:2]]
[2020.11.01-11.29.41:226][  0]LogConfig: Setting CVar [[r.VolumetricFog:1]]
[2020.11.01-11.29.41:226][  0]LogConfig: Setting CVar [[r.VolumetricFog.GridPixelSize:8]]
[2020.11.01-11.29.41:226][  0]LogConfig: Setting CVar [[r.VolumetricFog.GridSizeZ:128]]
[2020.11.01-11.29.41:226][  0]LogConfig: Setting CVar [[r.VolumetricFog.HistoryMissSupersampleCount:4]]
[2020.11.01-11.29.41:226][  0]LogConfig: Setting CVar [[r.LightMaxDrawDistanceScale:1]]
[2020.11.01-11.29.41:226][  0]LogConfig: Setting CVar [[r.CapsuleShadows:1]]
[2020.11.01-11.29.41:226][  0]LogConfig: Applying CVar settings from Section [PostProcessQuality@3] File [C:/Users/Kacper Misiek/Desktop/ProjektCplusplus/HereTheyCome/Saved/Config/Windows/Scalability.ini]
[2020.11.01-11.29.41:226][  0]LogConfig: Setting CVar [[r.MotionBlurQuality:4]]
[2020.11.01-11.29.41:226][  0]LogConfig: Setting CVar [[r.AmbientOcclusionMipLevelFactor:0.4]]
[2020.11.01-11.29.41:226][  0]LogConfig: Setting CVar [[r.AmbientOcclusionMaxQuality:100]]
[2020.11.01-11.29.41:226][  0]LogConfig: Setting CVar [[r.AmbientOcclusionLevels:-1]]
[2020.11.01-11.29.41:226][  0]LogConfig: Setting CVar [[r.AmbientOcclusionRadiusScale:1.0]]
[2020.11.01-11.29.41:226][  0]LogConfig: Setting CVar [[r.DepthOfFieldQuality:2]]
[2020.11.01-11.29.41:226][  0]LogConfig: Setting CVar [[r.RenderTargetPoolMin:400]]
[2020.11.01-11.29.41:226][  0]LogConfig: Setting CVar [[r.LensFlareQuality:2]]
[2020.11.01-11.29.41:226][  0]LogConfig: Setting CVar [[r.SceneColorFringeQuality:1]]
[2020.11.01-11.29.41:226][  0]LogConfig: Setting CVar [[r.EyeAdaptationQuality:2]]
[2020.11.01-11.29.41:226][  0]LogConfig: Setting CVar [[r.BloomQuality:5]]
[2020.11.01-11.29.41:226][  0]LogConfig: Setting CVar [[r.FastBlurThreshold:100]]
[2020.11.01-11.29.41:226][  0]LogConfig: Setting CVar [[r.Upscale.Quality:3]]
[2020.11.01-11.29.41:226][  0]LogConfig: Setting CVar [[r.Tonemapper.GrainQuantization:1]]
[2020.11.01-11.29.41:226][  0]LogConfig: Setting CVar [[r.LightShaftQuality:1]]
[2020.11.01-11.29.41:226][  0]LogConfig: Setting CVar [[r.Filter.SizeScale:1]]
[2020.11.01-11.29.41:226][  0]LogConfig: Setting CVar [[r.Tonemapper.Quality:5]]
[2020.11.01-11.29.41:226][  0]LogConfig: Setting CVar [[r.DOF.Gather.AccumulatorQuality:1        ; higher gathering accumulator quality]]
[2020.11.01-11.29.41:226][  0]LogConfig: Setting CVar [[r.DOF.Gather.PostfilterMethod:1          ; Median3x3 postfilering method]]
[2020.11.01-11.29.41:226][  0]LogConfig: Setting CVar [[r.DOF.Gather.EnableBokehSettings:0       ; no bokeh simulation when gathering]]
[2020.11.01-11.29.41:226][  0]LogConfig: Setting CVar [[r.DOF.Gather.RingCount:4                 ; medium number of samples when gathering]]
[2020.11.01-11.29.41:226][  0]LogConfig: Setting CVar [[r.DOF.Scatter.ForegroundCompositing:1    ; additive foreground scattering]]
[2020.11.01-11.29.41:226][  0]LogConfig: Setting CVar [[r.DOF.Scatter.BackgroundCompositing:2    ; additive background scattering]]
[2020.11.01-11.29.41:226][  0]LogConfig: Setting CVar [[r.DOF.Scatter.EnableBokehSettings:1      ; bokeh simulation when scattering]]
[2020.11.01-11.29.41:226][  0]LogConfig: Setting CVar [[r.DOF.Scatter.MaxSpriteRatio:0.1         ; only a maximum of 10% of scattered bokeh]]
[2020.11.01-11.29.41:226][  0]LogConfig: Setting CVar [[r.DOF.Recombine.Quality:1                ; cheap slight out of focus]]
[2020.11.01-11.29.41:226][  0]LogConfig: Setting CVar [[r.DOF.Recombine.EnableBokehSettings:0    ; no bokeh simulation on slight out of focus]]
[2020.11.01-11.29.41:226][  0]LogConfig: Setting CVar [[r.DOF.TemporalAAQuality:1                ; more stable temporal accumulation]]
[2020.11.01-11.29.41:227][  0]LogConfig: Setting CVar [[r.DOF.Kernel.MaxForegroundRadius:0.025]]
[2020.11.01-11.29.41:227][  0]LogConfig: Setting CVar [[r.DOF.Kernel.MaxBackgroundRadius:0.025]]
[2020.11.01-11.29.41:227][  0]LogConfig: Applying CVar settings from Section [TextureQuality@3] File [C:/Users/Kacper Misiek/Desktop/ProjektCplusplus/HereTheyCome/Saved/Config/Windows/Scalability.ini]
[2020.11.01-11.29.41:227][  0]LogConfig: Setting CVar [[r.Streaming.MipBias:0]]
[2020.11.01-11.29.41:227][  0]LogConfig: Setting CVar [[r.Streaming.AmortizeCPUToGPUCopy:0]]
[2020.11.01-11.29.41:227][  0]LogConfig: Setting CVar [[r.Streaming.MaxNumTexturesToStreamPerFrame:0]]
[2020.11.01-11.29.41:227][  0]LogConfig: Setting CVar [[r.Streaming.Boost:1]]
[2020.11.01-11.29.41:227][  0]LogConfig: Setting CVar [[r.MaxAnisotropy:8]]
[2020.11.01-11.29.41:227][  0]LogConfig: Setting CVar [[r.VT.MaxAnisotropy:8]]
[2020.11.01-11.29.41:227][  0]LogConfig: Setting CVar [[r.Streaming.LimitPoolSizeToVRAM:0]]
[2020.11.01-11.29.41:227][  0]LogConfig: Setting CVar [[r.Streaming.PoolSize:1000]]
[2020.11.01-11.29.41:227][  0]LogConfig: Setting CVar [[r.Streaming.MaxEffectiveScreenSize:0]]
[2020.11.01-11.29.41:227][  0]LogConfig: Applying CVar settings from Section [EffectsQuality@3] File [C:/Users/Kacper Misiek/Desktop/ProjektCplusplus/HereTheyCome/Saved/Config/Windows/Scalability.ini]
[2020.11.01-11.29.41:227][  0]LogConfig: Setting CVar [[r.TranslucencyLightingVolumeDim:64]]
[2020.11.01-11.29.41:227][  0]LogConfig: Setting CVar [[r.RefractionQuality:2]]
[2020.11.01-11.29.41:227][  0]LogConfig: Setting CVar [[r.SSR.Quality:3]]
[2020.11.01-11.29.41:227][  0]LogConfig: Setting CVar [[r.SSR.HalfResSceneColor:0]]
[2020.11.01-11.29.41:227][  0]LogConfig: Setting CVar [[r.SceneColorFormat:4]]
[2020.11.01-11.29.41:227][  0]LogConfig: Setting CVar [[r.DetailMode:2]]
[2020.11.01-11.29.41:227][  0]LogConfig: Setting CVar [[r.TranslucencyVolumeBlur:1]]
[2020.11.01-11.29.41:227][  0]LogConfig: Setting CVar [[r.MaterialQualityLevel:1 ; High quality]]
[2020.11.01-11.29.41:227][  0]LogConfig: Setting CVar [[r.SSS.Scale:1]]
[2020.11.01-11.29.41:227][  0]LogConfig: Setting CVar [[r.SSS.SampleSet:2]]
[2020.11.01-11.29.41:227][  0]LogConfig: Setting CVar [[r.SSS.Quality:1]]
[2020.11.01-11.29.41:227][  0]LogConfig: Setting CVar [[r.SSS.HalfRes:0]]
[2020.11.01-11.29.41:227][  0]LogConfig: Setting CVar [[r.SSGI.Quality:3]]
[2020.11.01-11.29.41:227][  0]LogConfig: Setting CVar [[r.EmitterSpawnRateScale:1.0]]
[2020.11.01-11.29.41:227][  0]LogConfig: Setting CVar [[r.ParticleLightQuality:2]]
[2020.11.01-11.29.41:227][  0]LogConfig: Setting CVar [[r.SkyAtmosphere.AerialPerspectiveLUT.FastApplyOnOpaque:1 ; Always have FastSkyLUT 1 in this case to avoid wrong sky]]
[2020.11.01-11.29.41:227][  0]LogConfig: Setting CVar [[r.SkyAtmosphere.AerialPerspectiveLUT.SampleCountPerSlice:1]]
[2020.11.01-11.29.41:227][  0]LogConfig: Setting CVar [[r.SkyAtmosphere.AerialPerspectiveLUT.DepthResolution:16.0]]
[2020.11.01-11.29.41:227][  0]LogConfig: Setting CVar [[r.SkyAtmosphere.FastSkyLUT:1]]
[2020.11.01-11.29.41:227][  0]LogConfig: Setting CVar [[r.SkyAtmosphere.FastSkyLUT.SampleCountMin:4.0]]
[2020.11.01-11.29.41:227][  0]LogConfig: Setting CVar [[r.SkyAtmosphere.FastSkyLUT.SampleCountMax:32.0]]
[2020.11.01-11.29.41:227][  0]LogConfig: Setting CVar [[r.SkyAtmosphere.SampleCountMin:4.0]]
[2020.11.01-11.29.41:227][  0]LogConfig: Setting CVar [[r.SkyAtmosphere.SampleCountMax:32.0]]
[2020.11.01-11.29.41:227][  0]LogConfig: Setting CVar [[r.SkyAtmosphere.TransmittanceLUT.UseSmallFormat:0]]
[2020.11.01-11.29.41:227][  0]LogConfig: Setting CVar [[r.SkyAtmosphere.TransmittanceLUT.SampleCount:10.0]]
[2020.11.01-11.29.41:227][  0]LogConfig: Setting CVar [[r.SkyAtmosphere.MultiScatteringLUT.SampleCount:15.0]]
[2020.11.01-11.29.41:227][  0]LogConfig: Applying CVar settings from Section [FoliageQuality@3] File [C:/Users/Kacper Misiek/Desktop/ProjektCplusplus/HereTheyCome/Saved/Config/Windows/Scalability.ini]
[2020.11.01-11.29.41:227][  0]LogConfig: Setting CVar [[foliage.DensityScale:1.0]]
[2020.11.01-11.29.41:227][  0]LogConfig: Setting CVar [[grass.DensityScale:1.0]]
[2020.11.01-11.29.41:227][  0]LogConfig: Applying CVar settings from Section [ShadingQuality@3] File [C:/Users/Kacper Misiek/Desktop/ProjektCplusplus/HereTheyCome/Saved/Config/Windows/Scalability.ini]
[2020.11.01-11.29.41:227][  0]LogConfig: Setting CVar [[r.HairStrands.SkyLighting.SampleCount:16]]
[2020.11.01-11.29.41:227][  0]LogConfig: Setting CVar [[r.HairStrands.SkyLighting.JitterIntegration:0]]
[2020.11.01-11.29.41:227][  0]LogConfig: Setting CVar [[r.HairStrands.SkyAO.SampleCount:16]]
[2020.11.01-11.29.41:227][  0]LogConfig: Setting CVar [[r.HairStrands.DeepShadow.SuperSampling:0]]
[2020.11.01-11.29.41:227][  0]LogConfig: Setting CVar [[r.HairStrands.VisibilityPPLL:0]]
[2020.11.01-11.29.41:227][  0]LogConfig: Setting CVar [[r.HairStrands.RasterizationScale:0.5]]
[2020.11.01-11.29.41:227][  0]LogConfig: Setting CVar [[r.HairStrands.VelocityRasterizationScale:1]]
[2020.11.01-11.29.41:227][  0]LogInit: Selected Device Profile: [Windows]
[2020.11.01-11.29.41:227][  0]LogInit: Applying CVar settings loaded from the selected device profile: [Windows]
[2020.11.01-11.29.41:227][  0]LogHAL: Display: Platform has ~ 8 GB [8519647232 / 8589934592 / 8], which maps to Default [LargestMinGB=32, LargerMinGB=12, DefaultMinGB=8, SmallerMinGB=6, SmallestMinGB=0)
[2020.11.01-11.29.41:227][  0]LogInit: Going up to parent DeviceProfile []
[2020.11.01-11.29.41:227][  0]LogConfig: Applying CVar settings from Section [ViewDistanceQuality@3] File [C:/Users/Kacper Misiek/Desktop/ProjektCplusplus/HereTheyCome/Saved/Config/Windows/Scalability.ini]
[2020.11.01-11.29.41:227][  0]LogConfig: Setting CVar [[r.SkeletalMeshLODBias:0]]
[2020.11.01-11.29.41:228][  0]LogConfig: Setting CVar [[r.ViewDistanceScale:1.0]]
[2020.11.01-11.29.41:228][  0]LogConfig: Applying CVar settings from Section [AntiAliasingQuality@3] File [C:/Users/Kacper Misiek/Desktop/ProjektCplusplus/HereTheyCome/Saved/Config/Windows/Scalability.ini]
[2020.11.01-11.29.41:228][  0]LogConfig: Setting CVar [[r.PostProcessAAQuality:4]]
[2020.11.01-11.29.41:228][  0]LogConfig: Applying CVar settings from Section [ShadowQuality@3] File [C:/Users/Kacper Misiek/Desktop/ProjektCplusplus/HereTheyCome/Saved/Config/Windows/Scalability.ini]
[2020.11.01-11.29.41:228][  0]LogConfig: Setting CVar [[r.LightFunctionQuality:1]]
[2020.11.01-11.29.41:228][  0]LogConfig: Setting CVar [[r.ShadowQuality:5]]
[2020.11.01-11.29.41:228][  0]LogConfig: Setting CVar [[r.Shadow.CSM.MaxCascades:10]]
[2020.11.01-11.29.41:228][  0]LogConfig: Setting CVar [[r.Shadow.MaxResolution:2048]]
[2020.11.01-11.29.41:228][  0]LogConfig: Setting CVar [[r.Shadow.MaxCSMResolution:2048]]
[2020.11.01-11.29.41:228][  0]LogConfig: Setting CVar [[r.Shadow.RadiusThreshold:0.01]]
[2020.11.01-11.29.41:228][  0]LogConfig: Setting CVar [[r.Shadow.DistanceScale:1.0]]
[2020.11.01-11.29.41:228][  0]LogConfig: Setting CVar [[r.Shadow.CSM.TransitionScale:1.0]]
[2020.11.01-11.29.41:228][  0]LogConfig: Setting CVar [[r.Shadow.PreShadowResolutionFactor:1.0]]
[2020.11.01-11.29.41:228][  0]LogConfig: Setting CVar [[r.DistanceFieldShadowing:1]]
[2020.11.01-11.29.41:228][  0]LogConfig: Setting CVar [[r.DistanceFieldAO:1]]
[2020.11.01-11.29.41:228][  0]LogConfig: Setting CVar [[r.AOQuality:2]]
[2020.11.01-11.29.41:228][  0]LogConfig: Setting CVar [[r.VolumetricFog:1]]
[2020.11.01-11.29.41:228][  0]LogConfig: Setting CVar [[r.VolumetricFog.GridPixelSize:8]]
[2020.11.01-11.29.41:228][  0]LogConfig: Setting CVar [[r.VolumetricFog.GridSizeZ:128]]
[2020.11.01-11.29.41:228][  0]LogConfig: Setting CVar [[r.VolumetricFog.HistoryMissSupersampleCount:4]]
[2020.11.01-11.29.41:228][  0]LogConfig: Setting CVar [[r.LightMaxDrawDistanceScale:1]]
[2020.11.01-11.29.41:228][  0]LogConfig: Setting CVar [[r.CapsuleShadows:1]]
[2020.11.01-11.29.41:228][  0]LogConfig: Applying CVar settings from Section [PostProcessQuality@3] File [C:/Users/Kacper Misiek/Desktop/ProjektCplusplus/HereTheyCome/Saved/Config/Windows/Scalability.ini]
[2020.11.01-11.29.41:228][  0]LogConfig: Setting CVar [[r.MotionBlurQuality:4]]
[2020.11.01-11.29.41:228][  0]LogConfig: Setting CVar [[r.AmbientOcclusionMipLevelFactor:0.4]]
[2020.11.01-11.29.41:228][  0]LogConfig: Setting CVar [[r.AmbientOcclusionMaxQuality:100]]
[2020.11.01-11.29.41:228][  0]LogConfig: Setting CVar [[r.AmbientOcclusionLevels:-1]]
[2020.11.01-11.29.41:228][  0]LogConfig: Setting CVar [[r.AmbientOcclusionRadiusScale:1.0]]
[2020.11.01-11.29.41:228][  0]LogConfig: Setting CVar [[r.DepthOfFieldQuality:2]]
[2020.11.01-11.29.41:228][  0]LogConfig: Setting CVar [[r.RenderTargetPoolMin:400]]
[2020.11.01-11.29.41:228][  0]LogConfig: Setting CVar [[r.LensFlareQuality:2]]
[2020.11.01-11.29.41:228][  0]LogConfig: Setting CVar [[r.SceneColorFringeQuality:1]]
[2020.11.01-11.29.41:228][  0]LogConfig: Setting CVar [[r.EyeAdaptationQuality:2]]
[2020.11.01-11.29.41:228][  0]LogConfig: Setting CVar [[r.BloomQuality:5]]
[2020.11.01-11.29.41:228][  0]LogConfig: Setting CVar [[r.FastBlurThreshold:100]]
[2020.11.01-11.29.41:228][  0]LogConfig: Setting CVar [[r.Upscale.Quality:3]]
[2020.11.01-11.29.41:228][  0]LogConfig: Setting CVar [[r.Tonemapper.GrainQuantization:1]]
[2020.11.01-11.29.41:228][  0]LogConfig: Setting CVar [[r.LightShaftQuality:1]]
[2020.11.01-11.29.41:228][  0]LogConfig: Setting CVar [[r.Filter.SizeScale:1]]
[2020.11.01-11.29.41:228][  0]LogConfig: Setting CVar [[r.Tonemapper.Quality:5]]
[2020.11.01-11.29.41:228][  0]LogConfig: Setting CVar [[r.DOF.Gather.AccumulatorQuality:1        ; higher gathering accumulator quality]]
[2020.11.01-11.29.41:228][  0]LogConfig: Setting CVar [[r.DOF.Gather.PostfilterMethod:1          ; Median3x3 postfilering method]]
[2020.11.01-11.29.41:228][  0]LogConfig: Setting CVar [[r.DOF.Gather.EnableBokehSettings:0       ; no bokeh simulation when gathering]]
[2020.11.01-11.29.41:228][  0]LogConfig: Setting CVar [[r.DOF.Gather.RingCount:4                 ; medium number of samples when gathering]]
[2020.11.01-11.29.41:228][  0]LogConfig: Setting CVar [[r.DOF.Scatter.ForegroundCompositing:1    ; additive foreground scattering]]
[2020.11.01-11.29.41:228][  0]LogConfig: Setting CVar [[r.DOF.Scatter.BackgroundCompositing:2    ; additive background scattering]]
[2020.11.01-11.29.41:228][  0]LogConfig: Setting CVar [[r.DOF.Scatter.EnableBokehSettings:1      ; bokeh simulation when scattering]]
[2020.11.01-11.29.41:228][  0]LogConfig: Setting CVar [[r.DOF.Scatter.MaxSpriteRatio:0.1         ; only a maximum of 10% of scattered bokeh]]
[2020.11.01-11.29.41:228][  0]LogConfig: Setting CVar [[r.DOF.Recombine.Quality:1                ; cheap slight out of focus]]
[2020.11.01-11.29.41:228][  0]LogConfig: Setting CVar [[r.DOF.Recombine.EnableBokehSettings:0    ; no bokeh simulation on slight out of focus]]
[2020.11.01-11.29.41:228][  0]LogConfig: Setting CVar [[r.DOF.TemporalAAQuality:1                ; more stable temporal accumulation]]
[2020.11.01-11.29.41:228][  0]LogConfig: Setting CVar [[r.DOF.Kernel.MaxForegroundRadius:0.025]]
[2020.11.01-11.29.41:228][  0]LogConfig: Setting CVar [[r.DOF.Kernel.MaxBackgroundRadius:0.025]]
[2020.11.01-11.29.41:228][  0]LogConfig: Applying CVar settings from Section [TextureQuality@3] File [C:/Users/Kacper Misiek/Desktop/ProjektCplusplus/HereTheyCome/Saved/Config/Windows/Scalability.ini]
[2020.11.01-11.29.41:228][  0]LogConfig: Setting CVar [[r.Streaming.MipBias:0]]
[2020.11.01-11.29.41:228][  0]LogConfig: Setting CVar [[r.Streaming.AmortizeCPUToGPUCopy:0]]
[2020.11.01-11.29.41:228][  0]LogConfig: Setting CVar [[r.Streaming.MaxNumTexturesToStreamPerFrame:0]]
[2020.11.01-11.29.41:228][  0]LogConfig: Setting CVar [[r.Streaming.Boost:1]]
[2020.11.01-11.29.41:228][  0]LogConfig: Setting CVar [[r.MaxAnisotropy:8]]
[2020.11.01-11.29.41:228][  0]LogConfig: Setting CVar [[r.VT.MaxAnisotropy:8]]
[2020.11.01-11.29.41:228][  0]LogConfig: Setting CVar [[r.Streaming.LimitPoolSizeToVRAM:0]]
[2020.11.01-11.29.41:228][  0]LogConfig: Setting CVar [[r.Streaming.PoolSize:1000]]
[2020.11.01-11.29.41:228][  0]LogConfig: Setting CVar [[r.Streaming.MaxEffectiveScreenSize:0]]
[2020.11.01-11.29.41:228][  0]LogConfig: Applying CVar settings from Section [EffectsQuality@3] File [C:/Users/Kacper Misiek/Desktop/ProjektCplusplus/HereTheyCome/Saved/Config/Windows/Scalability.ini]
[2020.11.01-11.29.41:228][  0]LogConfig: Setting CVar [[r.TranslucencyLightingVolumeDim:64]]
[2020.11.01-11.29.41:228][  0]LogConfig: Setting CVar [[r.RefractionQuality:2]]
[2020.11.01-11.29.41:228][  0]LogConfig: Setting CVar [[r.SSR.Quality:3]]
[2020.11.01-11.29.41:228][  0]LogConfig: Setting CVar [[r.SSR.HalfResSceneColor:0]]
[2020.11.01-11.29.41:229][  0]LogConfig: Setting CVar [[r.SceneColorFormat:4]]
[2020.11.01-11.29.41:229][  0]LogConfig: Setting CVar [[r.DetailMode:2]]
[2020.11.01-11.29.41:229][  0]LogConfig: Setting CVar [[r.TranslucencyVolumeBlur:1]]
[2020.11.01-11.29.41:229][  0]LogConfig: Setting CVar [[r.MaterialQualityLevel:1 ; High quality]]
[2020.11.01-11.29.41:229][  0]LogConfig: Setting CVar [[r.SSS.Scale:1]]
[2020.11.01-11.29.41:229][  0]LogConfig: Setting CVar [[r.SSS.SampleSet:2]]
[2020.11.01-11.29.41:229][  0]LogConfig: Setting CVar [[r.SSS.Quality:1]]
[2020.11.01-11.29.41:229][  0]LogConfig: Setting CVar [[r.SSS.HalfRes:0]]
[2020.11.01-11.29.41:229][  0]LogConfig: Setting CVar [[r.SSGI.Quality:3]]
[2020.11.01-11.29.41:229][  0]LogConfig: Setting CVar [[r.EmitterSpawnRateScale:1.0]]
[2020.11.01-11.29.41:229][  0]LogConfig: Setting CVar [[r.ParticleLightQuality:2]]
[2020.11.01-11.29.41:229][  0]LogConfig: Setting CVar [[r.SkyAtmosphere.AerialPerspectiveLUT.FastApplyOnOpaque:1 ; Always have FastSkyLUT 1 in this case to avoid wrong sky]]
[2020.11.01-11.29.41:229][  0]LogConfig: Setting CVar [[r.SkyAtmosphere.AerialPerspectiveLUT.SampleCountPerSlice:1]]
[2020.11.01-11.29.41:229][  0]LogConfig: Setting CVar [[r.SkyAtmosphere.AerialPerspectiveLUT.DepthResolution:16.0]]
[2020.11.01-11.29.41:229][  0]LogConfig: Setting CVar [[r.SkyAtmosphere.FastSkyLUT:1]]
[2020.11.01-11.29.41:229][  0]LogConfig: Setting CVar [[r.SkyAtmosphere.FastSkyLUT.SampleCountMin:4.0]]
[2020.11.01-11.29.41:229][  0]LogConfig: Setting CVar [[r.SkyAtmosphere.FastSkyLUT.SampleCountMax:32.0]]
[2020.11.01-11.29.41:229][  0]LogConfig: Setting CVar [[r.SkyAtmosphere.SampleCountMin:4.0]]
[2020.11.01-11.29.41:229][  0]LogConfig: Setting CVar [[r.SkyAtmosphere.SampleCountMax:32.0]]
[2020.11.01-11.29.41:229][  0]LogConfig: Setting CVar [[r.SkyAtmosphere.TransmittanceLUT.UseSmallFormat:0]]
[2020.11.01-11.29.41:229][  0]LogConfig: Setting CVar [[r.SkyAtmosphere.TransmittanceLUT.SampleCount:10.0]]
[2020.11.01-11.29.41:229][  0]LogConfig: Setting CVar [[r.SkyAtmosphere.MultiScatteringLUT.SampleCount:15.0]]
[2020.11.01-11.29.41:229][  0]LogConfig: Applying CVar settings from Section [FoliageQuality@3] File [C:/Users/Kacper Misiek/Desktop/ProjektCplusplus/HereTheyCome/Saved/Config/Windows/Scalability.ini]
[2020.11.01-11.29.41:229][  0]LogConfig: Setting CVar [[foliage.DensityScale:1.0]]
[2020.11.01-11.29.41:229][  0]LogConfig: Setting CVar [[grass.DensityScale:1.0]]
[2020.11.01-11.29.41:229][  0]LogConfig: Applying CVar settings from Section [ShadingQuality@3] File [C:/Users/Kacper Misiek/Desktop/ProjektCplusplus/HereTheyCome/Saved/Config/Windows/Scalability.ini]
[2020.11.01-11.29.41:229][  0]LogConfig: Setting CVar [[r.HairStrands.SkyLighting.SampleCount:16]]
[2020.11.01-11.29.41:229][  0]LogConfig: Setting CVar [[r.HairStrands.SkyLighting.JitterIntegration:0]]
[2020.11.01-11.29.41:229][  0]LogConfig: Setting CVar [[r.HairStrands.SkyAO.SampleCount:16]]
[2020.11.01-11.29.41:229][  0]LogConfig: Setting CVar [[r.HairStrands.DeepShadow.SuperSampling:0]]
[2020.11.01-11.29.41:229][  0]LogConfig: Setting CVar [[r.HairStrands.VisibilityPPLL:0]]
[2020.11.01-11.29.41:229][  0]LogConfig: Setting CVar [[r.HairStrands.RasterizationScale:0.5]]
[2020.11.01-11.29.41:229][  0]LogConfig: Setting CVar [[r.HairStrands.VelocityRasterizationScale:1]]
[2020.11.01-11.29.41:229][  0]LogConfig: Applying CVar settings from Section [Startup] File [../../../Engine/Config/ConsoleVariables.ini]
[2020.11.01-11.29.41:229][  0]LogConfig: Setting CVar [[net.UseAdaptiveNetUpdateFrequency:0]]
[2020.11.01-11.29.41:229][  0]LogConfig: Setting CVar [[p.chaos.AllowCreatePhysxBodies:1]]
[2020.11.01-11.29.41:229][  0]LogConfig: Setting CVar [[fx.SkipVectorVMBackendOptimizations:1]]
[2020.11.01-11.29.41:229][  0]LogConfig: Applying CVar settings from Section [ConsoleVariables] File [C:/Users/Kacper Misiek/Desktop/ProjektCplusplus/HereTheyCome/Saved/Config/Windows/Engine.ini]
[2020.11.01-11.29.41:229][  0]LogInit: Computer: DESKTOP-PMQPH7G
[2020.11.01-11.29.41:229][  0]LogInit: User: KacperMisiek
[2020.11.01-11.29.41:229][  0]LogInit: CPU Page size=4096, Cores=4
[2020.11.01-11.29.41:229][  0]LogInit: High frequency timer resolution =10.000000 MHz
[2020.11.01-11.29.41:230][  0]LogMemory: Memory total: Physical=7.9GB (8GB approx)
[2020.11.01-11.29.41:230][  0]LogMemory: Platform Memory Stats for Windows
[2020.11.01-11.29.41:230][  0]LogMemory: Process Physical Memory: 113.29 MB used, 113.29 MB peak
[2020.11.01-11.29.41:230][  0]LogMemory: Process Virtual Memory: 95.18 MB used, 95.18 MB peak
[2020.11.01-11.29.41:230][  0]LogMemory: Physical Memory: 4301.94 MB used,  3823.03 MB free, 8124.97 MB total
[2020.11.01-11.29.41:230][  0]LogMemory: Virtual Memory: 5126.82 MB used,  134212600.00 MB free, 134217728.00 MB total
[2020.11.01-11.29.41:236][  0]LogWindows: WindowsPlatformFeatures enabled
[2020.11.01-11.29.41:275][  0]LogInit: Physics initialised using underlying interface: PhysX
[2020.11.01-11.29.41:278][  0]LogInit: Using OS detected language (pl-PL).
[2020.11.01-11.29.41:278][  0]LogInit: Using OS detected locale (pl-PL).
[2020.11.01-11.29.41:281][  0]LogTextLocalizationManager: No specific localization for 'pl-PL' exists, so the 'pl' localization will be used.
[2020.11.01-11.29.41:281][  0]LogTextLocalizationResource: LocRes '../../../Engine/Content/Localization/Editor/pl/Editor.locres' could not be opened for reading!
[2020.11.01-11.29.41:281][  0]LogTextLocalizationResource: LocRes '../../../Engine/Content/Localization/EditorTutorials/pl/EditorTutorials.locres' could not be opened for reading!
[2020.11.01-11.29.41:282][  0]LogTextLocalizationResource: LocRes '../../../Engine/Content/Localization/Keywords/pl/Keywords.locres' could not be opened for reading!
[2020.11.01-11.29.41:282][  0]LogTextLocalizationResource: LocRes '../../../Engine/Content/Localization/Category/pl/Category.locres' could not be opened for reading!
[2020.11.01-11.29.41:282][  0]LogTextLocalizationResource: LocRes '../../../Engine/Content/Localization/ToolTips/pl/ToolTips.locres' could not be opened for reading!
[2020.11.01-11.29.41:282][  0]LogTextLocalizationResource: LocRes '../../../Engine/Content/Localization/PropertyNames/pl/PropertyNames.locres' could not be opened for reading!
[2020.11.01-11.29.41:282][  0]LogTextLocalizationResource: LocRes '../../../Engine/Content/Localization/Engine/pl/Engine.locres' could not be opened for reading!
[2020.11.01-11.29.41:311][  0]LogSlate: New Slate User Created.  User Index 0, Is Virtual User: 0
[2020.11.01-11.29.41:311][  0]LogSlate: Slate User Registered.  User Index 0, Is Virtual User: 0
[2020.11.01-11.29.41:535][  0]LogHMD: Failed to initialize OpenVR with code 110
[2020.11.01-11.29.41:535][  0]LogD3D11RHI: D3D11 min allowed feature level: 11_0
[2020.11.01-11.29.41:535][  0]LogD3D11RHI: D3D11 max allowed feature level: 11_0
[2020.11.01-11.29.41:535][  0]LogD3D11RHI: D3D11 adapters:
[2020.11.01-11.29.41:612][  0]LogD3D11RHI:    0. 'NVIDIA GeForce GTX 1060 6GB' (Feature Level 11_0)
[2020.11.01-11.29.41:613][  0]LogD3D11RHI:       6052/0/4062 MB DedicatedVideo/DedicatedSystem/SharedSystem, Outputs:1, VendorId:0x10de
[2020.11.01-11.29.41:616][  0]LogD3D11RHI:    1. 'Microsoft Basic Render Driver' (Feature Level 11_0)
[2020.11.01-11.29.41:616][  0]LogD3D11RHI:       0/0/4062 MB DedicatedVideo/DedicatedSystem/SharedSystem, Outputs:0, VendorId:0x1414
[2020.11.01-11.29.41:616][  0]LogD3D11RHI: Chosen D3D11 Adapter: 0
[2020.11.01-11.29.41:623][  0]LogD3D11RHI: Creating new Direct3DDevice
[2020.11.01-11.29.41:623][  0]LogD3D11RHI:     GPU DeviceId: 0x1c03 (for the marketing name, search the web for "GPU Device Id")
[2020.11.01-11.29.41:623][  0]LogWindows: EnumDisplayDevices:
[2020.11.01-11.29.41:623][  0]LogWindows:    0. 'NVIDIA GeForce GTX 1060 6GB' (P:1 D:1)
[2020.11.01-11.29.41:623][  0]LogWindows:    1. 'NVIDIA GeForce GTX 1060 6GB' (P:0 D:0)
[2020.11.01-11.29.41:624][  0]LogWindows:    2. 'NVIDIA GeForce GTX 1060 6GB' (P:0 D:0)
[2020.11.01-11.29.41:624][  0]LogWindows:    3. 'NVIDIA GeForce GTX 1060 6GB' (P:0 D:0)
[2020.11.01-11.29.41:624][  0]LogWindows: DebugString: FoundDriverCount:4 
[2020.11.01-11.29.41:624][  0]LogD3D11RHI:     Adapter Name: NVIDIA GeForce GTX 1060 6GB
[2020.11.01-11.29.41:624][  0]LogD3D11RHI:   Driver Version: 451.67 (internal:27.21.14.5167, unified:451.67)
[2020.11.01-11.29.41:624][  0]LogD3D11RHI:      Driver Date: 7-5-2020
[2020.11.01-11.29.41:624][  0]LogRHI: Texture pool is 4236 MB (70% of 6052 MB)
[2020.11.01-11.29.41:669][  0]LogD3D11RHI: RHI has support for 64 bit atomics
[2020.11.01-11.29.41:671][  0]LogD3D11RHI: [Aftermath] Enabled and primed
[2020.11.01-11.29.41:671][  0]LogD3D11RHI: Async texture creation enabled
[2020.11.01-11.29.41:671][  0]LogD3D11RHI: Array index from any shader is supported
[2020.11.01-11.29.41:689][  0]LogD3D11RHI: GPU Timing Frequency: 1000.000000 (Debug: 2 1)
[2020.11.01-11.29.42:021][  0]LogTargetPlatformManager: Display: Loaded TargetPlatform 'AllDesktop'
[2020.11.01-11.29.42:046][  0]LogTargetPlatformManager: Display: Loaded TargetPlatform 'Android'
[2020.11.01-11.29.42:046][  0]LogTargetPlatformManager: Display: Loaded TargetPlatform 'Android_ASTC'
[2020.11.01-11.29.42:046][  0]LogTargetPlatformManager: Display: Loaded TargetPlatform 'Android_DXT'
[2020.11.01-11.29.42:046][  0]LogTargetPlatformManager: Display: Loaded TargetPlatform 'Android_ETC2'
[2020.11.01-11.29.42:046][  0]LogTargetPlatformManager: Display: Loaded TargetPlatform 'AndroidClient'
[2020.11.01-11.29.42:046][  0]LogTargetPlatformManager: Display: Loaded TargetPlatform 'Android_ASTCClient'
[2020.11.01-11.29.42:046][  0]LogTargetPlatformManager: Display: Loaded TargetPlatform 'Android_DXTClient'
[2020.11.01-11.29.42:046][  0]LogTargetPlatformManager: Display: Loaded TargetPlatform 'Android_ETC2Client'
[2020.11.01-11.29.42:046][  0]LogTargetPlatformManager: Display: Loaded TargetPlatform 'Android_Multi'
[2020.11.01-11.29.42:046][  0]LogTargetPlatformManager: Display: Loaded TargetPlatform 'Android_MultiClient'
[2020.11.01-11.29.42:083][  0]LogTargetPlatformManager: Display: Loaded TargetPlatform 'IOSClient'
[2020.11.01-11.29.42:083][  0]LogTargetPlatformManager: Display: Loaded TargetPlatform 'IOS'
[2020.11.01-11.29.42:094][  0]LogTargetPlatformManager: Display: Loaded TargetPlatform 'Linux'
[2020.11.01-11.29.42:105][  0]LogTargetPlatformManager: Display: Loaded TargetPlatform 'LinuxNoEditor'
[2020.11.01-11.29.42:115][  0]LogTargetPlatformManager: Display: Loaded TargetPlatform 'LinuxClient'
[2020.11.01-11.29.42:125][  0]LogTargetPlatformManager: Display: Loaded TargetPlatform 'LinuxServer'
[2020.11.01-11.29.42:135][  0]LogTargetPlatformManager: Display: Loaded TargetPlatform 'LinuxAArch64NoEditor'
[2020.11.01-11.29.42:145][  0]LogTargetPlatformManager: Display: Loaded TargetPlatform 'LinuxAArch64Client'
[2020.11.01-11.29.42:155][  0]LogTargetPlatformManager: Display: Loaded TargetPlatform 'LinuxAArch64Server'
[2020.11.01-11.29.42:184][  0]LogTargetPlatformManager: Display: Loaded TargetPlatform 'Lumin'
[2020.11.01-11.29.42:184][  0]LogTargetPlatformManager: Display: Loaded TargetPlatform 'LuminClient'
[2020.11.01-11.29.42:202][  0]LogTargetPlatformManager: Display: Loaded TargetPlatform 'TVOSClient'
[2020.11.01-11.29.42:202][  0]LogTargetPlatformManager: Display: Loaded TargetPlatform 'TVOS'
[2020.11.01-11.29.42:212][  0]LogTargetPlatformManager: Display: Loaded TargetPlatform 'WindowsNoEditor'
[2020.11.01-11.29.42:223][  0]LogTargetPlatformManager: Display: Loaded TargetPlatform 'Windows'
[2020.11.01-11.29.42:233][  0]LogTargetPlatformManager: Display: Loaded TargetPlatform 'WindowsClient'
[2020.11.01-11.29.42:243][  0]LogTargetPlatformManager: Display: Loaded TargetPlatform 'WindowsServer'
[2020.11.01-11.29.42:243][  0]LogTargetPlatformManager: Display: Building Assets For Windows
[2020.11.01-11.29.42:252][  0]LogAudioDebug: Display: Lib vorbis DLL was dynamically loaded.
[2020.11.01-11.29.42:316][  0]LogShaderCompilers: Guid format shader working directory is -5 characters bigger than the processId version (C:/Users/Kacper Misiek/Desktop/ProjektCplusplus/HereTheyCome/Intermediate/Shaders/WorkingDirectory/964/).
[2020.11.01-11.29.42:316][  0]LogShaderCompilers: Cleaned the shader compiler working directory 'C:/Users/Kacper Misiek/AppData/Local/Temp/UnrealShaderWorkingDir/2C85A0D049E0CADF8D89EFB9FC78D1BD/'.
[2020.11.01-11.29.42:316][  0]LogXGEController: Cleaning working directory: C:/Users/Kacper Misiek/AppData/Local/Temp/UnrealXGEWorkingDir/
[2020.11.01-11.29.42:317][  0]LogXGEController: Cannot use XGE Controller as Incredibuild is not installed on this machine.
[2020.11.01-11.29.42:317][  0]LogShaderCompilers: Cannot use XGE Shader Compiler as Incredibuild is not installed on this machine.
[2020.11.01-11.29.42:317][  0]LogShaderCompilers: Display: Using Local Shader Compiler.
[2020.11.01-11.29.43:128][  0]LogDerivedDataCache: Display: Max Cache Size: 512 MB
[2020.11.01-11.29.43:181][  0]LogDerivedDataCache: Loaded boot cache 0.05s 76MB C:/Users/Kacper Misiek/AppData/Local/UnrealEngine/4.25/DerivedDataCache/Boot.ddc.
[2020.11.01-11.29.43:181][  0]LogDerivedDataCache: Display: Loaded Boot cache: C:/Users/Kacper Misiek/AppData/Local/UnrealEngine/4.25/DerivedDataCache/Boot.ddc
[2020.11.01-11.29.43:181][  0]LogDerivedDataCache: FDerivedDataBackendGraph:  Pak pak cache file C:/Users/Kacper Misiek/Desktop/ProjektCplusplus/HereTheyCome/DerivedDataCache/DDC.ddp not found, will not use a pak cache.
[2020.11.01-11.29.43:181][  0]LogDerivedDataCache: Unable to find inner node Pak for hierarchical cache Hierarchy.
[2020.11.01-11.29.43:181][  0]LogDerivedDataCache: FDerivedDataBackendGraph:  CompressedPak pak cache file C:/Users/Kacper Misiek/Desktop/ProjektCplusplus/HereTheyCome/DerivedDataCache/Compressed.ddp not found, will not use a pak cache.
[2020.11.01-11.29.43:181][  0]LogDerivedDataCache: Unable to find inner node CompressedPak for hierarchical cache Hierarchy.
[2020.11.01-11.29.43:192][  0]LogDerivedDataCache: Display: Pak cache opened for reading ../../../Engine/DerivedDataCache/Compressed.ddp.
[2020.11.01-11.29.43:193][  0]LogDerivedDataCache: FDerivedDataBackendGraph:  EnterprisePak pak cache file ../../../Enterprise/DerivedDataCache/Compressed.ddp not found, will not use a pak cache.
[2020.11.01-11.29.43:193][  0]LogDerivedDataCache: Unable to find inner node EnterprisePak for hierarchical cache Hierarchy.
[2020.11.01-11.29.43:194][  0]LogDerivedDataCache: Using Local data cache path C:/Users/Kacper Misiek/AppData/Local/UnrealEngine/Common/DerivedDataCache: Writable
[2020.11.01-11.29.43:194][  0]LogDerivedDataCache: Shared data cache path not found in *engine.ini, will not use an Shared cache.
[2020.11.01-11.29.43:194][  0]LogDerivedDataCache: Unable to find inner node Shared for hierarchical cache Hierarchy.
[2020.11.01-11.29.43:248][  0]LogSlate: Using FreeType 2.10.0
[2020.11.01-11.29.43:249][  0]LogSlate: SlateFontServices - WITH_FREETYPE: 1, WITH_HARFBUZZ: 1
[2020.11.01-11.29.43:281][  0]LogAssetRegistry: FAssetRegistry took 0.0026 seconds to start up
[2020.11.01-11.29.43:515][  0]LogInit: Selected Device Profile: [Windows]
[2020.11.01-11.29.43:638][  0]LogMeshReduction: Using QuadricMeshReduction for automatic static mesh reduction
[2020.11.01-11.29.43:638][  0]LogMeshReduction: Using SimplygonMeshReduction for automatic skeletal mesh reduction
[2020.11.01-11.29.43:638][  0]LogMeshReduction: Using ProxyLODMeshReduction for automatic mesh merging
[2020.11.01-11.29.43:638][  0]LogMeshReduction: No distributed automatic mesh merging module available
[2020.11.01-11.29.43:639][  0]LogMeshMerging: No distributed automatic mesh merging module available
[2020.11.01-11.29.43:656][  0]LogNetVersion: HereTheyCome 1.0.0, NetCL: 13144385, EngineNetVer: 14, GameNetVer: 0 (Checksum: 3118668702)
[2020.11.01-11.29.44:149][  0]LogAISub: UAISubsystem::UAISubsystem AISubsystem (00000150D7485900), frame # 0
[2020.11.01-11.29.44:149][  0]LogAISub: UAISubsystem::UAISubsystem AIPerceptionSystem (00000150D74107C0), frame # 0
[2020.11.01-11.29.44:150][  0]LogAISub: UAISubsystem::UAISubsystem EnvQueryManager (00000150D7444A00), frame # 0
[2020.11.01-11.29.44:216][  0]LogPackageLocalizationCache: Processed 19 localized package path(s) for 1 prioritized culture(s) in 0.060704 seconds
[2020.11.01-11.29.44:222][  0]LogUObjectArray: 15917 objects as part of root set at end of initial load.
[2020.11.01-11.29.44:222][  0]LogUObjectAllocator: 3965568 out of 0 bytes used by permanent object pool.
[2020.11.01-11.29.44:222][  0]LogUObjectArray: CloseDisregardForGC: 0/0 objects in disregard for GC pool
[2020.11.01-11.29.44:579][  0]LogTcpMessaging: Initializing TcpMessaging bridge
[2020.11.01-11.29.44:584][  0]LogUdpMessaging: Initializing bridge on interface 0.0.0.0:0 to multicast group 230.0.0.1:6666.
[2020.11.01-11.29.44:705][  0]SourceControl: Source control is disabled
[2020.11.01-11.29.44:705][  0]SourceControl: Source control is disabled
[2020.11.01-11.29.44:709][  0]SourceControl: Source control is disabled
[2020.11.01-11.29.44:712][  0]SourceControl: Source control is disabled
[2020.11.01-11.29.44:719][  0]SourceControl: Source control is disabled
[2020.11.01-11.29.44:973][  0]LogAndroidPermission: UAndroidPermissionCallbackProxy::GetInstance
[2020.11.01-11.29.44:994][  0]LogAudioCaptureCore: Display: No Audio Capture implementations found. Audio input will be silent.
[2020.11.01-11.29.44:994][  0]LogAudioCaptureCore: Display: No Audio Capture implementations found. Audio input will be silent.
[2020.11.01-11.29.45:045][  0]LogOcInput: OculusInput pre-init called
[2020.11.01-11.29.45:055][  0]LogWindows: Failed to load 'OVRPlugin.dll' (GetLastError=126)
[2020.11.01-11.29.45:055][  0]LogWindows: File 'OVRPlugin.dll' does not exist
[2020.11.01-11.29.45:118][  0]LogEngine: Initializing Engine...
[2020.11.01-11.29.45:119][  0]LogHMD: Failed to initialize OpenVR with code 110
[2020.11.01-11.29.45:119][  0]LogMagicLeap: Warning: VR disabled because ZI is not enabled.  To enable, in the editor, Edit -> Project Settings -> Plugins -> Magic Leap Plugin -> Enable Zero Iteration
[2020.11.01-11.29.45:120][  0]LogStats: UGameplayTagsManager::InitializeManager -  0.000 s
[2020.11.01-11.29.45:254][  0]LogInit: Initializing FReadOnlyCVARCache
[2020.11.01-11.29.45:262][  0]LogAIModule: Creating AISystem for world Untitled
[2020.11.01-11.29.45:262][  0]LogAISub: UAISubsystem::UAISubsystem EnvQueryManager (00000150D9D51200), frame # 0
[2020.11.01-11.29.45:262][  0]LogAISub: UAISubsystem::UAISubsystem AIPerceptionSystem (00000150D9D64B80), frame # 0
[2020.11.01-11.29.45:287][  0]LogAudioMixer: Display: Audio Mixer Platform Settings:
[2020.11.01-11.29.45:287][  0]LogAudioMixer: Display: 	Sample Rate:						  48000
[2020.11.01-11.29.45:287][  0]LogAudioMixer: Display: 	Callback Buffer Frame Size Requested: 1024
[2020.11.01-11.29.45:287][  0]LogAudioMixer: Display: 	Callback Buffer Frame Size To Use:	  1024
[2020.11.01-11.29.45:287][  0]LogAudioMixer: Display: 	Number of buffers to queue:			  2
[2020.11.01-11.29.45:287][  0]LogAudioMixer: Display: 	Max Channels (voices):				  32
[2020.11.01-11.29.45:287][  0]LogAudioMixer: Display: 	Number of Async Source Workers:		  0
[2020.11.01-11.29.45:287][  0]LogAudio: Display: AudioDevice MaxSources: 32
[2020.11.01-11.29.45:287][  0]LogAudio: Display: Using built-in audio occlusion.
[2020.11.01-11.29.45:287][  0]LogAudioMixer: Display: Initializing audio mixer.
[2020.11.01-11.29.45:301][  0]LogAudioMixer: Display: 0: FrontLeft
[2020.11.01-11.29.45:301][  0]LogAudioMixer: Display: 1: FrontRight
[2020.11.01-11.29.45:421][  0]LogAudioMixer: Display: Using Audio Device Głośniki (Realtek High Definition Audio)
[2020.11.01-11.29.45:422][  0]LogAudioMixer: Display: Initializing Sound Submixes...
[2020.11.01-11.29.45:424][  0]LogAudioMixer: Display: Creating Master Submix 'MasterSubmixDefault'
[2020.11.01-11.29.45:424][  0]LogAudioMixer: Display: Creating Master Submix 'MasterReverbSubmixDefault'
[2020.11.01-11.29.45:425][  0]LogAudioMixer: Display: Creating Master Submix 'MasterEQSubmixDefault'
[2020.11.01-11.29.45:426][  0]LogInit: FAudioDevice initialized.
[2020.11.01-11.29.45:426][  0]LogNetVersion: Set ProjectVersion to 1.0.0.0. Version Checksum will be recalculated on next use.
[2020.11.01-11.29.45:916][  0]LogDerivedDataCache: Saved boot cache 0.49s 76MB C:/Users/Kacper Misiek/AppData/Local/UnrealEngine/4.25/DerivedDataCache/Boot.ddc.
[2020.11.01-11.29.45:930][  0]LogInit: Texture streaming: Enabled
[2020.11.01-11.29.45:969][  0]LogEngineSessionManager: EngineSessionManager initialized
[2020.11.01-11.29.45:969][  0]LogEditorSessionSummary: Verbose: Initializing EditorSessionSummaryWriter for editor session tracking
[2020.11.01-11.29.45:971][  0]LogEditorSessionSummary: EditorSessionSummaryWriter initialized
[2020.11.01-11.29.46:029][  0]LogInit: Transaction tracking system initialized
[2020.11.01-11.29.46:051][  0]BlueprintLog: New page: Editor Load
[2020.11.01-11.29.46:202][  0]LocalizationService: Localization service is disabled
[2020.11.01-11.29.46:386][  0]LogCook: Display: Max memory allowance for cook 16384mb min free memory 0mb
[2020.11.01-11.29.46:386][  0]LogCook: Display: Mobile HDR setting 1
[2020.11.01-11.29.46:523][  0]LogFileCache: Scanning file cache for directory 'C:/Users/Kacper Misiek/Desktop/ProjektCplusplus/HereTheyCome/Content/' took 0.01s
[2020.11.01-11.29.46:794][  0]SourceControl: Source control is disabled
[2020.11.01-11.29.46:794][  0]LogUnrealEdMisc: Loading editor; pre map load, took 14.151
[2020.11.01-11.29.46:794][  0]Cmd: MAP LOAD FILE="C:/Users/Kacper Misiek/Desktop/ProjektCplusplus/HereTheyCome/Content/PuzzleBP/Maps/PuzzleExampleMap.umap" TEMPLATE=0 SHOWPROGRESS=1 FEATURELEVEL=3
[2020.11.01-11.29.46:794][  0]LightingResults: New page: Lighting Build
[2020.11.01-11.29.46:795][  0]LogWorld: UWorld::CleanupWorld for Untitled, bSessionEnded=true, bCleanupResources=true
[2020.11.01-11.29.46:795][  0]LogSlate: InvalidateAllWidgets triggered.  All widgets were invalidated
[2020.11.01-11.29.46:795][  0]MapCheck: New page: Map Check
[2020.11.01-11.29.46:795][  0]LightingResults: New page: Lighting Build
[2020.11.01-11.29.46:804][  0]LogAISub: UAISubsystem::~UAISubsystem EnvQueryManager (00000150D9D51200), frame # 0
[2020.11.01-11.29.46:804][  0]LogAISub: UAISubsystem::~UAISubsystem AIPerceptionSystem (00000150D9D64B80), frame # 0
[2020.11.01-11.29.46:804][  0]LogUObjectHash: Compacting FUObjectHashTables data took   0.70ms
[2020.11.01-11.29.46:935][  0]LogAIModule: Creating AISystem for world PuzzleExampleMap
[2020.11.01-11.29.46:935][  0]LogAISub: UAISubsystem::UAISubsystem EnvQueryManager (00000150CE778400), frame # 0
[2020.11.01-11.29.46:935][  0]LogAISub: UAISubsystem::UAISubsystem AIPerceptionSystem (00000150E3A9FB00), frame # 0
[2020.11.01-11.29.46:948][  0]LogEditorServer: Finished looking for orphan Actors (0.000 secs)
[2020.11.01-11.29.46:960][  0]LogUObjectHash: Compacting FUObjectHashTables data took   1.39ms
[2020.11.01-11.29.46:960][  0]Cmd: MAP CHECKDEP NOCLEARLOG
[2020.11.01-11.29.46:960][  0]MapCheck: Map check complete: 0 Error(s), 0 Warning(s), took 0,157ms to complete.
[2020.11.01-11.29.46:960][  0]LogFileHelpers: Loading map 'PuzzleExampleMap' took 0.166
[2020.11.01-11.29.46:963][  0]LogUnrealEdMisc: Total Editor Startup Time, took 14.320
[2020.11.01-11.29.47:128][  0]LogSlate: Updating window title bar state: overlay mode, drag disabled, window buttons hidden, title bar hidden
[2020.11.01-11.29.47:135][  0]LogSlate: Updating window title bar state: overlay mode, drag disabled, window buttons hidden, title bar hidden
[2020.11.01-11.29.47:143][  0]LogSlate: Updating window title bar state: overlay mode, drag disabled, window buttons hidden, title bar hidden
[2020.11.01-11.29.47:150][  0]LogSlate: Updating window title bar state: overlay mode, drag disabled, window buttons hidden, title bar hidden
[2020.11.01-11.29.47:158][  0]LogCollectionManager: Loaded 0 collections in 0.001681 seconds
[2020.11.01-11.29.47:171][  0]LogFileCache: Scanning file cache for directory 'C:/Users/Kacper Misiek/Desktop/ProjektCplusplus/HereTheyCome/Saved/Collections/' took 0.00s
[2020.11.01-11.29.47:171][  0]LogFileCache: Scanning file cache for directory 'C:/Users/Kacper Misiek/Desktop/ProjektCplusplus/HereTheyCome/Content/Developers/KacperMisiek/Collections/' took 0.00s
[2020.11.01-11.29.47:171][  0]LogFileCache: Scanning file cache for directory 'C:/Users/Kacper Misiek/Desktop/ProjektCplusplus/HereTheyCome/Content/Collections/' took 0.00s
[2020.11.01-11.29.47:171][  0]LogContentBrowser: Native class hierarchy populated in 0.0091 seconds. Added 3427 classes and 821 folders.
[2020.11.01-11.29.47:173][  0]LogContentBrowser: Native class hierarchy updated for 'WidgetCarousel' in 0.0003 seconds. Added 0 classes and 0 folders.
[2020.11.01-11.29.47:254][  0]LogContentBrowser: Native class hierarchy updated for 'AddContentDialog' in 0.0003 seconds. Added 0 classes and 0 folders.
[2020.11.01-11.29.47:255][  0]LogContentBrowser: Native class hierarchy updated for 'SceneOutliner' in 0.0002 seconds. Added 2 classes and 0 folders.
[2020.11.01-11.29.47:353][  0]LogSlate: Took 0.000301 seconds to synchronously load lazily loaded font '../../../Engine/Content/Slate/Fonts/Roboto-Regular.ttf' (155K)
[2020.11.01-11.29.47:355][  0]LogSlate: Took 0.000179 seconds to synchronously load lazily loaded font '../../../Engine/Content/Slate/Fonts/Roboto-Bold.ttf' (160K)
[2020.11.01-11.29.47:359][  0]LogSlate: Took 0.000180 seconds to synchronously load lazily loaded font '../../../Engine/Content/Editor/Slate/Fonts/FontAwesome.ttf' (139K)
[2020.11.01-11.29.47:429][  0]LogRenderer: Reallocating scene render targets to support 1208x572 Format 10 NumSamples 1 (Frame:1).
[2020.11.01-11.29.47:535][  0]LogContentBrowser: Native class hierarchy updated for 'HierarchicalLODOutliner' in 0.0002 seconds. Added 0 classes and 0 folders.
[2020.11.01-11.29.47:535][  0]LogLoad: (Engine Initialization) Total time: 14.89 seconds
[2020.11.01-11.29.47:535][  0]LogLoad: (Engine Initialization) Total Blueprint compile time: 0.00 seconds
[2020.11.01-11.29.47:576][  0]LogContentStreaming: Texture pool size now 1000 MB
[2020.11.01-11.29.47:627][  0]LogSlate: Took 0.000226 seconds to synchronously load lazily loaded font '../../../Engine/Content/Slate/Fonts/Roboto-Light.ttf' (167K)
[2020.11.01-11.29.48:868][100]LogAssetRegistry: Asset discovery search completed in 5.5881 seconds
[2020.11.01-11.29.48:873][100]LogCollectionManager: Fixed up redirectors for 0 collections in 0.000003 seconds (updated 0 objects)
[2020.11.01-11.30.05:512][304]LogMaterial: Display: Missing cached shader map for material M_Landscape, compiling. 
[2020.11.01-11.30.05:562][304]LogShaderCompilers: Display: Worker (1/3): shaders left to compile 6
[2020.11.01-11.30.05:562][304]LogShaderCompilers: Display: Worker (2/3): shaders left to compile 3
[2020.11.01-11.30.05:563][304]LogMaterial: Display: Missing cached shader map for material M_Landscape, compiling. 
[2020.11.01-11.30.05:573][304]LogMaterial: Display: Missing cached shader map for material M_Landscape, compiling. 
[2020.11.01-11.30.05:605][304]LogShaderCompilers: Display: Worker (3/3): shaders left to compile 12
[2020.11.01-11.30.05:605][304]LogTexture: Display: Building textures: Texture2D_2 (G8, 128X128)
[2020.11.01-11.30.05:903][304]LogSlate: Took 0.000251 seconds to synchronously load lazily loaded font '../../../Engine/Content/Slate/Fonts/Roboto-Italic.ttf' (157K)
[2020.11.01-11.30.07:690][470]LogShaderCompilers: Display: Worker (2/3): shaders left to compile 7
[2020.11.01-11.30.07:839][487]LogShaderCompilers: Display: Worker (1/3): shaders left to compile 4
[2020.11.01-11.30.09:298][648]LogShaderCompilers: Display: Worker (1/3): shaders left to compile 2
[2020.11.01-11.30.09:393][659]LogShaderCompilers: Display: Worker (3/3): shaders left to compile 1
[2020.11.01-11.30.18:364][697]LogRenderer: Reallocating scene render targets to support 1528x572 Format 10 NumSamples 1 (Frame:2399).
[2020.11.01-11.30.43:866][634]LogRenderer: Reallocating scene render targets to support 1528x872 Format 10 NumSamples 1 (Frame:3916).
[2020.11.01-11.30.59:115][366]LogStaticMesh: Building static mesh ButterflyBody...
[2020.11.01-11.30.59:131][366]LogSlate: Took 0.000274 seconds to synchronously load lazily loaded font '../../../Engine/Content/Slate/Fonts/Roboto-Light.ttf' (167K)
[2020.11.01-11.30.59:252][366]LogStaticMesh: Built static mesh [0.13s] /Game/AdvancedVillagePack/Meshes/ButterflyBody.ButterflyBody
[2020.11.01-11.30.59:436][366]LogTexture: Display: Building textures: T_Butterflies_O (AutoDXT, 512X512)
[2020.11.01-11.30.59:436][366]LogTexture: Display: Building textures: T_Butterflies_D (AutoDXT, 512X512)
[2020.11.01-11.30.59:436][366]LogMaterial: Display: Missing cached shader map for material M_Simple_Cutout, compiling. 
[2020.11.01-11.30.59:541][366]LogStaticMesh: Building static mesh ButterflyWing...
[2020.11.01-11.30.59:557][366]LogShaderCompilers: Display: Worker (1/3): shaders left to compile 71
[2020.11.01-11.30.59:557][366]LogShaderCompilers: Display: Worker (2/3): shaders left to compile 61
[2020.11.01-11.30.59:557][366]LogShaderCompilers: Display: Worker (3/3): shaders left to compile 51
[2020.11.01-11.30.59:561][366]LogStaticMesh: Built static mesh [0.02s] /Game/AdvancedVillagePack/Meshes/ButterflyWing.ButterflyWing
[2020.11.01-11.31.22:746][366]LogTexture: Display: Building textures: T_Pack_02_RM (AutoDXT, 4096X4096)
[2020.11.01-11.31.22:746][366]LogTexture: Display: Building textures: T_Pack_02_N (BC5, 4096X4096)
[2020.11.01-11.31.22:746][366]LogTexture: Display: Building textures: T_Pack_02_D (AutoDXT, 4096X4096)
[2020.11.01-11.31.22:746][366]LogShaderCompilers: Display: Worker (1/3): shaders left to compile 41
[2020.11.01-11.31.22:746][366]LogShaderCompilers: Display: Worker (2/3): shaders left to compile 31
[2020.11.01-11.31.22:746][366]LogTexture: Display: Building textures: T_Pack_03_E (AutoDXT, 4096X4096)
[2020.11.01-11.31.22:746][366]LogTexture: Display: Building textures: T_Pack_01_RM (AutoDXT, 4096X4096)
[2020.11.01-11.31.22:746][366]LogTexture: Display: Building textures: T_Pack_01_N (BC5, 4096X4096)
[2020.11.01-11.31.22:746][366]LogShaderCompilers: Display: Worker (3/3): shaders left to compile 21
[2020.11.01-11.31.22:746][366]LogShaderCompilers: Display: Worker (2/3): shaders left to compile 13
[2020.11.01-11.31.22:746][366]LogShaderCompilers: Display: Worker (1/3): shaders left to compile 8
[2020.11.01-11.31.22:746][366]LogTexture: Display: Building textures: T_Pack_01_D (AutoDXT, 4096X4096)
[2020.11.01-11.31.22:746][366]LogShaderCompilers: Display: Worker (1/3): shaders left to compile 5
[2020.11.01-11.31.22:746][366]LogShaderCompilers: Display: Worker (2/3): shaders left to compile 3
[2020.11.01-11.31.22:746][366]LogShaderCompilers: Display: Worker (1/3): shaders left to compile 1
[2020.11.01-11.31.22:746][366]LogMaterial: Display: Missing cached shader map for material M_Uber, compiling. 
[2020.11.01-11.31.22:757][366]LogStaticMesh: Building static mesh SM_Apple...
[2020.11.01-11.31.22:779][366]LogShaderCompilers: Display: Worker (1/3): shaders left to compile 15
[2020.11.01-11.31.22:779][366]LogShaderCompilers: Display: Worker (2/3): shaders left to compile 9
[2020.11.01-11.31.22:780][366]LogShaderCompilers: Display: Worker (3/3): shaders left to compile 3
[2020.11.01-11.31.22:799][366]LogStaticMesh: Built static mesh [0.04s] /Game/AdvancedVillagePack/Meshes/SM_Apple.SM_Apple
[2020.11.01-11.31.33:774][366]LogTexture: Display: Building textures: T_Pack_06_RM (AutoDXT, 4096X4096)
[2020.11.01-11.31.33:774][366]LogTexture: Display: Building textures: T_Pack_06_N (BC5, 4096X4096)
[2020.11.01-11.31.33:774][366]LogTexture: Display: Building textures: T_Pack_06_D (AutoDXT, 4096X4096)
[2020.11.01-11.31.33:774][366]LogStaticMesh: Building static mesh SM_Axe...
[2020.11.01-11.31.33:800][366]LogStaticMesh: Built static mesh [0.03s] /Game/AdvancedVillagePack/Meshes/SM_Axe.SM_Axe
[2020.11.01-11.31.33:816][366]LogStaticMesh: Building static mesh SM_Barrel...
[2020.11.01-11.31.33:872][366]LogStaticMesh: Built static mesh [0.06s] /Game/AdvancedVillagePack/Meshes/SM_Barrel.SM_Barrel
[2020.11.01-11.31.42:255][366]LogTexture: Display: Building textures: T_Pack_07_D (AutoDXT, 4096X4096)
[2020.11.01-11.31.42:255][366]LogTexture: Display: Building textures: T_Pack_07_N (BC5, 4096X4096)
[2020.11.01-11.31.42:255][366]LogTexture: Display: Building textures: T_Pack_07_RM (AutoDXT, 4096X4096)
[2020.11.01-11.31.42:255][366]LogStaticMesh: Building static mesh SM_Boat...
[2020.11.01-11.31.42:295][366]LogStaticMesh: Built static mesh [0.04s] /Game/AdvancedVillagePack/Meshes/SM_Boat.SM_Boat
[2020.11.01-11.31.42:305][366]LogStaticMesh: Building static mesh SM_Bridge_Var01...
[2020.11.01-11.31.42:337][366]LogStaticMesh: Built static mesh [0.03s] /Game/AdvancedVillagePack/Meshes/SM_Bridge_Var01.SM_Bridge_Var01
[2020.11.01-11.31.42:346][366]LogStaticMesh: Building static mesh SM_Bridge_Var02...
[2020.11.01-11.31.42:368][366]LogStaticMesh: Built static mesh [0.02s] /Game/AdvancedVillagePack/Meshes/SM_Bridge_Var02.SM_Bridge_Var02
[2020.11.01-11.31.42:376][366]LogStaticMesh: Building static mesh SM_Bridge_Var03...
[2020.11.01-11.31.42:401][366]LogStaticMesh: Built static mesh [0.03s] /Game/AdvancedVillagePack/Meshes/SM_Bridge_Var03.SM_Bridge_Var03
[2020.11.01-11.31.42:409][366]LogStaticMesh: Building static mesh SM_Bridge_Var04...
[2020.11.01-11.31.42:429][366]LogStaticMesh: Built static mesh [0.02s] /Game/AdvancedVillagePack/Meshes/SM_Bridge_Var04.SM_Bridge_Var04
[2020.11.01-11.31.42:441][366]LogStaticMesh: Building static mesh SM_Bucket...
[2020.11.01-11.31.42:472][366]LogStaticMesh: Built static mesh [0.03s] /Game/AdvancedVillagePack/Meshes/SM_Bucket.SM_Bucket
[2020.11.01-11.31.42:490][366]LogStaticMesh: Building static mesh SM_Cart_Var01...
[2020.11.01-11.31.42:579][366]LogStaticMesh: Built static mesh [0.09s] /Game/AdvancedVillagePack/Meshes/SM_Cart_Var01.SM_Cart_Var01
[2020.11.01-11.31.42:612][366]LogStaticMesh: Building static mesh SM_Cart_Var02...
[2020.11.01-11.31.42:700][366]LogStaticMesh: Built static mesh [0.09s] /Game/AdvancedVillagePack/Meshes/SM_Cart_Var02.SM_Cart_Var02
[2020.11.01-11.31.42:724][366]LogStaticMesh: Building static mesh SM_Cauldron...
[2020.11.01-11.31.42:764][366]LogStaticMesh: Built static mesh [0.04s] /Game/AdvancedVillagePack/Meshes/SM_Cauldron.SM_Cauldron
[2020.11.01-11.31.43:517][366]LogTexture: Display: Building textures: T_Pack_03_RM (AutoDXT, 4096X4096)
[2020.11.01-11.31.43:517][366]LogTexture: Display: Building textures: T_Pack_03_D (AutoDXT, 4096X4096)
[2020.11.01-11.31.51:158][366]LogTexture: Display: Building textures: T_Pack_03_N (BC5, 4096X4096)
[2020.11.01-11.31.51:158][366]LogStaticMesh: Building static mesh SM_Crate_Closed...
[2020.11.01-11.31.51:202][366]LogStaticMesh: Built static mesh [0.04s] /Game/AdvancedVillagePack/Meshes/SM_Crate_Closed.SM_Crate_Closed
[2020.11.01-11.31.51:215][366]LogStaticMesh: Building static mesh SM_Crate_Open...
[2020.11.01-11.31.51:287][366]LogStaticMesh: Built static mesh [0.07s] /Game/AdvancedVillagePack/Meshes/SM_Crate_Open.SM_Crate_Open
[2020.11.01-11.31.51:299][366]LogStaticMesh: Building static mesh SM_Fence_Var01...
[2020.11.01-11.31.51:318][366]LogStaticMesh: Built static mesh [0.02s] /Game/AdvancedVillagePack/Meshes/SM_Fence_Var01.SM_Fence_Var01
[2020.11.01-11.31.51:330][366]LogStaticMesh: Building static mesh SM_Fence_Var02...
[2020.11.01-11.31.51:353][366]LogStaticMesh: Built static mesh [0.02s] /Game/AdvancedVillagePack/Meshes/SM_Fence_Var02.SM_Fence_Var02
[2020.11.01-11.31.51:365][366]LogStaticMesh: Building static mesh SM_Fence_Var03...
[2020.11.01-11.31.51:400][366]LogStaticMesh: Built static mesh [0.03s] /Game/AdvancedVillagePack/Meshes/SM_Fence_Var03.SM_Fence_Var03
[2020.11.01-11.31.51:411][366]LogStaticMesh: Building static mesh SM_Fence_Var04...
[2020.11.01-11.31.51:435][366]LogStaticMesh: Built static mesh [0.02s] /Game/AdvancedVillagePack/Meshes/SM_Fence_Var04.SM_Fence_Var04
[2020.11.01-11.31.51:446][366]LogStaticMesh: Building static mesh SM_Fish...
[2020.11.01-11.31.51:467][366]LogStaticMesh: Built static mesh [0.02s] /Game/AdvancedVillagePack/Meshes/SM_Fish.SM_Fish
[2020.11.01-11.31.52:730][366]LogTexture: Display: Building textures: T_Pack_06_O (AutoDXT, 4096X4096)
[2020.11.01-11.31.52:730][366]LogMaterial: Display: Missing cached shader map for material M_Uber_Cutout, compiling. 
[2020.11.01-11.31.52:763][366]LogStaticMesh: Building static mesh SM_Flower_Var01...
[2020.11.01-11.31.52:770][366]LogShaderCompilers: Display: Worker (1/3): shaders left to compile 71
[2020.11.01-11.31.52:770][366]LogShaderCompilers: Display: Worker (2/3): shaders left to compile 61
[2020.11.01-11.31.52:770][366]LogShaderCompilers: Display: Worker (3/3): shaders left to compile 51
[2020.11.01-11.31.52:798][366]LogStaticMesh: Built static mesh [0.04s] /Game/AdvancedVillagePack/Meshes/SM_Flower_Var01.SM_Flower_Var01
[2020.11.01-11.31.52:809][366]LogStaticMesh: Building static mesh SM_Flower_Var02...
[2020.11.01-11.31.52:843][366]LogStaticMesh: Built static mesh [0.03s] /Game/AdvancedVillagePack/Meshes/SM_Flower_Var02.SM_Flower_Var02
[2020.11.01-11.31.52:853][366]LogStaticMesh: Building static mesh SM_Flower_Var03...
[2020.11.01-11.31.52:894][366]LogStaticMesh: Built static mesh [0.04s] /Game/AdvancedVillagePack/Meshes/SM_Flower_Var03.SM_Flower_Var03
[2020.11.01-11.31.52:903][366]LogStaticMesh: Building static mesh SM_Flower_Var04...
[2020.11.01-11.31.52:942][366]LogStaticMesh: Built static mesh [0.04s] /Game/AdvancedVillagePack/Meshes/SM_Flower_Var04.SM_Flower_Var04
[2020.11.01-11.31.52:953][366]LogStaticMesh: Building static mesh SM_Flower_Var05...
[2020.11.01-11.31.52:994][366]LogStaticMesh: Built static mesh [0.04s] /Game/AdvancedVillagePack/Meshes/SM_Flower_Var05.SM_Flower_Var05
[2020.11.01-11.31.53:004][366]LogStaticMesh: Building static mesh SM_Flower_Var06...
[2020.11.01-11.31.53:045][366]LogStaticMesh: Built static mesh [0.04s] /Game/AdvancedVillagePack/Meshes/SM_Flower_Var06.SM_Flower_Var06
[2020.11.01-11.31.53:969][366]LogTexture: Display: Building textures: T_Foliage_Var01_O (AutoDXT, 512X512)
[2020.11.01-11.31.53:969][366]LogTexture: Display: Building textures: T_Foliage_Var01_D (AutoDXT, 512X512)
[2020.11.01-11.31.53:969][366]LogTexture: Display: Building textures: T_Pack_TreeLeafs_RM (AutoDXT, 1024X1024)
[2020.11.01-11.31.53:969][366]LogTexture: Display: Building textures: T_Pack_TreeLeafs_O (AutoDXT, 1024X1024)
[2020.11.01-11.31.53:969][366]LogTexture: Display: Building textures: T_Pack_TreeLeafs_Mask (AutoDXT, 1024X1024)
[2020.11.01-11.31.53:969][366]LogTexture: Display: Building textures: T_Pack_TreeLeafs_N (BC5, 1024X1024)
[2020.11.01-11.31.53:969][366]LogTexture: Display: Building textures: T_Pack_TreeLeafs_D (AutoDXT, 1024X1024)
[2020.11.01-11.31.53:969][366]LogMaterial: Display: Missing cached shader map for material M_Uber_Cutout_Wind, compiling. 
[2020.11.01-11.31.54:019][366]LogStaticMesh: Building static mesh SM_GrassPatch_Var01...
[2020.11.01-11.31.54:059][366]LogStaticMesh: Built static mesh [0.04s] /Game/AdvancedVillagePack/Meshes/SM_GrassPatch_Var01.SM_GrassPatch_Var01
[2020.11.01-11.31.54:140][366]LogTexture: Display: Building textures: T_Foliage_Var02_O (AutoDXT, 512X512)
[2020.11.01-11.31.54:140][366]LogTexture: Display: Building textures: T_Foliage_Var02_D (AutoDXT, 512X512)
[2020.11.01-11.31.54:140][366]LogMaterial: Display: Missing cached shader map for material M_Simple_Cutout_Wind, compiling. 
[2020.11.01-11.31.54:268][366]LogTexture: Display: Building textures: T_Foliage_Var03_O (AutoDXT, 512X512)
[2020.11.01-11.31.54:268][366]LogTexture: Display: Building textures: T_Foliage_Var03_D (AutoDXT, 512X512)
[2020.11.01-11.31.54:268][366]LogStaticMesh: Building static mesh SM_Hay_Small_Var01...
[2020.11.01-11.31.54:292][366]LogStaticMesh: Built static mesh [0.02s] /Game/AdvancedVillagePack/Meshes/SM_Hay_Small_Var01.SM_Hay_Small_Var01
[2020.11.01-11.31.54:297][366]LogStaticMesh: Building static mesh SM_Hay_Small_Var02...
[2020.11.01-11.31.54:309][366]LogStaticMesh: Built static mesh [0.01s] /Game/AdvancedVillagePack/Meshes/SM_Hay_Small_Var02.SM_Hay_Small_Var02
[2020.11.01-11.31.54:316][366]LogStaticMesh: Building static mesh SM_Hay_Stack...
[2020.11.01-11.31.54:347][366]LogStaticMesh: Built static mesh [0.03s] /Game/AdvancedVillagePack/Meshes/SM_Hay_Stack.SM_Hay_Stack
[2020.11.01-11.32.00:809][366]LogTexture: Display: Building textures: T_Pack_04_RM (AutoDXT, 4096X4096)
[2020.11.01-11.32.00:809][366]LogTexture: Display: Building textures: T_Pack_04_N (BC5, 4096X4096)
[2020.11.01-11.32.00:809][366]LogTexture: Display: Building textures: T_Pack_04_E (AutoDXT, 4096X4096)
[2020.11.01-11.32.00:809][366]LogTexture: Display: Building textures: T_Pack_04_D (AutoDXT, 4096X4096)
[2020.11.01-11.32.00:809][366]LogStaticMesh: Building static mesh SM_House_Var01...
[2020.11.01-11.32.00:885][366]LogStaticMesh: Built static mesh [0.08s] /Game/AdvancedVillagePack/Meshes/SM_House_Var01.SM_House_Var01
