Log file open, 12/22/20 23:05:18
LogInit: Display: Running engine for game: HereTheyCome
LogPlatformFile: Not using cached read wrapper
LogTaskGraph: Started task graph with 5 named threads and 14 total threads with 3 sets of task threads.
LogStats: Stats thread started at 0.183778
LogD3D11RHI: Loaded GFSDK_Aftermath_Lib.x64.dll
LogICUInternationalization: ICU TimeZone Detection - Raw Offset: +1:00, Platform Override: ''
LogPluginManager: Mounting plugin Paper2D
LogPluginManager: Mounting plugin AISupport
LogPluginManager: Mounting plugin LightPropagationVolume
LogPluginManager: Mounting plugin CameraShakePreviewer
LogPluginManager: Mounting plugin ActorLayerUtilities
LogPluginManager: Mounting plugin AnimationSharing
LogPluginManager: Mounting plugin CLionSourceCodeAccess
LogPluginManager: Mounting plugin CodeLiteSourceCodeAccess
LogPluginManager: Mounting plugin GitSourceControl
LogPluginManager: Mounting plugin KDevelopSourceCodeAccess
LogPluginManager: Mounting plugin NullSourceCodeAccess
LogPluginManager: Mounting plugin PerforceSourceControl
LogPluginManager: Mounting plugin PlasticSourceControl
LogPluginManager: Mounting plugin RiderSourceCodeAccess
LogPluginManager: Mounting plugin SubversionSourceControl
LogPluginManager: Mounting plugin UObjectPlugin
LogPluginManager: Mounting plugin VisualStudioCodeSourceCodeAccess
LogPluginManager: Mounting plugin VisualStudioSourceCodeAccess
LogPluginManager: Mounting plugin XCodeSourceCodeAccess
LogPluginManager: Mounting plugin AssetManagerEditor
LogPluginManager: Mounting plugin CryptoKeys
LogPluginManager: Mounting plugin CurveEditorTools
LogPluginManager: Mounting plugin DataValidation
LogPluginManager: Mounting plugin EditorScriptingUtilities
LogPluginManager: Mounting plugin FacialAnimation
LogPluginManager: Mounting plugin GameplayTagsEditor
LogPluginManager: Mounting plugin GeometryMode
LogPluginManager: Mounting plugin MacGraphicsSwitching
LogPluginManager: Mounting plugin MaterialAnalyzer
LogPluginManager: Mounting plugin MobileLauncherProfileWizard
LogPluginManager: Mounting plugin PluginBrowser
LogPluginManager: Mounting plugin SpeedTreeImporter
LogPluginManager: Mounting plugin DatasmithContent
LogPluginManager: Mounting plugin VariantManagerContent
LogPluginManager: Mounting plugin AlembicImporter
LogPluginManager: Mounting plugin AutomationUtils
LogPluginManager: Mounting plugin BackChannel
LogPluginManager: Mounting plugin ChaosCloth
LogPluginManager: Mounting plugin ChaosClothEditor
LogPluginManager: Mounting plugin ChaosEditor
LogPluginManager: Mounting plugin ChaosNiagara
LogPluginManager: Mounting plugin ChaosSolverPlugin
LogPluginManager: Mounting plugin CharacterAI
LogPluginManager: Mounting plugin GeometryCache
LogPluginManager: Mounting plugin GeometryCollectionPlugin
LogPluginManager: Mounting plugin GeometryProcessing
LogPluginManager: Mounting plugin PlanarCut
LogPluginManager: Mounting plugin PlatformCrypto
LogPluginManager: Mounting plugin ProxyLODPlugin
LogPluginManager: Mounting plugin SkeletalReduction
LogPluginManager: Mounting plugin Niagara
LogPluginManager: Mounting plugin MagicLeap
LogPluginManager: Mounting plugin MagicLeapLightEstimation
LogPluginManager: Mounting plugin MagicLeapMedia
LogPluginManager: Mounting plugin MagicLeapPassableWorld
LogPluginManager: Mounting plugin MLSDK
LogPluginManager: Mounting plugin AndroidMedia
LogPluginManager: Mounting plugin AvfMedia
LogPluginManager: Mounting plugin ImgMedia
LogPluginManager: Mounting plugin MediaCompositing
LogPluginManager: Mounting plugin MediaPlayerEditor
LogPluginManager: Mounting plugin WebMMedia
LogPluginManager: Mounting plugin WmfMedia
LogPluginManager: Mounting plugin MeshPainting
LogPluginManager: Mounting plugin TcpMessaging
LogPluginManager: Mounting plugin UdpMessaging
LogPluginManager: Mounting plugin ActorSequence
LogPluginManager: Mounting plugin LevelSequenceEditor
LogPluginManager: Mounting plugin MatineeToLevelSequence
LogPluginManager: Mounting plugin MovieRenderPipeline
LogPluginManager: Mounting plugin TemplateSequence
LogPluginManager: Mounting plugin NetcodeUnitTest
LogPluginManager: Mounting plugin NUTUnrealEngine4
LogPluginManager: Mounting plugin OnlineSubsystemGooglePlay
LogPluginManager: Mounting plugin OnlineSubsystemIOS
LogPluginManager: Mounting plugin OnlineSubsystem
LogPluginManager: Mounting plugin OnlineSubsystemNull
LogPluginManager: Mounting plugin OnlineSubsystemUtils
LogPluginManager: Mounting plugin LauncherChunkInstaller
LogPluginManager: Mounting plugin AndroidDeviceProfileSelector
LogPluginManager: Mounting plugin AndroidMoviePlayer
LogPluginManager: Mounting plugin AndroidPermission
LogPluginManager: Mounting plugin AppleImageUtils
LogPluginManager: Mounting plugin AppleMoviePlayer
LogPluginManager: Mounting plugin ArchVisCharacter
LogPluginManager: Mounting plugin AssetTags
LogPluginManager: Mounting plugin AudioCapture
LogPluginManager: Mounting plugin CableComponent
LogPluginManager: Mounting plugin CustomMeshComponent
LogPluginManager: Mounting plugin EditableMesh
LogPluginManager: Mounting plugin ExampleDeviceProfileSelector
LogPluginManager: Mounting plugin GoogleCloudMessaging
LogPluginManager: Mounting plugin GooglePAD
LogPluginManager: Mounting plugin IOSDeviceProfileSelector
LogPluginManager: Mounting plugin LinuxDeviceProfileSelector
LogPluginManager: Mounting plugin LocationServicesBPLibrary
LogPluginManager: Mounting plugin MobilePatchingUtils
LogPluginManager: Mounting plugin OculusVR
LogPluginManager: Mounting plugin PhysXVehicles
LogPluginManager: Mounting plugin PostSplashScreen
LogPluginManager: Mounting plugin ProceduralMeshComponent
LogPluginManager: Mounting plugin RuntimePhysXCooking
LogPluginManager: Mounting plugin SignificanceManager
LogPluginManager: Mounting plugin SoundFields
LogPluginManager: Mounting plugin SteamVR
LogPluginManager: Mounting plugin Synthesis
LogPluginManager: Mounting plugin WebMMoviePlayer
LogPluginManager: Mounting plugin WindowsMoviePlayer
LogPluginManager: Mounting plugin ScreenshotTools
LogInit: Using libcurl 7.55.1-DEV
LogInit:  - built for x86_64-pc-win32
LogInit:  - supports SSL with OpenSSL/1.1.1
LogInit:  - supports HTTP deflate (compression) using libz 1.2.8
LogInit:  - other features:
LogInit:      CURL_VERSION_SSL
LogInit:      CURL_VERSION_LIBZ
LogInit:      CURL_VERSION_IPV6
LogInit:      CURL_VERSION_ASYNCHDNS
LogInit:      CURL_VERSION_LARGEFILE
LogInit:      CURL_VERSION_IDN
LogInit:  CurlRequestOptions (configurable via config and command line):
LogInit:  - bVerifyPeer = true  - Libcurl will verify peer certificate
LogInit:  - bUseHttpProxy = false  - Libcurl will NOT use HTTP proxy
LogInit:  - bDontReuseConnections = false  - Libcurl will reuse connections
LogInit:  - MaxHostConnections = 16  - Libcurl will limit the number of connections to a host
LogInit:  - LocalHostAddr = Default
LogInit:  - BufferSize = 65536
LogOnline: OSS: Creating online subsystem instance for: NULL
LogInit: WinSock: version 1.1 (2.2), MaxSocks=32767, MaxUdp=65467
LogOnline: OSS: TryLoadSubsystemAndSetDefault: Loaded subsystem for module [NULL]
LogInit: Build: ++UE4+Release-4.25-CL-14469661
LogInit: Engine Version: 4.25.4-14469661+++UE4+Release-4.25
LogInit: Compatible Engine Version: 4.25.0-13144385+++UE4+Release-4.25
LogInit: Net CL: 13144385
LogInit: OS: Windows 10 (Release 1909) (), CPU: Intel(R) Core(TM) i5-6500 CPU @ 3.20GHz, GPU: NVIDIA GeForce GTX 1060 6GB
LogInit: Compiled (64-bit): Oct 11 2020 08:10:49
LogInit: Compiled with Visual C++: 19.24.28315.00
LogInit: Build Configuration: Development
LogInit: Branch Name: ++UE4+Release-4.25
LogInit: Command Line: 
LogInit: Base Directory: E:/Unreal Engine/UE_4.25/Engine/Binaries/Win64/
LogInit: Allocator: TBB
LogInit: Installed Engine Build: 1
LogDevObjectVersion: Number of dev versions registered: 26
LogDevObjectVersion:   Dev-Blueprints (B0D832E4-1F89-4F0D-ACCF-7EB736FD4AA2): 10
LogDevObjectVersion:   Dev-Build (E1C64328-A22C-4D53-A36C-8E866417BD8C): 0
LogDevObjectVersion:   Dev-Core (375EC13C-06E4-48FB-B500-84F0262A717E): 4
LogDevObjectVersion:   Dev-Editor (E4B068ED-F494-42E9-A231-DA0B2E46BB41): 38
LogDevObjectVersion:   Dev-Framework (CFFC743F-43B0-4480-9391-14DF171D2073): 37
LogDevObjectVersion:   Dev-Mobile (B02B49B5-BB20-44E9-A304-32B752E40360): 2
LogDevObjectVersion:   Dev-Networking (A4E4105C-59A1-49B5-A7C5-40C4547EDFEE): 0
LogDevObjectVersion:   Dev-Online (39C831C9-5AE6-47DC-9A44-9C173E1C8E7C): 0
LogDevObjectVersion:   Dev-Physics (78F01B33-EBEA-4F98-B9B4-84EACCB95AA2): 4
LogDevObjectVersion:   Dev-Platform (6631380F-2D4D-43E0-8009-CF276956A95A): 0
LogDevObjectVersion:   Dev-Rendering (12F88B9F-8875-4AFC-A67C-D90C383ABD29): 43
LogDevObjectVersion:   Dev-Sequencer (7B5AE74C-D270-4C10-A958-57980B212A5A): 12
LogDevObjectVersion:   Dev-VR (D7296918-1DD6-4BDD-9DE2-64A83CC13884): 3
LogDevObjectVersion:   Dev-LoadTimes (C2A15278-BFE7-4AFE-6C17-90FF531DF755): 1
LogDevObjectVersion:   Private-Geometry (6EACA3D4-40EC-4CC1-B786-8BED09428FC5): 3
LogDevObjectVersion:   Dev-AnimPhys (29E575DD-E0A3-4627-9D10-D276232CDCEA): 17
LogDevObjectVersion:   Dev-Anim (AF43A65D-7FD3-4947-9873-3E8ED9C1BB05): 7
LogDevObjectVersion:   Dev-ReflectionCapture (6B266CEC-1EC7-4B8F-A30B-E4D90942FC07): 1
LogDevObjectVersion:   Dev-Automation (0DF73D61-A23F-47EA-B727-89E90C41499A): 1
LogDevObjectVersion:   FortniteMain (601D1886-AC64-4F84-AA16-D3DE0DEAC7D6): 31
LogDevObjectVersion:   Dev-Enterprise (9DFFBCD6-494F-0158-E221-12823C92A888): 10
LogDevObjectVersion:   Dev-Niagara (F2AED0AC-9AFE-416F-8664-AA7FFA26D6FC): 1
LogDevObjectVersion:   Dev-Destruction (174F1F0B-B4C6-45A5-B13F-2EE8D0FB917D): 10
LogDevObjectVersion:   Dev-Physics-Ext (35F94A83-E258-406C-A318-09F59610247C): 37
LogDevObjectVersion:   Dev-PhysicsMaterial-Chaos (B68FC16E-8B1B-42E2-B453-215C058844FE): 1
LogDevObjectVersion:   Dev-CineCamera (B2E18506-4273-CFC2-A54E-F4BB758BBA07): 1
LogInit: Presizing for max 25165824 objects, including 0 objects not considered by GC, pre-allocating 0 bytes for permanent pool.
LogConfig: Applying CVar settings from Section [/Script/Engine.StreamingSettings] File [C:/Users/Kacper Misiek/Desktop/ProjektCplusplus/HereTheyCome/Saved/Config/Windows/Engine.ini]
LogConfig: Setting CVar [[s.MinBulkDataSizeForAsyncLoading:131072]]
LogConfig: Setting CVar [[s.AsyncLoadingThreadEnabled:0]]
LogConfig: Setting CVar [[s.EventDrivenLoaderEnabled:1]]
LogConfig: Setting CVar [[s.WarnIfTimeLimitExceeded:0]]
LogConfig: Setting CVar [[s.TimeLimitExceededMultiplier:1.5]]
LogConfig: Setting CVar [[s.TimeLimitExceededMinTime:0.005]]
LogConfig: Setting CVar [[s.UseBackgroundLevelStreaming:1]]
LogConfig: Setting CVar [[s.PriorityAsyncLoadingExtraTime:15.0]]
LogConfig: Setting CVar [[s.LevelStreamingActorsUpdateTimeLimit:5.0]]
LogConfig: Setting CVar [[s.PriorityLevelStreamingActorsUpdateExtraTime:5.0]]
LogConfig: Setting CVar [[s.LevelStreamingComponentsRegistrationGranularity:10]]
LogConfig: Setting CVar [[s.UnregisterComponentsTimeLimit:1.0]]
LogConfig: Setting CVar [[s.LevelStreamingComponentsUnregistrationGranularity:5]]
LogConfig: Setting CVar [[s.FlushStreamingOnExit:1]]
LogInit: Object subsystem initialized
LogConfig: Setting CVar [[con.DebugEarlyDefault:1]]
LogConfig: Setting CVar [[r.setres:1280x720]]
[2020.12.22-22.05.18:916][  0]LogConfig: Setting CVar [[r.VSync:0]]
[2020.12.22-22.05.18:916][  0]LogConfig: Setting CVar [[r.RHICmdBypass:0]]
[2020.12.22-22.05.18:916][  0]LogConfig: Applying CVar settings from Section [/Script/Engine.RendererSettings] File [C:/Users/Kacper Misiek/Desktop/ProjektCplusplus/HereTheyCome/Saved/Config/Windows/Engine.ini]
[2020.12.22-22.05.18:916][  0]LogConfig: Setting CVar [[r.GPUCrashDebugging:0]]
[2020.12.22-22.05.18:916][  0]LogConfig: Applying CVar settings from Section [/Script/Engine.RendererOverrideSettings] File [C:/Users/Kacper Misiek/Desktop/ProjektCplusplus/HereTheyCome/Saved/Config/Windows/Engine.ini]
[2020.12.22-22.05.18:916][  0]LogConfig: Applying CVar settings from Section [/Script/Engine.StreamingSettings] File [C:/Users/Kacper Misiek/Desktop/ProjektCplusplus/HereTheyCome/Saved/Config/Windows/Engine.ini]
[2020.12.22-22.05.18:916][  0]LogConfig: Setting CVar [[s.MinBulkDataSizeForAsyncLoading:131072]]
[2020.12.22-22.05.18:916][  0]LogConfig: Setting CVar [[s.AsyncLoadingThreadEnabled:0]]
[2020.12.22-22.05.18:916][  0]LogConfig: Setting CVar [[s.EventDrivenLoaderEnabled:1]]
[2020.12.22-22.05.18:916][  0]LogConfig: Setting CVar [[s.WarnIfTimeLimitExceeded:0]]
[2020.12.22-22.05.18:916][  0]LogConfig: Setting CVar [[s.TimeLimitExceededMultiplier:1.5]]
[2020.12.22-22.05.18:916][  0]LogConfig: Setting CVar [[s.TimeLimitExceededMinTime:0.005]]
[2020.12.22-22.05.18:916][  0]LogConfig: Setting CVar [[s.UseBackgroundLevelStreaming:1]]
[2020.12.22-22.05.18:916][  0]LogConfig: Setting CVar [[s.PriorityAsyncLoadingExtraTime:15.0]]
[2020.12.22-22.05.18:916][  0]LogConfig: Setting CVar [[s.LevelStreamingActorsUpdateTimeLimit:5.0]]
[2020.12.22-22.05.18:916][  0]LogConfig: Setting CVar [[s.PriorityLevelStreamingActorsUpdateExtraTime:5.0]]
[2020.12.22-22.05.18:916][  0]LogConfig: Setting CVar [[s.LevelStreamingComponentsRegistrationGranularity:10]]
[2020.12.22-22.05.18:916][  0]LogConfig: Setting CVar [[s.UnregisterComponentsTimeLimit:1.0]]
[2020.12.22-22.05.18:916][  0]LogConfig: Setting CVar [[s.LevelStreamingComponentsUnregistrationGranularity:5]]
[2020.12.22-22.05.18:916][  0]LogConfig: Setting CVar [[s.FlushStreamingOnExit:1]]
[2020.12.22-22.05.18:916][  0]LogConfig: Applying CVar settings from Section [/Script/Engine.GarbageCollectionSettings] File [C:/Users/Kacper Misiek/Desktop/ProjektCplusplus/HereTheyCome/Saved/Config/Windows/Engine.ini]
[2020.12.22-22.05.18:916][  0]LogConfig: Setting CVar [[gc.MaxObjectsNotConsideredByGC:1]]
[2020.12.22-22.05.18:916][  0]LogConfig: Setting CVar [[gc.SizeOfPermanentObjectPool:0]]
[2020.12.22-22.05.18:916][  0]LogConfig: Setting CVar [[gc.FlushStreamingOnGC:0]]
[2020.12.22-22.05.18:916][  0]LogConfig: Setting CVar [[gc.NumRetriesBeforeForcingGC:10]]
[2020.12.22-22.05.18:916][  0]LogConfig: Setting CVar [[gc.AllowParallelGC:1]]
[2020.12.22-22.05.18:916][  0]LogConfig: Setting CVar [[gc.TimeBetweenPurgingPendingKillObjects:61.1]]
[2020.12.22-22.05.18:916][  0]LogConfig: Setting CVar [[gc.MaxObjectsInEditor:25165824]]
[2020.12.22-22.05.18:916][  0]LogConfig: Setting CVar [[gc.IncrementalBeginDestroyEnabled:1]]
[2020.12.22-22.05.18:916][  0]LogConfig: Setting CVar [[gc.CreateGCClusters:1]]
[2020.12.22-22.05.18:916][  0]LogConfig: Setting CVar [[gc.MinGCClusterSize:5]]
[2020.12.22-22.05.18:916][  0]LogConfig: Setting CVar [[gc.ActorClusteringEnabled:0]]
[2020.12.22-22.05.18:916][  0]LogConfig: Setting CVar [[gc.BlueprintClusteringEnabled:0]]
[2020.12.22-22.05.18:916][  0]LogConfig: Setting CVar [[gc.UseDisregardForGCOnDedicatedServers:0]]
[2020.12.22-22.05.18:916][  0]LogConfig: Applying CVar settings from Section [/Script/Engine.NetworkSettings] File [C:/Users/Kacper Misiek/Desktop/ProjektCplusplus/HereTheyCome/Saved/Config/Windows/Engine.ini]
[2020.12.22-22.05.18:916][  0]LogConfig: Applying CVar settings from Section [/Script/UnrealEd.CookerSettings] File [C:/Users/Kacper Misiek/Desktop/ProjektCplusplus/HereTheyCome/Saved/Config/Windows/Engine.ini]
[2020.12.22-22.05.18:918][  0]LogConfig: Applying CVar settings from Section [ViewDistanceQuality@3] File [C:/Users/Kacper Misiek/Desktop/ProjektCplusplus/HereTheyCome/Saved/Config/Windows/Scalability.ini]
[2020.12.22-22.05.18:918][  0]LogConfig: Setting CVar [[r.SkeletalMeshLODBias:0]]
[2020.12.22-22.05.18:918][  0]LogConfig: Setting CVar [[r.ViewDistanceScale:1.0]]
[2020.12.22-22.05.18:918][  0]LogConfig: Applying CVar settings from Section [AntiAliasingQuality@3] File [C:/Users/Kacper Misiek/Desktop/ProjektCplusplus/HereTheyCome/Saved/Config/Windows/Scalability.ini]
[2020.12.22-22.05.18:918][  0]LogConfig: Setting CVar [[r.PostProcessAAQuality:4]]
[2020.12.22-22.05.18:918][  0]LogConfig: Applying CVar settings from Section [ShadowQuality@3] File [C:/Users/Kacper Misiek/Desktop/ProjektCplusplus/HereTheyCome/Saved/Config/Windows/Scalability.ini]
[2020.12.22-22.05.18:918][  0]LogConfig: Setting CVar [[r.LightFunctionQuality:1]]
[2020.12.22-22.05.18:918][  0]LogConfig: Setting CVar [[r.ShadowQuality:5]]
[2020.12.22-22.05.18:918][  0]LogConfig: Setting CVar [[r.Shadow.CSM.MaxCascades:10]]
[2020.12.22-22.05.18:918][  0]LogConfig: Setting CVar [[r.Shadow.MaxResolution:2048]]
[2020.12.22-22.05.18:918][  0]LogConfig: Setting CVar [[r.Shadow.MaxCSMResolution:2048]]
[2020.12.22-22.05.18:918][  0]LogConfig: Setting CVar [[r.Shadow.RadiusThreshold:0.01]]
[2020.12.22-22.05.18:919][  0]LogConfig: Setting CVar [[r.Shadow.DistanceScale:1.0]]
[2020.12.22-22.05.18:919][  0]LogConfig: Setting CVar [[r.Shadow.CSM.TransitionScale:1.0]]
[2020.12.22-22.05.18:919][  0]LogConfig: Setting CVar [[r.Shadow.PreShadowResolutionFactor:1.0]]
[2020.12.22-22.05.18:919][  0]LogConfig: Setting CVar [[r.DistanceFieldShadowing:1]]
[2020.12.22-22.05.18:919][  0]LogConfig: Setting CVar [[r.DistanceFieldAO:1]]
[2020.12.22-22.05.18:919][  0]LogConfig: Setting CVar [[r.AOQuality:2]]
[2020.12.22-22.05.18:919][  0]LogConfig: Setting CVar [[r.VolumetricFog:1]]
[2020.12.22-22.05.18:919][  0]LogConfig: Setting CVar [[r.VolumetricFog.GridPixelSize:8]]
[2020.12.22-22.05.18:919][  0]LogConfig: Setting CVar [[r.VolumetricFog.GridSizeZ:128]]
[2020.12.22-22.05.18:919][  0]LogConfig: Setting CVar [[r.VolumetricFog.HistoryMissSupersampleCount:4]]
[2020.12.22-22.05.18:919][  0]LogConfig: Setting CVar [[r.LightMaxDrawDistanceScale:1]]
[2020.12.22-22.05.18:919][  0]LogConfig: Setting CVar [[r.CapsuleShadows:1]]
[2020.12.22-22.05.18:919][  0]LogConfig: Applying CVar settings from Section [PostProcessQuality@3] File [C:/Users/Kacper Misiek/Desktop/ProjektCplusplus/HereTheyCome/Saved/Config/Windows/Scalability.ini]
[2020.12.22-22.05.18:919][  0]LogConfig: Setting CVar [[r.MotionBlurQuality:4]]
[2020.12.22-22.05.18:919][  0]LogConfig: Setting CVar [[r.AmbientOcclusionMipLevelFactor:0.4]]
[2020.12.22-22.05.18:919][  0]LogConfig: Setting CVar [[r.AmbientOcclusionMaxQuality:100]]
[2020.12.22-22.05.18:919][  0]LogConfig: Setting CVar [[r.AmbientOcclusionLevels:-1]]
[2020.12.22-22.05.18:919][  0]LogConfig: Setting CVar [[r.AmbientOcclusionRadiusScale:1.0]]
[2020.12.22-22.05.18:919][  0]LogConfig: Setting CVar [[r.DepthOfFieldQuality:2]]
[2020.12.22-22.05.18:919][  0]LogConfig: Setting CVar [[r.RenderTargetPoolMin:400]]
[2020.12.22-22.05.18:919][  0]LogConfig: Setting CVar [[r.LensFlareQuality:2]]
[2020.12.22-22.05.18:919][  0]LogConfig: Setting CVar [[r.SceneColorFringeQuality:1]]
[2020.12.22-22.05.18:919][  0]LogConfig: Setting CVar [[r.EyeAdaptationQuality:2]]
[2020.12.22-22.05.18:919][  0]LogConfig: Setting CVar [[r.BloomQuality:5]]
[2020.12.22-22.05.18:919][  0]LogConfig: Setting CVar [[r.FastBlurThreshold:100]]
[2020.12.22-22.05.18:919][  0]LogConfig: Setting CVar [[r.Upscale.Quality:3]]
[2020.12.22-22.05.18:919][  0]LogConfig: Setting CVar [[r.Tonemapper.GrainQuantization:1]]
[2020.12.22-22.05.18:919][  0]LogConfig: Setting CVar [[r.LightShaftQuality:1]]
[2020.12.22-22.05.18:919][  0]LogConfig: Setting CVar [[r.Filter.SizeScale:1]]
[2020.12.22-22.05.18:919][  0]LogConfig: Setting CVar [[r.Tonemapper.Quality:5]]
[2020.12.22-22.05.18:919][  0]LogConfig: Setting CVar [[r.DOF.Gather.AccumulatorQuality:1        ; higher gathering accumulator quality]]
[2020.12.22-22.05.18:919][  0]LogConfig: Setting CVar [[r.DOF.Gather.PostfilterMethod:1          ; Median3x3 postfilering method]]
[2020.12.22-22.05.18:919][  0]LogConfig: Setting CVar [[r.DOF.Gather.EnableBokehSettings:0       ; no bokeh simulation when gathering]]
[2020.12.22-22.05.18:919][  0]LogConfig: Setting CVar [[r.DOF.Gather.RingCount:4                 ; medium number of samples when gathering]]
[2020.12.22-22.05.18:919][  0]LogConfig: Setting CVar [[r.DOF.Scatter.ForegroundCompositing:1    ; additive foreground scattering]]
[2020.12.22-22.05.18:919][  0]LogConfig: Setting CVar [[r.DOF.Scatter.BackgroundCompositing:2    ; additive background scattering]]
[2020.12.22-22.05.18:919][  0]LogConfig: Setting CVar [[r.DOF.Scatter.EnableBokehSettings:1      ; bokeh simulation when scattering]]
[2020.12.22-22.05.18:919][  0]LogConfig: Setting CVar [[r.DOF.Scatter.MaxSpriteRatio:0.1         ; only a maximum of 10% of scattered bokeh]]
[2020.12.22-22.05.18:919][  0]LogConfig: Setting CVar [[r.DOF.Recombine.Quality:1                ; cheap slight out of focus]]
[2020.12.22-22.05.18:919][  0]LogConfig: Setting CVar [[r.DOF.Recombine.EnableBokehSettings:0    ; no bokeh simulation on slight out of focus]]
[2020.12.22-22.05.18:919][  0]LogConfig: Setting CVar [[r.DOF.TemporalAAQuality:1                ; more stable temporal accumulation]]
[2020.12.22-22.05.18:919][  0]LogConfig: Setting CVar [[r.DOF.Kernel.MaxForegroundRadius:0.025]]
[2020.12.22-22.05.18:919][  0]LogConfig: Setting CVar [[r.DOF.Kernel.MaxBackgroundRadius:0.025]]
[2020.12.22-22.05.18:919][  0]LogConfig: Applying CVar settings from Section [TextureQuality@3] File [C:/Users/Kacper Misiek/Desktop/ProjektCplusplus/HereTheyCome/Saved/Config/Windows/Scalability.ini]
[2020.12.22-22.05.18:919][  0]LogConfig: Setting CVar [[r.Streaming.MipBias:0]]
[2020.12.22-22.05.18:919][  0]LogConfig: Setting CVar [[r.Streaming.AmortizeCPUToGPUCopy:0]]
[2020.12.22-22.05.18:919][  0]LogConfig: Setting CVar [[r.Streaming.MaxNumTexturesToStreamPerFrame:0]]
[2020.12.22-22.05.18:919][  0]LogConfig: Setting CVar [[r.Streaming.Boost:1]]
[2020.12.22-22.05.18:919][  0]LogConfig: Setting CVar [[r.MaxAnisotropy:8]]
[2020.12.22-22.05.18:919][  0]LogConfig: Setting CVar [[r.VT.MaxAnisotropy:8]]
[2020.12.22-22.05.18:919][  0]LogConfig: Setting CVar [[r.Streaming.LimitPoolSizeToVRAM:0]]
[2020.12.22-22.05.18:919][  0]LogConfig: Setting CVar [[r.Streaming.PoolSize:1000]]
[2020.12.22-22.05.18:919][  0]LogConfig: Setting CVar [[r.Streaming.MaxEffectiveScreenSize:0]]
[2020.12.22-22.05.18:919][  0]LogConfig: Applying CVar settings from Section [EffectsQuality@3] File [C:/Users/Kacper Misiek/Desktop/ProjektCplusplus/HereTheyCome/Saved/Config/Windows/Scalability.ini]
[2020.12.22-22.05.18:919][  0]LogConfig: Setting CVar [[r.TranslucencyLightingVolumeDim:64]]
[2020.12.22-22.05.18:919][  0]LogConfig: Setting CVar [[r.RefractionQuality:2]]
[2020.12.22-22.05.18:920][  0]LogConfig: Setting CVar [[r.SSR.Quality:3]]
[2020.12.22-22.05.18:920][  0]LogConfig: Setting CVar [[r.SSR.HalfResSceneColor:0]]
[2020.12.22-22.05.18:920][  0]LogConfig: Setting CVar [[r.SceneColorFormat:4]]
[2020.12.22-22.05.18:920][  0]LogConfig: Setting CVar [[r.DetailMode:2]]
[2020.12.22-22.05.18:920][  0]LogConfig: Setting CVar [[r.TranslucencyVolumeBlur:1]]
[2020.12.22-22.05.18:920][  0]LogConfig: Setting CVar [[r.MaterialQualityLevel:1 ; High quality]]
[2020.12.22-22.05.18:920][  0]LogConfig: Setting CVar [[r.SSS.Scale:1]]
[2020.12.22-22.05.18:920][  0]LogConfig: Setting CVar [[r.SSS.SampleSet:2]]
[2020.12.22-22.05.18:920][  0]LogConfig: Setting CVar [[r.SSS.Quality:1]]
[2020.12.22-22.05.18:920][  0]LogConfig: Setting CVar [[r.SSS.HalfRes:0]]
[2020.12.22-22.05.18:920][  0]LogConfig: Setting CVar [[r.SSGI.Quality:3]]
[2020.12.22-22.05.18:920][  0]LogConfig: Setting CVar [[r.EmitterSpawnRateScale:1.0]]
[2020.12.22-22.05.18:920][  0]LogConfig: Setting CVar [[r.ParticleLightQuality:2]]
[2020.12.22-22.05.18:920][  0]LogConfig: Setting CVar [[r.SkyAtmosphere.AerialPerspectiveLUT.FastApplyOnOpaque:1 ; Always have FastSkyLUT 1 in this case to avoid wrong sky]]
[2020.12.22-22.05.18:920][  0]LogConfig: Setting CVar [[r.SkyAtmosphere.AerialPerspectiveLUT.SampleCountPerSlice:1]]
[2020.12.22-22.05.18:920][  0]LogConfig: Setting CVar [[r.SkyAtmosphere.AerialPerspectiveLUT.DepthResolution:16.0]]
[2020.12.22-22.05.18:920][  0]LogConfig: Setting CVar [[r.SkyAtmosphere.FastSkyLUT:1]]
[2020.12.22-22.05.18:920][  0]LogConfig: Setting CVar [[r.SkyAtmosphere.FastSkyLUT.SampleCountMin:4.0]]
[2020.12.22-22.05.18:920][  0]LogConfig: Setting CVar [[r.SkyAtmosphere.FastSkyLUT.SampleCountMax:32.0]]
[2020.12.22-22.05.18:920][  0]LogConfig: Setting CVar [[r.SkyAtmosphere.SampleCountMin:4.0]]
[2020.12.22-22.05.18:920][  0]LogConfig: Setting CVar [[r.SkyAtmosphere.SampleCountMax:32.0]]
[2020.12.22-22.05.18:920][  0]LogConfig: Setting CVar [[r.SkyAtmosphere.TransmittanceLUT.UseSmallFormat:0]]
[2020.12.22-22.05.18:920][  0]LogConfig: Setting CVar [[r.SkyAtmosphere.TransmittanceLUT.SampleCount:10.0]]
[2020.12.22-22.05.18:920][  0]LogConfig: Setting CVar [[r.SkyAtmosphere.MultiScatteringLUT.SampleCount:15.0]]
[2020.12.22-22.05.18:920][  0]LogConfig: Applying CVar settings from Section [FoliageQuality@3] File [C:/Users/Kacper Misiek/Desktop/ProjektCplusplus/HereTheyCome/Saved/Config/Windows/Scalability.ini]
[2020.12.22-22.05.18:920][  0]LogConfig: Setting CVar [[foliage.DensityScale:1.0]]
[2020.12.22-22.05.18:920][  0]LogConfig: Setting CVar [[grass.DensityScale:1.0]]
[2020.12.22-22.05.18:920][  0]LogConfig: Applying CVar settings from Section [ShadingQuality@3] File [C:/Users/Kacper Misiek/Desktop/ProjektCplusplus/HereTheyCome/Saved/Config/Windows/Scalability.ini]
[2020.12.22-22.05.18:920][  0]LogConfig: Setting CVar [[r.HairStrands.SkyLighting.SampleCount:16]]
[2020.12.22-22.05.18:920][  0]LogConfig: Setting CVar [[r.HairStrands.SkyLighting.JitterIntegration:0]]
[2020.12.22-22.05.18:920][  0]LogConfig: Setting CVar [[r.HairStrands.SkyAO.SampleCount:16]]
[2020.12.22-22.05.18:920][  0]LogConfig: Setting CVar [[r.HairStrands.DeepShadow.SuperSampling:0]]
[2020.12.22-22.05.18:920][  0]LogConfig: Setting CVar [[r.HairStrands.VisibilityPPLL:0]]
[2020.12.22-22.05.18:920][  0]LogConfig: Setting CVar [[r.HairStrands.RasterizationScale:0.5]]
[2020.12.22-22.05.18:920][  0]LogConfig: Setting CVar [[r.HairStrands.VelocityRasterizationScale:1]]
[2020.12.22-22.05.18:920][  0]LogInit: Selected Device Profile: [Windows]
[2020.12.22-22.05.18:920][  0]LogInit: Applying CVar settings loaded from the selected device profile: [Windows]
[2020.12.22-22.05.18:920][  0]LogHAL: Display: Platform has ~ 8 GB [8519647232 / 8589934592 / 8], which maps to Default [LargestMinGB=32, LargerMinGB=12, DefaultMinGB=8, SmallerMinGB=6, SmallestMinGB=0)
[2020.12.22-22.05.18:920][  0]LogInit: Going up to parent DeviceProfile []
[2020.12.22-22.05.18:920][  0]LogConfig: Applying CVar settings from Section [ViewDistanceQuality@3] File [C:/Users/Kacper Misiek/Desktop/ProjektCplusplus/HereTheyCome/Saved/Config/Windows/Scalability.ini]
[2020.12.22-22.05.18:920][  0]LogConfig: Setting CVar [[r.SkeletalMeshLODBias:0]]
[2020.12.22-22.05.18:920][  0]LogConfig: Setting CVar [[r.ViewDistanceScale:1.0]]
[2020.12.22-22.05.18:920][  0]LogConfig: Applying CVar settings from Section [AntiAliasingQuality@3] File [C:/Users/Kacper Misiek/Desktop/ProjektCplusplus/HereTheyCome/Saved/Config/Windows/Scalability.ini]
[2020.12.22-22.05.18:920][  0]LogConfig: Setting CVar [[r.PostProcessAAQuality:4]]
[2020.12.22-22.05.18:920][  0]LogConfig: Applying CVar settings from Section [ShadowQuality@3] File [C:/Users/Kacper Misiek/Desktop/ProjektCplusplus/HereTheyCome/Saved/Config/Windows/Scalability.ini]
[2020.12.22-22.05.18:920][  0]LogConfig: Setting CVar [[r.LightFunctionQuality:1]]
[2020.12.22-22.05.18:920][  0]LogConfig: Setting CVar [[r.ShadowQuality:5]]
[2020.12.22-22.05.18:920][  0]LogConfig: Setting CVar [[r.Shadow.CSM.MaxCascades:10]]
[2020.12.22-22.05.18:920][  0]LogConfig: Setting CVar [[r.Shadow.MaxResolution:2048]]
[2020.12.22-22.05.18:920][  0]LogConfig: Setting CVar [[r.Shadow.MaxCSMResolution:2048]]
[2020.12.22-22.05.18:920][  0]LogConfig: Setting CVar [[r.Shadow.RadiusThreshold:0.01]]
[2020.12.22-22.05.18:920][  0]LogConfig: Setting CVar [[r.Shadow.DistanceScale:1.0]]
[2020.12.22-22.05.18:920][  0]LogConfig: Setting CVar [[r.Shadow.CSM.TransitionScale:1.0]]
[2020.12.22-22.05.18:920][  0]LogConfig: Setting CVar [[r.Shadow.PreShadowResolutionFactor:1.0]]
[2020.12.22-22.05.18:920][  0]LogConfig: Setting CVar [[r.DistanceFieldShadowing:1]]
[2020.12.22-22.05.18:921][  0]LogConfig: Setting CVar [[r.DistanceFieldAO:1]]
[2020.12.22-22.05.18:921][  0]LogConfig: Setting CVar [[r.AOQuality:2]]
[2020.12.22-22.05.18:921][  0]LogConfig: Setting CVar [[r.VolumetricFog:1]]
[2020.12.22-22.05.18:921][  0]LogConfig: Setting CVar [[r.VolumetricFog.GridPixelSize:8]]
[2020.12.22-22.05.18:921][  0]LogConfig: Setting CVar [[r.VolumetricFog.GridSizeZ:128]]
[2020.12.22-22.05.18:921][  0]LogConfig: Setting CVar [[r.VolumetricFog.HistoryMissSupersampleCount:4]]
[2020.12.22-22.05.18:921][  0]LogConfig: Setting CVar [[r.LightMaxDrawDistanceScale:1]]
[2020.12.22-22.05.18:921][  0]LogConfig: Setting CVar [[r.CapsuleShadows:1]]
[2020.12.22-22.05.18:921][  0]LogConfig: Applying CVar settings from Section [PostProcessQuality@3] File [C:/Users/Kacper Misiek/Desktop/ProjektCplusplus/HereTheyCome/Saved/Config/Windows/Scalability.ini]
[2020.12.22-22.05.18:921][  0]LogConfig: Setting CVar [[r.MotionBlurQuality:4]]
[2020.12.22-22.05.18:921][  0]LogConfig: Setting CVar [[r.AmbientOcclusionMipLevelFactor:0.4]]
[2020.12.22-22.05.18:921][  0]LogConfig: Setting CVar [[r.AmbientOcclusionMaxQuality:100]]
[2020.12.22-22.05.18:921][  0]LogConfig: Setting CVar [[r.AmbientOcclusionLevels:-1]]
[2020.12.22-22.05.18:921][  0]LogConfig: Setting CVar [[r.AmbientOcclusionRadiusScale:1.0]]
[2020.12.22-22.05.18:921][  0]LogConfig: Setting CVar [[r.DepthOfFieldQuality:2]]
[2020.12.22-22.05.18:921][  0]LogConfig: Setting CVar [[r.RenderTargetPoolMin:400]]
[2020.12.22-22.05.18:921][  0]LogConfig: Setting CVar [[r.LensFlareQuality:2]]
[2020.12.22-22.05.18:921][  0]LogConfig: Setting CVar [[r.SceneColorFringeQuality:1]]
[2020.12.22-22.05.18:921][  0]LogConfig: Setting CVar [[r.EyeAdaptationQuality:2]]
[2020.12.22-22.05.18:921][  0]LogConfig: Setting CVar [[r.BloomQuality:5]]
[2020.12.22-22.05.18:921][  0]LogConfig: Setting CVar [[r.FastBlurThreshold:100]]
[2020.12.22-22.05.18:921][  0]LogConfig: Setting CVar [[r.Upscale.Quality:3]]
[2020.12.22-22.05.18:921][  0]LogConfig: Setting CVar [[r.Tonemapper.GrainQuantization:1]]
[2020.12.22-22.05.18:921][  0]LogConfig: Setting CVar [[r.LightShaftQuality:1]]
[2020.12.22-22.05.18:921][  0]LogConfig: Setting CVar [[r.Filter.SizeScale:1]]
[2020.12.22-22.05.18:921][  0]LogConfig: Setting CVar [[r.Tonemapper.Quality:5]]
[2020.12.22-22.05.18:921][  0]LogConfig: Setting CVar [[r.DOF.Gather.AccumulatorQuality:1        ; higher gathering accumulator quality]]
[2020.12.22-22.05.18:921][  0]LogConfig: Setting CVar [[r.DOF.Gather.PostfilterMethod:1          ; Median3x3 postfilering method]]
[2020.12.22-22.05.18:921][  0]LogConfig: Setting CVar [[r.DOF.Gather.EnableBokehSettings:0       ; no bokeh simulation when gathering]]
[2020.12.22-22.05.18:921][  0]LogConfig: Setting CVar [[r.DOF.Gather.RingCount:4                 ; medium number of samples when gathering]]
[2020.12.22-22.05.18:921][  0]LogConfig: Setting CVar [[r.DOF.Scatter.ForegroundCompositing:1    ; additive foreground scattering]]
[2020.12.22-22.05.18:921][  0]LogConfig: Setting CVar [[r.DOF.Scatter.BackgroundCompositing:2    ; additive background scattering]]
[2020.12.22-22.05.18:921][  0]LogConfig: Setting CVar [[r.DOF.Scatter.EnableBokehSettings:1      ; bokeh simulation when scattering]]
[2020.12.22-22.05.18:921][  0]LogConfig: Setting CVar [[r.DOF.Scatter.MaxSpriteRatio:0.1         ; only a maximum of 10% of scattered bokeh]]
[2020.12.22-22.05.18:921][  0]LogConfig: Setting CVar [[r.DOF.Recombine.Quality:1                ; cheap slight out of focus]]
[2020.12.22-22.05.18:921][  0]LogConfig: Setting CVar [[r.DOF.Recombine.EnableBokehSettings:0    ; no bokeh simulation on slight out of focus]]
[2020.12.22-22.05.18:921][  0]LogConfig: Setting CVar [[r.DOF.TemporalAAQuality:1                ; more stable temporal accumulation]]
[2020.12.22-22.05.18:921][  0]LogConfig: Setting CVar [[r.DOF.Kernel.MaxForegroundRadius:0.025]]
[2020.12.22-22.05.18:921][  0]LogConfig: Setting CVar [[r.DOF.Kernel.MaxBackgroundRadius:0.025]]
[2020.12.22-22.05.18:921][  0]LogConfig: Applying CVar settings from Section [TextureQuality@3] File [C:/Users/Kacper Misiek/Desktop/ProjektCplusplus/HereTheyCome/Saved/Config/Windows/Scalability.ini]
[2020.12.22-22.05.18:921][  0]LogConfig: Setting CVar [[r.Streaming.MipBias:0]]
[2020.12.22-22.05.18:921][  0]LogConfig: Setting CVar [[r.Streaming.AmortizeCPUToGPUCopy:0]]
[2020.12.22-22.05.18:921][  0]LogConfig: Setting CVar [[r.Streaming.MaxNumTexturesToStreamPerFrame:0]]
[2020.12.22-22.05.18:921][  0]LogConfig: Setting CVar [[r.Streaming.Boost:1]]
[2020.12.22-22.05.18:921][  0]LogConfig: Setting CVar [[r.MaxAnisotropy:8]]
[2020.12.22-22.05.18:921][  0]LogConfig: Setting CVar [[r.VT.MaxAnisotropy:8]]
[2020.12.22-22.05.18:921][  0]LogConfig: Setting CVar [[r.Streaming.LimitPoolSizeToVRAM:0]]
[2020.12.22-22.05.18:921][  0]LogConfig: Setting CVar [[r.Streaming.PoolSize:1000]]
[2020.12.22-22.05.18:921][  0]LogConfig: Setting CVar [[r.Streaming.MaxEffectiveScreenSize:0]]
[2020.12.22-22.05.18:921][  0]LogConfig: Applying CVar settings from Section [EffectsQuality@3] File [C:/Users/Kacper Misiek/Desktop/ProjektCplusplus/HereTheyCome/Saved/Config/Windows/Scalability.ini]
[2020.12.22-22.05.18:921][  0]LogConfig: Setting CVar [[r.TranslucencyLightingVolumeDim:64]]
[2020.12.22-22.05.18:921][  0]LogConfig: Setting CVar [[r.RefractionQuality:2]]
[2020.12.22-22.05.18:921][  0]LogConfig: Setting CVar [[r.SSR.Quality:3]]
[2020.12.22-22.05.18:921][  0]LogConfig: Setting CVar [[r.SSR.HalfResSceneColor:0]]
[2020.12.22-22.05.18:921][  0]LogConfig: Setting CVar [[r.SceneColorFormat:4]]
[2020.12.22-22.05.18:921][  0]LogConfig: Setting CVar [[r.DetailMode:2]]
[2020.12.22-22.05.18:921][  0]LogConfig: Setting CVar [[r.TranslucencyVolumeBlur:1]]
[2020.12.22-22.05.18:921][  0]LogConfig: Setting CVar [[r.MaterialQualityLevel:1 ; High quality]]
[2020.12.22-22.05.18:921][  0]LogConfig: Setting CVar [[r.SSS.Scale:1]]
[2020.12.22-22.05.18:921][  0]LogConfig: Setting CVar [[r.SSS.SampleSet:2]]
[2020.12.22-22.05.18:921][  0]LogConfig: Setting CVar [[r.SSS.Quality:1]]
[2020.12.22-22.05.18:921][  0]LogConfig: Setting CVar [[r.SSS.HalfRes:0]]
[2020.12.22-22.05.18:921][  0]LogConfig: Setting CVar [[r.SSGI.Quality:3]]
[2020.12.22-22.05.18:921][  0]LogConfig: Setting CVar [[r.EmitterSpawnRateScale:1.0]]
[2020.12.22-22.05.18:921][  0]LogConfig: Setting CVar [[r.ParticleLightQuality:2]]
[2020.12.22-22.05.18:921][  0]LogConfig: Setting CVar [[r.SkyAtmosphere.AerialPerspectiveLUT.FastApplyOnOpaque:1 ; Always have FastSkyLUT 1 in this case to avoid wrong sky]]
[2020.12.22-22.05.18:921][  0]LogConfig: Setting CVar [[r.SkyAtmosphere.AerialPerspectiveLUT.SampleCountPerSlice:1]]
[2020.12.22-22.05.18:922][  0]LogConfig: Setting CVar [[r.SkyAtmosphere.AerialPerspectiveLUT.DepthResolution:16.0]]
[2020.12.22-22.05.18:922][  0]LogConfig: Setting CVar [[r.SkyAtmosphere.FastSkyLUT:1]]
[2020.12.22-22.05.18:922][  0]LogConfig: Setting CVar [[r.SkyAtmosphere.FastSkyLUT.SampleCountMin:4.0]]
[2020.12.22-22.05.18:922][  0]LogConfig: Setting CVar [[r.SkyAtmosphere.FastSkyLUT.SampleCountMax:32.0]]
[2020.12.22-22.05.18:922][  0]LogConfig: Setting CVar [[r.SkyAtmosphere.SampleCountMin:4.0]]
[2020.12.22-22.05.18:922][  0]LogConfig: Setting CVar [[r.SkyAtmosphere.SampleCountMax:32.0]]
[2020.12.22-22.05.18:922][  0]LogConfig: Setting CVar [[r.SkyAtmosphere.TransmittanceLUT.UseSmallFormat:0]]
[2020.12.22-22.05.18:922][  0]LogConfig: Setting CVar [[r.SkyAtmosphere.TransmittanceLUT.SampleCount:10.0]]
[2020.12.22-22.05.18:922][  0]LogConfig: Setting CVar [[r.SkyAtmosphere.MultiScatteringLUT.SampleCount:15.0]]
[2020.12.22-22.05.18:922][  0]LogConfig: Applying CVar settings from Section [FoliageQuality@3] File [C:/Users/Kacper Misiek/Desktop/ProjektCplusplus/HereTheyCome/Saved/Config/Windows/Scalability.ini]
[2020.12.22-22.05.18:922][  0]LogConfig: Setting CVar [[foliage.DensityScale:1.0]]
[2020.12.22-22.05.18:922][  0]LogConfig: Setting CVar [[grass.DensityScale:1.0]]
[2020.12.22-22.05.18:922][  0]LogConfig: Applying CVar settings from Section [ShadingQuality@3] File [C:/Users/Kacper Misiek/Desktop/ProjektCplusplus/HereTheyCome/Saved/Config/Windows/Scalability.ini]
[2020.12.22-22.05.18:922][  0]LogConfig: Setting CVar [[r.HairStrands.SkyLighting.SampleCount:16]]
[2020.12.22-22.05.18:922][  0]LogConfig: Setting CVar [[r.HairStrands.SkyLighting.JitterIntegration:0]]
[2020.12.22-22.05.18:922][  0]LogConfig: Setting CVar [[r.HairStrands.SkyAO.SampleCount:16]]
[2020.12.22-22.05.18:922][  0]LogConfig: Setting CVar [[r.HairStrands.DeepShadow.SuperSampling:0]]
[2020.12.22-22.05.18:922][  0]LogConfig: Setting CVar [[r.HairStrands.VisibilityPPLL:0]]
[2020.12.22-22.05.18:922][  0]LogConfig: Setting CVar [[r.HairStrands.RasterizationScale:0.5]]
[2020.12.22-22.05.18:922][  0]LogConfig: Setting CVar [[r.HairStrands.VelocityRasterizationScale:1]]
[2020.12.22-22.05.18:922][  0]LogConfig: Applying CVar settings from Section [Startup] File [../../../Engine/Config/ConsoleVariables.ini]
[2020.12.22-22.05.18:922][  0]LogConfig: Setting CVar [[net.UseAdaptiveNetUpdateFrequency:0]]
[2020.12.22-22.05.18:922][  0]LogConfig: Setting CVar [[p.chaos.AllowCreatePhysxBodies:1]]
[2020.12.22-22.05.18:922][  0]LogConfig: Setting CVar [[fx.SkipVectorVMBackendOptimizations:1]]
[2020.12.22-22.05.18:922][  0]LogConfig: Applying CVar settings from Section [ConsoleVariables] File [C:/Users/Kacper Misiek/Desktop/ProjektCplusplus/HereTheyCome/Saved/Config/Windows/Engine.ini]
[2020.12.22-22.05.18:922][  0]LogInit: Computer: DESKTOP-PMQPH7G
[2020.12.22-22.05.18:922][  0]LogInit: User: Kacper2
[2020.12.22-22.05.18:922][  0]LogInit: CPU Page size=4096, Cores=4
[2020.12.22-22.05.18:922][  0]LogInit: High frequency timer resolution =10.000000 MHz
[2020.12.22-22.05.18:922][  0]LogMemory: Memory total: Physical=7.9GB (8GB approx)
[2020.12.22-22.05.18:922][  0]LogMemory: Platform Memory Stats for Windows
[2020.12.22-22.05.18:922][  0]LogMemory: Process Physical Memory: 113.10 MB used, 113.10 MB peak
[2020.12.22-22.05.18:922][  0]LogMemory: Process Virtual Memory: 95.34 MB used, 95.34 MB peak
[2020.12.22-22.05.18:922][  0]LogMemory: Physical Memory: 5319.47 MB used,  2805.50 MB free, 8124.97 MB total
[2020.12.22-22.05.18:922][  0]LogMemory: Virtual Memory: 5126.93 MB used,  134212600.00 MB free, 134217728.00 MB total
[2020.12.22-22.05.18:926][  0]LogWindows: WindowsPlatformFeatures enabled
[2020.12.22-22.05.19:149][  0]LogInit: Physics initialised using underlying interface: PhysX
[2020.12.22-22.05.19:195][  0]LogInit: Using OS detected language (pl-PL).
[2020.12.22-22.05.19:195][  0]LogInit: Using OS detected locale (pl-PL).
[2020.12.22-22.05.19:316][  0]LogTextLocalizationManager: No specific localization for 'pl-PL' exists, so the 'pl' localization will be used.
[2020.12.22-22.05.19:328][  0]LogTextLocalizationResource: LocRes '../../../Engine/Content/Localization/Editor/pl/Editor.locres' could not be opened for reading!
[2020.12.22-22.05.19:328][  0]LogTextLocalizationResource: LocRes '../../../Engine/Content/Localization/EditorTutorials/pl/EditorTutorials.locres' could not be opened for reading!
[2020.12.22-22.05.19:328][  0]LogTextLocalizationResource: LocRes '../../../Engine/Content/Localization/Keywords/pl/Keywords.locres' could not be opened for reading!
[2020.12.22-22.05.19:328][  0]LogTextLocalizationResource: LocRes '../../../Engine/Content/Localization/Category/pl/Category.locres' could not be opened for reading!
[2020.12.22-22.05.19:340][  0]LogTextLocalizationResource: LocRes '../../../Engine/Content/Localization/ToolTips/pl/ToolTips.locres' could not be opened for reading!
[2020.12.22-22.05.19:353][  0]LogTextLocalizationResource: LocRes '../../../Engine/Content/Localization/PropertyNames/pl/PropertyNames.locres' could not be opened for reading!
[2020.12.22-22.05.19:353][  0]LogTextLocalizationResource: LocRes '../../../Engine/Content/Localization/Engine/pl/Engine.locres' could not be opened for reading!
[2020.12.22-22.05.19:442][  0]LogInit: Setting process to per monitor DPI aware
[2020.12.22-22.05.20:292][  0]LogSlate: New Slate User Created.  User Index 0, Is Virtual User: 0
[2020.12.22-22.05.20:292][  0]LogSlate: Slate User Registered.  User Index 0, Is Virtual User: 0
[2020.12.22-22.05.21:366][  0]LogHMD: Failed to initialize OpenVR with code 110
[2020.12.22-22.05.21:367][  0]LogD3D11RHI: D3D11 min allowed feature level: 11_0
[2020.12.22-22.05.21:367][  0]LogD3D11RHI: D3D11 max allowed feature level: 11_0
[2020.12.22-22.05.21:367][  0]LogD3D11RHI: D3D11 adapters:
[2020.12.22-22.05.21:554][  0]LogD3D11RHI:    0. 'NVIDIA GeForce GTX 1060 6GB' (Feature Level 11_0)
[2020.12.22-22.05.21:554][  0]LogD3D11RHI:       6052/0/4062 MB DedicatedVideo/DedicatedSystem/SharedSystem, Outputs:1, VendorId:0x10de
[2020.12.22-22.05.21:559][  0]LogD3D11RHI:    1. 'Microsoft Basic Render Driver' (Feature Level 11_0)
[2020.12.22-22.05.21:560][  0]LogD3D11RHI:       0/0/4062 MB DedicatedVideo/DedicatedSystem/SharedSystem, Outputs:0, VendorId:0x1414
[2020.12.22-22.05.21:560][  0]LogD3D11RHI: Chosen D3D11 Adapter: 0
[2020.12.22-22.05.21:594][  0]LogD3D11RHI: Creating new Direct3DDevice
[2020.12.22-22.05.21:594][  0]LogD3D11RHI:     GPU DeviceId: 0x1c03 (for the marketing name, search the web for "GPU Device Id")
[2020.12.22-22.05.21:604][  0]LogWindows: EnumDisplayDevices:
[2020.12.22-22.05.21:605][  0]LogWindows:    0. 'NVIDIA GeForce GTX 1060 6GB' (P:1 D:1)
[2020.12.22-22.05.21:605][  0]LogWindows:    1. 'NVIDIA GeForce GTX 1060 6GB' (P:0 D:0)
[2020.12.22-22.05.21:605][  0]LogWindows:    2. 'NVIDIA GeForce GTX 1060 6GB' (P:0 D:0)
[2020.12.22-22.05.21:606][  0]LogWindows:    3. 'NVIDIA GeForce GTX 1060 6GB' (P:0 D:0)
[2020.12.22-22.05.21:606][  0]LogWindows: DebugString: FoundDriverCount:4 
[2020.12.22-22.05.21:606][  0]LogD3D11RHI:     Adapter Name: NVIDIA GeForce GTX 1060 6GB
[2020.12.22-22.05.21:606][  0]LogD3D11RHI:   Driver Version: 460.89 (internal:27.21.14.6089, unified:460.89)
[2020.12.22-22.05.21:606][  0]LogD3D11RHI:      Driver Date: 12-11-2020
[2020.12.22-22.05.21:607][  0]LogRHI: Texture pool is 4236 MB (70% of 6052 MB)
[2020.12.22-22.05.21:679][  0]LogD3D11RHI: RHI has support for 64 bit atomics
[2020.12.22-22.05.21:679][  0]LogD3D11RHI: Async texture creation enabled
[2020.12.22-22.05.21:679][  0]LogD3D11RHI: Array index from any shader is supported
[2020.12.22-22.05.22:259][  0]LogD3D11RHI: GPU Timing Frequency: 1000.000000 (Debug: 2 1)
[2020.12.22-22.05.23:311][  0]LogTargetPlatformManager: Display: Loaded TargetPlatform 'AllDesktop'
[2020.12.22-22.05.23:348][  0]LogTargetPlatformManager: Display: Loaded TargetPlatform 'Android'
[2020.12.22-22.05.23:348][  0]LogTargetPlatformManager: Display: Loaded TargetPlatform 'Android_ASTC'
[2020.12.22-22.05.23:348][  0]LogTargetPlatformManager: Display: Loaded TargetPlatform 'Android_DXT'
[2020.12.22-22.05.23:348][  0]LogTargetPlatformManager: Display: Loaded TargetPlatform 'Android_ETC2'
[2020.12.22-22.05.23:348][  0]LogTargetPlatformManager: Display: Loaded TargetPlatform 'AndroidClient'
[2020.12.22-22.05.23:348][  0]LogTargetPlatformManager: Display: Loaded TargetPlatform 'Android_ASTCClient'
[2020.12.22-22.05.23:348][  0]LogTargetPlatformManager: Display: Loaded TargetPlatform 'Android_DXTClient'
[2020.12.22-22.05.23:348][  0]LogTargetPlatformManager: Display: Loaded TargetPlatform 'Android_ETC2Client'
[2020.12.22-22.05.23:348][  0]LogTargetPlatformManager: Display: Loaded TargetPlatform 'Android_Multi'
[2020.12.22-22.05.23:348][  0]LogTargetPlatformManager: Display: Loaded TargetPlatform 'Android_MultiClient'
[2020.12.22-22.05.23:460][  0]LogTargetPlatformManager: Display: Loaded TargetPlatform 'IOSClient'
[2020.12.22-22.05.23:460][  0]LogTargetPlatformManager: Display: Loaded TargetPlatform 'IOS'
[2020.12.22-22.05.23:490][  0]LogTargetPlatformManager: Display: Loaded TargetPlatform 'Linux'
[2020.12.22-22.05.23:516][  0]LogTargetPlatformManager: Display: Loaded TargetPlatform 'LinuxNoEditor'
[2020.12.22-22.05.23:541][  0]LogTargetPlatformManager: Display: Loaded TargetPlatform 'LinuxClient'
[2020.12.22-22.05.23:555][  0]LogTargetPlatformManager: Display: Loaded TargetPlatform 'LinuxServer'
[2020.12.22-22.05.23:572][  0]LogTargetPlatformManager: Display: Loaded TargetPlatform 'LinuxAArch64NoEditor'
[2020.12.22-22.05.23:601][  0]LogTargetPlatformManager: Display: Loaded TargetPlatform 'LinuxAArch64Client'
[2020.12.22-22.05.23:614][  0]LogTargetPlatformManager: Display: Loaded TargetPlatform 'LinuxAArch64Server'
[2020.12.22-22.05.23:658][  0]LogTargetPlatformManager: Display: Loaded TargetPlatform 'Lumin'
[2020.12.22-22.05.23:658][  0]LogTargetPlatformManager: Display: Loaded TargetPlatform 'LuminClient'
[2020.12.22-22.05.23:687][  0]LogTargetPlatformManager: Display: Loaded TargetPlatform 'TVOSClient'
[2020.12.22-22.05.23:687][  0]LogTargetPlatformManager: Display: Loaded TargetPlatform 'TVOS'
[2020.12.22-22.05.23:720][  0]LogTargetPlatformManager: Display: Loaded TargetPlatform 'WindowsNoEditor'
[2020.12.22-22.05.23:734][  0]LogTargetPlatformManager: Display: Loaded TargetPlatform 'Windows'
[2020.12.22-22.05.23:756][  0]LogTargetPlatformManager: Display: Loaded TargetPlatform 'WindowsClient'
[2020.12.22-22.05.23:769][  0]LogTargetPlatformManager: Display: Loaded TargetPlatform 'WindowsServer'
[2020.12.22-22.05.23:769][  0]LogTargetPlatformManager: Display: Building Assets For Windows
[2020.12.22-22.05.23:891][  0]LogAudioDebug: Display: Lib vorbis DLL was dynamically loaded.
[2020.12.22-22.05.24:498][  0]LogShaderCompilers: Guid format shader working directory is -13 characters bigger than the processId version (C:/Users/Kacper Misiek/Desktop/ProjektCplusplus/HereTheyCome/Intermediate/Shaders/WorkingDirectory/14488/).
[2020.12.22-22.05.24:499][  0]LogShaderCompilers: Cleaned the shader compiler working directory 'C:/Users/Kacper2/AppData/Local/Temp/UnrealShaderWorkingDir/97CEEA8B4833748FAA78AF982A2AD7ED/'.
[2020.12.22-22.05.24:531][  0]LogXGEController: Cannot use XGE Controller as Incredibuild is not installed on this machine.
[2020.12.22-22.05.24:532][  0]LogShaderCompilers: Cannot use XGE Shader Compiler as Incredibuild is not installed on this machine.
[2020.12.22-22.05.24:532][  0]LogShaderCompilers: Display: Using Local Shader Compiler.
[2020.12.22-22.05.27:426][  0]LogDerivedDataCache: Display: Max Cache Size: 512 MB
[2020.12.22-22.05.27:426][  0]LogDerivedDataCache: Display: Starting with empty Boot cache
[2020.12.22-22.05.27:427][  0]LogDerivedDataCache: FDerivedDataBackendGraph:  Pak pak cache file C:/Users/Kacper Misiek/Desktop/ProjektCplusplus/HereTheyCome/DerivedDataCache/DDC.ddp not found, will not use a pak cache.
[2020.12.22-22.05.27:427][  0]LogDerivedDataCache: Unable to find inner node Pak for hierarchical cache Hierarchy.
[2020.12.22-22.05.27:427][  0]LogDerivedDataCache: FDerivedDataBackendGraph:  CompressedPak pak cache file C:/Users/Kacper Misiek/Desktop/ProjektCplusplus/HereTheyCome/DerivedDataCache/Compressed.ddp not found, will not use a pak cache.
[2020.12.22-22.05.27:427][  0]LogDerivedDataCache: Unable to find inner node CompressedPak for hierarchical cache Hierarchy.
[2020.12.22-22.05.27:485][  0]LogDerivedDataCache: Display: Pak cache opened for reading ../../../Engine/DerivedDataCache/Compressed.ddp.
[2020.12.22-22.05.27:485][  0]LogDerivedDataCache: FDerivedDataBackendGraph:  EnterprisePak pak cache file ../../../Enterprise/DerivedDataCache/Compressed.ddp not found, will not use a pak cache.
[2020.12.22-22.05.27:485][  0]LogDerivedDataCache: Unable to find inner node EnterprisePak for hierarchical cache Hierarchy.
[2020.12.22-22.05.27:494][  0]LogDerivedDataCache: Using Local data cache path C:/Users/Kacper2/AppData/Local/UnrealEngine/Common/DerivedDataCache: Writable
[2020.12.22-22.05.27:494][  0]LogDerivedDataCache: Shared data cache path not found in *engine.ini, will not use an Shared cache.
[2020.12.22-22.05.27:494][  0]LogDerivedDataCache: Unable to find inner node Shared for hierarchical cache Hierarchy.
[2020.12.22-22.05.27:924][  0]LogSlate: Using FreeType 2.10.0
[2020.12.22-22.05.28:017][  0]LogSlate: SlateFontServices - WITH_FREETYPE: 1, WITH_HARFBUZZ: 1
[2020.12.22-22.05.29:037][  0]LogAssetRegistry: FAssetRegistry took 0.0071 seconds to start up
[2020.12.22-22.05.41:436][  0]LogInit: Selected Device Profile: [Windows]
[2020.12.22-22.05.43:944][  0]LogMeshReduction: Using QuadricMeshReduction for automatic static mesh reduction
[2020.12.22-22.05.43:944][  0]LogMeshReduction: Using SimplygonMeshReduction for automatic skeletal mesh reduction
[2020.12.22-22.05.43:944][  0]LogMeshReduction: Using ProxyLODMeshReduction for automatic mesh merging
[2020.12.22-22.05.43:944][  0]LogMeshReduction: No distributed automatic mesh merging module available
[2020.12.22-22.05.43:954][  0]LogMeshMerging: No distributed automatic mesh merging module available
[2020.12.22-22.05.44:814][  0]LogNetVersion: HereTheyCome 1.0.0, NetCL: 13144385, EngineNetVer: 14, GameNetVer: 0 (Checksum: 3118668702)
[2020.12.22-22.05.58:950][  0]LogDerivedDataCache: C:/Users/Kacper2/AppData/Local/UnrealEngine/Common/DerivedDataCache: Move collision, attempt at redundant update, OK C:/Users/Kacper2/AppData/Local/UnrealEngine/Common/DerivedDataCache/9/5/7/MESHDATAKEY_STATICMESH_940C97E946F545F5834146D0D58828BF_5D8926F5D9B086DECBF238AD967DFB1A.udd.
[2020.12.22-22.05.58:951][  0]LogDerivedDataCache: C:/Users/Kacper2/AppData/Local/UnrealEngine/Common/DerivedDataCache: Move collision, attempt at redundant update, OK C:/Users/Kacper2/AppData/Local/UnrealEngine/Common/DerivedDataCache/6/2/1/MESHDATAKEY_STATICMESH_940C97E946F545F5834146D0D58828BF_7E6F17A5E0B96E25BD275F48EE7DCDA6.udd.
[2020.12.22-22.05.58:951][  0]LogDerivedDataCache: C:/Users/Kacper2/AppData/Local/UnrealEngine/Common/DerivedDataCache: Move collision, attempt at redundant update, OK C:/Users/Kacper2/AppData/Local/UnrealEngine/Common/DerivedDataCache/3/1/2/MESHDATAKEY_STATICMESH_940C97E946F545F5834146D0D58828BF_8E83C5FF1A10FB13A03C876E0F730EB8.udd.
[2020.12.22-22.05.58:951][  0]LogDerivedDataCache: C:/Users/Kacper2/AppData/Local/UnrealEngine/Common/DerivedDataCache: Move collision, attempt at redundant update, OK C:/Users/Kacper2/AppData/Local/UnrealEngine/Common/DerivedDataCache/4/7/8/MESHDATAKEY_STATICMESH_940C97E946F545F5834146D0D58828BF_5452E92B70A1729B9C84F5FF8B1F48A0.udd.
[2020.12.22-22.05.58:951][  0]LogDerivedDataCache: C:/Users/Kacper2/AppData/Local/UnrealEngine/Common/DerivedDataCache: Move collision, attempt at redundant update, OK C:/Users/Kacper2/AppData/Local/UnrealEngine/Common/DerivedDataCache/9/1/2/MESHDATAKEY_STATICMESH_940C97E946F545F5834146D0D58828BF_1587ADF86410945E315603F244E6639C.udd.
[2020.12.22-22.05.58:951][  0]LogDerivedDataCache: C:/Users/Kacper2/AppData/Local/UnrealEngine/Common/DerivedDataCache: Move collision, attempt at redundant update, OK C:/Users/Kacper2/AppData/Local/UnrealEngine/Common/DerivedDataCache/4/0/4/MESHDATAKEY_STATICMESH_940C97E946F545F5834146D0D58828BF_F7E3DC0BC06AE383274EE089B59D1845.udd.
[2020.12.22-22.05.58:951][  0]LogDerivedDataCache: C:/Users/Kacper2/AppData/Local/UnrealEngine/Common/DerivedDataCache: Move collision, attempt at redundant update, OK C:/Users/Kacper2/AppData/Local/UnrealEngine/Common/DerivedDataCache/8/5/4/MESHDATAKEY_STATICMESH_940C97E946F545F5834146D0D58828BF_9562EB1DD0AC9739813D7AD0F3CEAC48.udd.
[2020.12.22-22.05.58:951][  0]LogDerivedDataCache: C:/Users/Kacper2/AppData/Local/UnrealEngine/Common/DerivedDataCache: Move collision, attempt at redundant update, OK C:/Users/Kacper2/AppData/Local/UnrealEngine/Common/DerivedDataCache/3/1/9/MESHDATAKEY_STATICMESH_940C97E946F545F5834146D0D58828BF_809C9FAA06027041E69DBC58131D9F28.udd.
[2020.12.22-22.05.58:951][  0]LogDerivedDataCache: C:/Users/Kacper2/AppData/Local/UnrealEngine/Common/DerivedDataCache: Move collision, attempt at redundant update, OK C:/Users/Kacper2/AppData/Local/UnrealEngine/Common/DerivedDataCache/3/9/1/MESHDATAKEY_STATICMESH_940C97E946F545F5834146D0D58828BF_05EC24BA2761B7A162C0723B7A6CA599.udd.
[2020.12.22-22.05.58:951][  0]LogDerivedDataCache: C:/Users/Kacper2/AppData/Local/UnrealEngine/Common/DerivedDataCache: Move collision, attempt at redundant update, OK C:/Users/Kacper2/AppData/Local/UnrealEngine/Common/DerivedDataCache/1/2/1/MESHDATAKEY_STATICMESH_940C97E946F545F5834146D0D58828BF_FD380ED1C6605424B9C14734B37BDE15.udd.
[2020.12.22-22.05.58:951][  0]LogAISub: UAISubsystem::UAISubsystem AISubsystem (0000018C442F9540), frame # 0
[2020.12.22-22.05.58:951][  0]LogAISub: UAISubsystem::UAISubsystem AIPerceptionSystem (0000018C440C7740), frame # 0
[2020.12.22-22.05.58:971][  0]LogAISub: UAISubsystem::UAISubsystem EnvQueryManager (0000018C44161A00), frame # 0
[2020.12.22-22.05.59:479][  0]LogFileManager: Warning: MoveFile was unable to move 'C:/Users/Kacper Misiek/Desktop/ProjektCplusplus/HereTheyCome/Intermediate/AssetRegistryCache/67f932d1.bin.tmp' to 'C:/Users/Kacper Misiek/Desktop/ProjektCplusplus/HereTheyCome/Intermediate/AssetRegistryCache/67f932d1.bin' (Error Code 32), retrying in .5s...
[2020.12.22-22.05.59:980][  0]LogFileManager: Warning: MoveFile was unable to move 'C:/Users/Kacper Misiek/Desktop/ProjektCplusplus/HereTheyCome/Intermediate/AssetRegistryCache/67f932d1.bin.tmp' to 'C:/Users/Kacper Misiek/Desktop/ProjektCplusplus/HereTheyCome/Intermediate/AssetRegistryCache/67f932d1.bin' (Error Code 2), retrying in .5s...
[2020.12.22-22.06.00:481][  0]LogFileManager: Warning: MoveFile was unable to move 'C:/Users/Kacper Misiek/Desktop/ProjektCplusplus/HereTheyCome/Intermediate/AssetRegistryCache/67f932d1.bin.tmp' to 'C:/Users/Kacper Misiek/Desktop/ProjektCplusplus/HereTheyCome/Intermediate/AssetRegistryCache/67f932d1.bin' (Error Code 2), retrying in .5s...
[2020.12.22-22.06.00:982][  0]LogFileManager: Warning: MoveFile was unable to move 'C:/Users/Kacper Misiek/Desktop/ProjektCplusplus/HereTheyCome/Intermediate/AssetRegistryCache/67f932d1.bin.tmp' to 'C:/Users/Kacper Misiek/Desktop/ProjektCplusplus/HereTheyCome/Intermediate/AssetRegistryCache/67f932d1.bin' (Error Code 2), retrying in .5s...
[2020.12.22-22.06.01:483][  0]LogFileManager: Warning: MoveFile was unable to move 'C:/Users/Kacper Misiek/Desktop/ProjektCplusplus/HereTheyCome/Intermediate/AssetRegistryCache/67f932d1.bin.tmp' to 'C:/Users/Kacper Misiek/Desktop/ProjektCplusplus/HereTheyCome/Intermediate/AssetRegistryCache/67f932d1.bin' (Error Code 2), retrying in .5s...
[2020.12.22-22.06.01:983][  0]LogFileManager: Warning: MoveFile was unable to move 'C:/Users/Kacper Misiek/Desktop/ProjektCplusplus/HereTheyCome/Intermediate/AssetRegistryCache/67f932d1.bin.tmp' to 'C:/Users/Kacper Misiek/Desktop/ProjektCplusplus/HereTheyCome/Intermediate/AssetRegistryCache/67f932d1.bin' (Error Code 2), retrying in .5s...
[2020.12.22-22.06.02:484][  0]LogFileManager: Warning: MoveFile was unable to move 'C:/Users/Kacper Misiek/Desktop/ProjektCplusplus/HereTheyCome/Intermediate/AssetRegistryCache/67f932d1.bin.tmp' to 'C:/Users/Kacper Misiek/Desktop/ProjektCplusplus/HereTheyCome/Intermediate/AssetRegistryCache/67f932d1.bin' (Error Code 2), retrying in .5s...
[2020.12.22-22.06.02:984][  0]LogFileManager: Warning: MoveFile was unable to move 'C:/Users/Kacper Misiek/Desktop/ProjektCplusplus/HereTheyCome/Intermediate/AssetRegistryCache/67f932d1.bin.tmp' to 'C:/Users/Kacper Misiek/Desktop/ProjektCplusplus/HereTheyCome/Intermediate/AssetRegistryCache/67f932d1.bin' (Error Code 2), retrying in .5s...
[2020.12.22-22.06.03:485][  0]LogFileManager: Warning: MoveFile was unable to move 'C:/Users/Kacper Misiek/Desktop/ProjektCplusplus/HereTheyCome/Intermediate/AssetRegistryCache/67f932d1.bin.tmp' to 'C:/Users/Kacper Misiek/Desktop/ProjektCplusplus/HereTheyCome/Intermediate/AssetRegistryCache/67f932d1.bin' (Error Code 2), retrying in .5s...
[2020.12.22-22.06.03:986][  0]LogFileManager: Warning: MoveFile was unable to move 'C:/Users/Kacper Misiek/Desktop/ProjektCplusplus/HereTheyCome/Intermediate/AssetRegistryCache/67f932d1.bin.tmp' to 'C:/Users/Kacper Misiek/Desktop/ProjektCplusplus/HereTheyCome/Intermediate/AssetRegistryCache/67f932d1.bin' (Error Code 2), retrying in .5s...
[2020.12.22-22.06.04:487][  0]LogFileManager: Error: Error moving file 'C:/Users/Kacper Misiek/Desktop/ProjektCplusplus/HereTheyCome/Intermediate/AssetRegistryCache/67f932d1.bin.tmp' to 'C:/Users/Kacper Misiek/Desktop/ProjektCplusplus/HereTheyCome/Intermediate/AssetRegistryCache/67f932d1.bin'.
[2020.12.22-22.06.04:531][  0]LogPackageLocalizationCache: Processed 19 localized package path(s) for 1 prioritized culture(s) in 5.062177 seconds
[2020.12.22-22.06.04:536][  0]LogUObjectArray: 15917 objects as part of root set at end of initial load.
[2020.12.22-22.06.04:536][  0]LogUObjectAllocator: 3965568 out of 0 bytes used by permanent object pool.
[2020.12.22-22.06.04:536][  0]LogUObjectArray: CloseDisregardForGC: 0/0 objects in disregard for GC pool
[2020.12.22-22.06.05:439][  0]LogTcpMessaging: Initializing TcpMessaging bridge
[2020.12.22-22.06.05:473][  0]LogUdpMessaging: Initializing bridge on interface 0.0.0.0:0 to multicast group 230.0.0.1:6666.
[2020.12.22-22.06.06:269][  0]LogConfig: Warning: Failed to saved backup for config[C:/Users/Kacper Misiek/Desktop/ProjektCplusplus/HereTheyCome/Intermediate/Config/CoalescedSourceConfigs/SourceControlSettings.ini]
[2020.12.22-22.06.06:298][  0]SourceControl: Source control is disabled
[2020.12.22-22.06.06:317][  0]SourceControl: Source control is disabled
[2020.12.22-22.06.06:408][  0]SourceControl: Source control is disabled
[2020.12.22-22.06.06:433][  0]SourceControl: Source control is disabled
[2020.12.22-22.06.06:481][  0]SourceControl: Source control is disabled
[2020.12.22-22.06.08:973][  0]LogAndroidPermission: UAndroidPermissionCallbackProxy::GetInstance
[2020.12.22-22.06.09:066][  0]LogAudioCaptureCore: Display: No Audio Capture implementations found. Audio input will be silent.
[2020.12.22-22.06.09:066][  0]LogAudioCaptureCore: Display: No Audio Capture implementations found. Audio input will be silent.
[2020.12.22-22.06.09:371][  0]LogOcInput: OculusInput pre-init called
[2020.12.22-22.06.09:422][  0]LogWindows: Failed to load 'OVRPlugin.dll' (GetLastError=126)
[2020.12.22-22.06.09:422][  0]LogWindows: File 'OVRPlugin.dll' does not exist
[2020.12.22-22.06.11:719][  0]LogEngine: Initializing Engine...
[2020.12.22-22.06.11:810][  0]LogHMD: Failed to initialize OpenVR with code 110
[2020.12.22-22.06.11:815][  0]LogMagicLeap: Warning: VR disabled because ZI is not enabled.  To enable, in the editor, Edit -> Project Settings -> Plugins -> Magic Leap Plugin -> Enable Zero Iteration
[2020.12.22-22.06.11:888][  0]LogStats: UGameplayTagsManager::InitializeManager -  0.016 s
[2020.12.22-22.06.13:167][  0]LogInit: Initializing FReadOnlyCVARCache
[2020.12.22-22.06.14:073][  0]LogAIModule: Creating AISystem for world Untitled
[2020.12.22-22.06.14:073][  0]LogAISub: UAISubsystem::UAISubsystem EnvQueryManager (0000018C47C2FC00), frame # 0
[2020.12.22-22.06.14:073][  0]LogAISub: UAISubsystem::UAISubsystem AIPerceptionSystem (0000018C47C37B00), frame # 0
[2020.12.22-22.06.14:386][  0]LogAudioMixer: Display: Audio Mixer Platform Settings:
[2020.12.22-22.06.14:386][  0]LogAudioMixer: Display: 	Sample Rate:						  48000
[2020.12.22-22.06.14:386][  0]LogAudioMixer: Display: 	Callback Buffer Frame Size Requested: 1024
[2020.12.22-22.06.14:386][  0]LogAudioMixer: Display: 	Callback Buffer Frame Size To Use:	  1024
[2020.12.22-22.06.14:386][  0]LogAudioMixer: Display: 	Number of buffers to queue:			  2
[2020.12.22-22.06.14:386][  0]LogAudioMixer: Display: 	Max Channels (voices):				  32
[2020.12.22-22.06.14:386][  0]LogAudioMixer: Display: 	Number of Async Source Workers:		  0
[2020.12.22-22.06.14:386][  0]LogAudio: Display: AudioDevice MaxSources: 32
[2020.12.22-22.06.14:389][  0]LogAudio: Display: Using built-in audio occlusion.
[2020.12.22-22.06.14:389][  0]LogAudioMixer: Display: Initializing audio mixer.
[2020.12.22-22.06.14:507][  0]LogAudioMixer: Display: 0: FrontLeft
[2020.12.22-22.06.14:507][  0]LogAudioMixer: Display: 1: FrontRight
[2020.12.22-22.06.14:507][  0]LogAudioMixer: Display: 2: FrontCenter
[2020.12.22-22.06.14:507][  0]LogAudioMixer: Display: 3: LowFrequency
[2020.12.22-22.06.14:507][  0]LogAudioMixer: Display: 4: BackLeft
[2020.12.22-22.06.14:507][  0]LogAudioMixer: Display: 5: BackRight
[2020.12.22-22.06.14:507][  0]LogAudioMixer: Display: 6: SideLeft
[2020.12.22-22.06.14:507][  0]LogAudioMixer: Display: 7: SideRight
[2020.12.22-22.06.14:621][  0]LogAudioMixer: Display: Using Audio Device Głośniki (Sharkoon SKILLER SGH30)
[2020.12.22-22.06.14:638][  0]LogAudioMixer: Display: Initializing Sound Submixes...
[2020.12.22-22.06.14:683][  0]LogAudioMixer: Display: Creating Master Submix 'MasterSubmixDefault'
[2020.12.22-22.06.14:692][  0]LogAudioMixer: Display: Creating Master Submix 'MasterReverbSubmixDefault'
[2020.12.22-22.06.14:711][  0]LogAudioMixer: Display: Creating Master Submix 'MasterEQSubmixDefault'
[2020.12.22-22.06.14:713][  0]LogInit: FAudioDevice initialized.
[2020.12.22-22.06.14:732][  0]LogNetVersion: Set ProjectVersion to 1.0.0.0. Version Checksum will be recalculated on next use.
[2020.12.22-22.06.14:733][  0]LogDerivedDataCache: Error: Could not save memory cache C:/Users/Kacper2/AppData/Local/UnrealEngine/4.25/DerivedDataCache/Boot.ddc.
[2020.12.22-22.06.14:733][  0]LogInit: Texture streaming: Enabled
[2020.12.22-22.06.14:949][  0]LogEngineSessionManager: EngineSessionManager initialized
[2020.12.22-22.06.14:949][  0]LogEditorSessionSummary: Verbose: Initializing EditorSessionSummaryWriter for editor session tracking
[2020.12.22-22.06.15:666][  0]LogInit: Transaction tracking system initialized
[2020.12.22-22.06.18:427][  0]BlueprintLog: New page: Editor Load
[2020.12.22-22.06.23:987][  0]LocalizationService: Localization service is disabled
[2020.12.22-22.06.30:369][  0]LogFileCache: Scanning file cache for directory 'C:/Users/Kacper Misiek/Desktop/ProjektCplusplus/HereTheyCome/Content/' took 0.07s
[2020.12.22-22.06.30:369][  0]LogCook: Display: Max memory allowance for cook 16384mb min free memory 0mb
[2020.12.22-22.06.30:371][  0]LogCook: Display: Mobile HDR setting 1
[2020.12.22-22.06.33:023][  0]LogDerivedDataCache: C:/Users/Kacper2/AppData/Local/UnrealEngine/Common/DerivedDataCache: Move collision, attempt at redundant update, OK C:/Users/Kacper2/AppData/Local/UnrealEngine/Common/DerivedDataCache/6/3/5/MESHDATAKEY_STATICMESH_940C97E946F545F5834146D0D58828BF_2157D1F4844CE3E70070CA7D58D10412.udd.
[2020.12.22-22.06.34:139][  0]LogDerivedDataCache: C:/Users/Kacper2/AppData/Local/UnrealEngine/Common/DerivedDataCache: Move collision, attempt at redundant update, OK C:/Users/Kacper2/AppData/Local/UnrealEngine/Common/DerivedDataCache/2/2/9/MESHDATAKEY_STATICMESH_940C97E946F545F5834146D0D58828BF_2E91A85898AF5E229CA7ABE6BAD5BCAF.udd.
[2020.12.22-22.06.39:052][  0]SourceControl: Source control is disabled
[2020.12.22-22.06.39:099][  0]LogUnrealEdMisc: Loading editor; pre map load, took 82.286
[2020.12.22-22.06.39:254][  0]Cmd: MAP LOAD FILE="C:/Users/Kacper Misiek/Desktop/ProjektCplusplus/HereTheyCome/Content/PuzzleBP/Maps/PuzzleExampleMap.umap" TEMPLATE=0 SHOWPROGRESS=1 FEATURELEVEL=3
[2020.12.22-22.06.39:325][  0]LightingResults: New page: Lighting Build
[2020.12.22-22.06.39:867][  0]LogWorld: UWorld::CleanupWorld for Untitled, bSessionEnded=true, bCleanupResources=true
[2020.12.22-22.06.39:914][  0]LogSlate: InvalidateAllWidgets triggered.  All widgets were invalidated
[2020.12.22-22.06.40:075][  0]MapCheck: New page: Map Check
[2020.12.22-22.06.40:075][  0]LightingResults: New page: Lighting Build
[2020.12.22-22.06.42:651][  0]LogAISub: UAISubsystem::~UAISubsystem EnvQueryManager (0000018C47C2FC00), frame # 0
[2020.12.22-22.06.42:656][  0]LogAISub: UAISubsystem::~UAISubsystem AIPerceptionSystem (0000018C47C37B00), frame # 0
[2020.12.22-22.06.42:702][  0]LogUObjectHash: Compacting FUObjectHashTables data took   0.66ms
[2020.12.22-22.06.50:123][  0]LogTexture: Display: Building textures: T_Master_Grunt_M (AutoDXT, 2048X2048)
[2020.12.22-22.06.50:123][  0]LogTexture: Display: Building textures: T_Master_Grunt_N (BC5, 2048X2048)
[2020.12.22-22.06.50:123][  0]LogTexture: Display: Building textures: T_Landscape_Pebbles_N (BC5, 512X512)
[2020.12.22-22.06.50:123][  0]LogTexture: Display: Building textures: T_Landscape_Pebbles_DH (AutoDXT, 512X512)
[2020.12.22-22.06.50:123][  0]LogTexture: Display: Building textures: T_Landscape_Grass_N (BC5, 512X512)
[2020.12.22-22.06.50:123][  0]LogTexture: Display: Building textures: T_Landscape_Grass_DH (AutoDXT, 512X512)
[2020.12.22-22.06.50:123][  0]LogTexture: Display: Building textures: T_Master_Grunt_D (AutoDXT, 2048X2048)
[2020.12.22-22.07.08:138][  0]LogTexture: Display: Building textures: T_Pack_06_N (BC5, 4096X4096)
[2020.12.22-22.07.08:243][  0]LogTexture: Display: Building textures: T_Pack_06_D (AutoDXT, 4096X4096)
[2020.12.22-22.07.08:243][  0]LogAudioMixer: Display: Audio Buffer Underrun detected.
[2020.12.22-22.07.08:245][  0]LogAudioMixer: Display: Audio Buffer Underrun detected.
[2020.12.22-22.07.08:245][  0]LogAudioMixer: Display: Audio Buffer Underrun detected.
[2020.12.22-22.07.08:245][  0]LogTexture: Display: Building textures: T_Pack_04_RM (AutoDXT, 4096X4096)
[2020.12.22-22.07.18:697][  0]LogTexture: Display: Building textures: T_Pack_06_RM (AutoDXT, 4096X4096)
[2020.12.22-22.07.18:697][  0]LogMaterial: Display: Missing cached shader map for material M_Uber_Cutout_Wind, compiling. 
[2020.12.22-22.07.24:270][  0]LogShaderCompilers: Display: Worker (1/3): shaders left to compile 97
[2020.12.22-22.07.24:270][  0]LogShaderCompilers: Display: Worker (2/3): shaders left to compile 87
[2020.12.22-22.07.24:270][  0]LogShaderCompilers: Display: Worker (3/3): shaders left to compile 77
[2020.12.22-22.07.24:270][  0]LogStaticMesh: Building static mesh SM_Tree_Var01...
[2020.12.22-22.07.24:477][  0]LogStaticMesh: Built static mesh [0.26s] /Game/AdvancedVillagePack/Meshes/SM_Tree_Var01.SM_Tree_Var01
[2020.12.22-22.07.24:662][  0]LogStaticMesh: Building static mesh SM_Stonepath_Var03...
[2020.12.22-22.07.24:671][  0]LogStaticMesh: Built static mesh [0.01s] /Game/AdvancedVillagePack/Meshes/SM_Stonepath_Var03.SM_Stonepath_Var03
[2020.12.22-22.07.24:705][  0]LogTexture: Display: Building textures: T_Landscape_Soil_DH (AutoDXT, 512X512)
[2020.12.22-22.07.25:411][  0]LogTexture: Display: Building textures: T_Landscape_Soil_N (BC5, 512X512)
[2020.12.22-22.07.25:496][  0]LogMaterial: Display: Missing cached shader map for material M_Landscape, compiling. 
[2020.12.22-22.07.29:924][  0]LogTexture: Display: Building textures: T_Pack_01_D (AutoDXT, 4096X4096)
[2020.12.22-22.08.09:431][  0]LogTexture: Display: Building textures: T_Pack_04_N (BC5, 4096X4096)
[2020.12.22-22.08.09:431][  0]LogAudioMixer: Display: Audio Buffer Underrun detected.
[2020.12.22-22.08.09:432][  0]LogAudioMixer: Display: Audio Buffer Underrun detected.
[2020.12.22-22.08.09:432][  0]LogAudioMixer: Display: Audio Buffer Underrun detected.
[2020.12.22-22.08.09:432][  0]LogAudioMixer: Display: Audio Buffer Underrun detected.
[2020.12.22-22.08.09:432][  0]LogTexture: Display: Building textures: T_Pack_04_E (AutoDXT, 4096X4096)
[2020.12.22-22.08.09:432][  0]LogTexture: Display: Building textures: T_Pack_04_D (AutoDXT, 4096X4096)
[2020.12.22-22.08.09:432][  0]LogTexture: Display: Building textures: solar_panel_texture_001 (AutoDXT, 4096X4096)
[2020.12.22-22.08.10:156][  0]LogTexture: Display: Building textures: T_Pack_01_RM (AutoDXT, 4096X4096)
[2020.12.22-22.08.41:943][  0]LogDerivedDataCache: C:/Users/Kacper2/AppData/Local/UnrealEngine/Common/DerivedDataCache: Move collision, attempt at redundant update, OK C:/Users/Kacper2/AppData/Local/UnrealEngine/Common/DerivedDataCache/7/8/2/TEXTURE_564290F8998644E39A2118D5C683187B_AUTODXT_F0EC1013494CEE7660EA86AB76EF2__A8A9407BB07F7B0D2DC7F8FC1F65B46CCB59281E.udd.
[2020.12.22-22.08.41:949][  0]LogDerivedDataCache: Warning: C:/Users/Kacper2/AppData/Local/UnrealEngine/Common/DerivedDataCache is very slow (0.00MB/s) when accessing C:/Users/Kacper2/AppData/Local/UnrealEngine/Common/DerivedDataCache/3/3/7/TEXTURE_564290F8998644E39A2118D5C683187B_AUTODXT_313217FD4B854AE12EE42E8478DB8__27B6CA6CEE128DBED2000C4761141C407679144E.udd, consider disabling it.
[2020.12.22-22.08.42:878][  0]LogTexture: Display: Building textures: T_Pack_01_N (BC5, 4096X4096)
[2020.12.22-22.08.49:692][  0]LogDerivedDataCache: Warning: C:/Users/Kacper2/AppData/Local/UnrealEngine/Common/DerivedDataCache is very slow (0.00MB/s) when accessing C:/Users/Kacper2/AppData/Local/UnrealEngine/Common/DerivedDataCache/5/8/4/TEXTURE_564290F8998644E39A2118D5C683187B_BC5_1AD1A89D44704896F1BB3B9D30EBF3A5___0BA0C40B6AC66C7728CFA33B5368FB6C11DD42A8.udd, consider disabling it.
[2020.12.22-22.08.49:692][  0]LogTexture: Display: Building textures: T_Pack_03_D (AutoDXT, 4096X4096)
[2020.12.22-22.08.51:538][  0]LogMaterial: Display: Missing cached shader map for material M_Uber, compiling. 
[2020.12.22-22.08.55:392][  0]LogStaticMesh: Building static mesh SM_Logs_Var01...
[2020.12.22-22.08.55:539][  0]LogStaticMesh: Built static mesh [0.15s] /Game/AdvancedVillagePack/Meshes/SM_Logs_Var01.SM_Logs_Var01
[2020.12.22-22.08.55:548][  0]LogStaticMesh: Building static mesh SM_Stonepath_Var02...
[2020.12.22-22.08.55:556][  0]LogStaticMesh: Built static mesh [0.01s] /Game/AdvancedVillagePack/Meshes/SM_Stonepath_Var02.SM_Stonepath_Var02
[2020.12.22-22.08.55:560][  0]LogStaticMesh: Building static mesh SM_Stonepath_Var01...
[2020.12.22-22.08.55:568][  0]LogStaticMesh: Built static mesh [0.01s] /Game/AdvancedVillagePack/Meshes/SM_Stonepath_Var01.SM_Stonepath_Var01
[2020.12.22-22.08.55:573][  0]LogStaticMesh: Building static mesh SM_Logs_Var02...
[2020.12.22-22.08.55:689][  0]LogStaticMesh: Built static mesh [0.12s] /Game/AdvancedVillagePack/Meshes/SM_Logs_Var02.SM_Logs_Var02
[2020.12.22-22.08.55:704][  0]LogStaticMesh: Building static mesh SM_House_Var01...
[2020.12.22-22.08.55:883][  0]LogStaticMesh: Built static mesh [0.18s] /Game/AdvancedVillagePack/Meshes/SM_House_Var01.SM_House_Var01
[2020.12.22-22.08.55:894][  0]LogStaticMesh: Building static mesh SM_Bucket...
[2020.12.22-22.08.55:912][  0]LogStaticMesh: Built static mesh [0.02s] /Game/AdvancedVillagePack/Meshes/SM_Bucket.SM_Bucket
[2020.12.22-22.08.55:933][  0]LogStaticMesh: Building static mesh SM_Barrel...
[2020.12.22-22.08.55:994][  0]LogStaticMesh: Built static mesh [0.06s] /Game/AdvancedVillagePack/Meshes/SM_Barrel.SM_Barrel
[2020.12.22-22.08.55:999][  0]LogMaterial: Display: Missing cached shader map for material gray_metal, compiling. 
[2020.12.22-22.08.56:008][  0]LogMaterial: Display: Missing cached shader map for material Chrome, compiling. 
[2020.12.22-22.08.56:018][  0]LogMaterial: Display: Missing cached shader map for material blue_solar_panels, compiling. 
[2020.12.22-22.08.56:047][  0]LogMaterial: Display: Missing cached shader map for material blue_emission, compiling. 
[2020.12.22-22.08.56:058][  0]LogMaterial: Display: Missing cached shader map for material black_screen, compiling. 
[2020.12.22-22.08.56:070][  0]LogStaticMesh: Building static mesh photovoltaic_sunshade...
[2020.12.22-22.08.56:252][  0]LogStaticMesh: Built static mesh [0.18s] /Game/VillageDefense/Player/Turrets/Generator/photovoltaic_sunshade.photovoltaic_sunshade
[2020.12.22-22.08.56:326][  0]LogMaterial: Display: Missing cached shader map for material default5, compiling. 
[2020.12.22-22.08.56:334][  0]LogMaterial: Display: Missing cached shader map for material default3, compiling. 
[2020.12.22-22.08.56:343][  0]LogMaterial: Display: Missing cached shader map for material default2, compiling. 
[2020.12.22-22.08.56:351][  0]LogStaticMesh: Building static mesh Machine_gun...
[2020.12.22-22.08.56:608][  0]LogStaticMesh: Built static mesh [0.26s] /Game/VillageDefense/Player/Turrets/LowRangedTurret/Machine_gun.Machine_gun
[2020.12.22-22.09.10:946][  0]LogDerivedDataCache: Warning: C:/Users/Kacper2/AppData/Local/UnrealEngine/Common/DerivedDataCache is very slow (0.00MB/s) when accessing C:/Users/Kacper2/AppData/Local/UnrealEngine/Common/DerivedDataCache/1/8/3/TEXTURE_564290F8998644E39A2118D5C683187B_AUTODXT_F9C7A58D46A5027D9CAA7ABF35A36__26282FAFAC0E7E9CBE2FC0D330612A6BEB3AB11E.udd, consider disabling it.
[2020.12.22-22.09.10:946][  0]LogDerivedDataCache: Warning: C:/Users/Kacper2/AppData/Local/UnrealEngine/Common/DerivedDataCache is very slow (0.00MB/s) when accessing C:/Users/Kacper2/AppData/Local/UnrealEngine/Common/DerivedDataCache/9/1/5/TEXTURE_564290F8998644E39A2118D5C683187B_G8_905DA73F412DCCF8623526A0F3DD6620_0__441274EE1CA0BDDA0736921E9DB1504D7075AC91.udd, consider disabling it.
[2020.12.22-22.09.10:946][  0]LogMaterial: Display: Missing cached shader map for material Main_color_02, compiling. 
[2020.12.22-22.09.10:955][  0]LogMaterial: Display: Missing cached shader map for material Main_color_01, compiling. 
[2020.12.22-22.09.10:964][  0]LogStaticMesh: Building static mesh gun_TBS_001C...
[2020.12.22-22.09.11:130][  0]LogStaticMesh: Built static mesh [0.17s] /Game/VillageDefense/Player/Turrets/HighRangedTurret/gun_TBS_001C.gun_TBS_001C
[2020.12.22-22.09.11:413][  0]LogTexture: Display: Building textures: T_Gruntling_Avalanche_D (AutoDXT, 1024X1024)
[2020.12.22-22.09.11:413][  0]LogMaterial: Display: Missing cached shader map for material M_ky_waterDust02, compiling. 
[2020.12.22-22.09.12:506][  0]LogMaterial: Display: Missing cached shader map for material M_ky_flare_flash, compiling. 
[2020.12.22-22.09.12:601][  0]LogMaterial: Display: Missing cached shader map for material M_ky_flare_flash, compiling. 
[2020.12.22-22.09.12:619][  0]LogMaterial: Display: Missing cached shader map for material M_ky_smoke01, compiling. 
[2020.12.22-22.09.12:634][  0]LogStaticMesh: Building static mesh SM_ky_quad_centerRot...
[2020.12.22-22.09.12:634][  0]LogStaticMesh: Built static mesh [0.00s] /Game/FXVarietyPack/Meshes/SM_ky_quad_centerRot.SM_ky_quad_centerRot
[2020.12.22-22.09.12:709][  0]LogMaterial: Display: Missing cached shader map for material M_ky_polar, compiling. 
[2020.12.22-22.09.12:791][  0]LogMaterial: Display: Missing cached shader map for material M_ky_polar, compiling. 
[2020.12.22-22.09.12:815][  0]LogMaterial: Display: Missing cached shader map for material M_ky_empty, compiling. 
[2020.12.22-22.09.13:958][  0]LogMaterial: Display: Missing cached shader map for material M_Landscape, compiling. 
[2020.12.22-22.09.13:992][  0]LogMaterial: Display: Missing cached shader map for material M_Landscape, compiling. 
[2020.12.22-22.09.14:086][  0]LogMaterial: Display: Missing cached shader map for material M_Pfx_TranslucentLit, compiling. 
[2020.12.22-22.09.15:112][  0]LogMaterial: Display: Missing cached shader map for material M_ky_polar, compiling. 
[2020.12.22-22.09.15:133][  0]LogMaterial: Display: Missing cached shader map for material M_ky_aura9, compiling. 
[2020.12.22-22.09.15:160][  0]LogMaterial: Display: Missing cached shader map for material M_ky_aura9, compiling. 
[2020.12.22-22.09.15:182][  0]LogMaterial: Display: Missing cached shader map for material M_ky_flareVert, compiling. 
[2020.12.22-22.09.15:197][  0]LogMaterial: Display: Missing cached shader map for material M_ky_flarePillar, compiling. 
[2020.12.22-22.09.15:219][  0]LogMaterial: Display: Missing cached shader map for material CharM_Master_Grunt, compiling. 
[2020.12.22-22.09.15:492][  0]LogSkeletalMesh: Building Skeletal Mesh SK_Master_Grunt...
[2020.12.22-22.09.15:561][  0]LogSkeletalMesh: Built Skeletal Mesh [0.21s] /Game/InfinityBladeAdversaries/Enemy/Enemy_Master_Grunt/SK_Master_Grunt.SK_Master_Grunt
[2020.12.22-22.09.15:712][  0]LogMaterial: Display: Missing cached shader map for material CharM_Gruntling_Avalanche, compiling. 
[2020.12.22-22.09.15:794][  0]LogSkeletalMesh: Building Skeletal Mesh SK_Gruntling_Avalanche...
[2020.12.22-22.09.15:800][  0]LogSkeletalMesh: Built Skeletal Mesh [0.01s] /Game/InfinityBladeAdversaries/Enemy/Enemy_Gruntling_Avalanche/SK_Gruntling_Avalanche.SK_Gruntling_Avalanche
[2020.12.22-22.09.15:871][  0]LogMaterial: Display: Missing cached shader map for material M_ky_primitive_dyn2, compiling. 
[2020.12.22-22.09.15:894][  0]LogAnimationCompression: Building Anim DDC data for AnimSequence /Game/InfinityBladeAdversaries/Enemy/Enemy_Gruntling_Avalanche/Enemy_Gruntling_Avalanche_Animation/ExoGame_Gruntling_Walk.ExoGame_Gruntling_Walk
[2020.12.22-22.09.15:894][  0]LogMaterial: Display: Missing cached shader map for material M_ky_primitive_dyn2, compiling. 
[2020.12.22-22.09.15:921][  0]LogMaterial: Display: Missing cached shader map for material M_ky_primitive, compiling. 
[2020.12.22-22.09.15:965][  0]LogMaterial: Display: Missing cached shader map for material M_ky_base_turbulence, compiling. 
[2020.12.22-22.09.18:681][  0]LogAIModule: Creating AISystem for world PuzzleExampleMap
[2020.12.22-22.09.18:748][  0]LogAISub: UAISubsystem::UAISubsystem EnvQueryManager (0000018C6CF6BE00), frame # 0
[2020.12.22-22.09.18:844][  0]LogAISub: UAISubsystem::UAISubsystem AIPerceptionSystem (0000018C64F016C0), frame # 0
[2020.12.22-22.09.29:264][  0]LogShaderCompilers: Display: Worker (2/3): shaders left to compile 1188
[2020.12.22-22.09.29:264][  0]LogShaderCompilers: Display: Worker (1/3): shaders left to compile 1178
[2020.12.22-22.09.29:264][  0]LogShaderCompilers: Display: Worker (3/3): shaders left to compile 1168
